<?xml version="1.0" encoding="UTF-8"?>
<coverage generated="1767349919275" clover="3.2.0">
  <project timestamp="1767349919275" name="All files">
    <metrics statements="280" coveredstatements="201" conditionals="433" coveredconditionals="255" methods="99" coveredmethods="64" elements="812" coveredelements="520" complexity="0" loc="280" ncloc="280" packages="3" files="14" classes="14"/>
    <package name="assets">
      <metrics statements="0" coveredstatements="0" conditionals="0" coveredconditionals="0" methods="0" coveredmethods="0"/>
      <file name="Sahil.jpg" path="/Users/sahilbasra/my-portfolio/src/assets/Sahil.jpg">
        <metrics statements="0" coveredstatements="0" conditionals="0" coveredconditionals="0" methods="0" coveredmethods="0"/>
      </file>
    </package>
    <package name="components">
      <metrics statements="266" coveredstatements="193" conditionals="416" coveredconditionals="251" methods="94" coveredmethods="61"/>
      <file name="About.jsx" path="/Users/sahilbasra/my-portfolio/src/components/About.jsx">
        <metrics statements="4" coveredstatements="4" conditionals="14" coveredconditionals="7" methods="2" coveredmethods="2"/>
        <line num="6" count="7" type="stmt"/>
        <line num="8" count="7" type="stmt"/>
        <line num="50" count="7" type="stmt"/>
        <line num="52" count="7" type="stmt"/>
      </file>
      <file name="Contact.jsx" path="/Users/sahilbasra/my-portfolio/src/components/Contact.jsx">
        <metrics statements="103" coveredstatements="86" conditionals="130" coveredconditionals="92" methods="19" coveredmethods="11"/>
        <line num="7" count="55" type="stmt"/>
        <line num="8" count="55" type="stmt"/>
        <line num="15" count="55" type="stmt"/>
        <line num="16" count="55" type="stmt"/>
        <line num="17" count="55" type="stmt"/>
        <line num="18" count="55" type="stmt"/>
        <line num="20" count="55" type="stmt"/>
        <line num="21" count="23" type="stmt"/>
        <line num="22" count="23" type="stmt"/>
        <line num="24" count="23" type="cond" truecount="2" falsecount="0"/>
        <line num="25" count="1" type="stmt"/>
        <line num="29" count="55" type="stmt"/>
        <line num="30" count="1" type="stmt"/>
        <line num="32" count="1" type="cond" truecount="3" falsecount="1"/>
        <line num="33" count="1" type="cond" truecount="1" falsecount="1"/>
        <line num="34" count="1" type="stmt"/>
        <line num="35" count="1" type="stmt"/>
        <line num="36" count="1" type="stmt"/>
        <line num="37" count="1" type="stmt"/>
        <line num="38" count="1" type="stmt"/>
        <line num="42" count="0" type="stmt"/>
        <line num="45" count="55" type="stmt"/>
        <line num="47" count="4" type="cond" truecount="4" falsecount="0"/>
        <line num="48" count="1" type="stmt"/>
        <line num="49" count="1" type="stmt"/>
        <line num="50" count="1" type="stmt"/>
        <line num="51" count="1" type="stmt"/>
        <line num="54" count="3" type="cond" truecount="2" falsecount="0"/>
        <line num="55" count="2" type="stmt"/>
        <line num="56" count="2" type="cond" truecount="2" falsecount="0"/>
        <line num="57" count="1" type="stmt"/>
        <line num="58" count="1" type="stmt"/>
        <line num="59" count="1" type="cond" truecount="1" falsecount="1"/>
        <line num="60" count="0" type="stmt"/>
        <line num="61" count="0" type="stmt"/>
        <line num="62" count="1" type="cond" truecount="3" falsecount="1"/>
        <line num="63" count="1" type="stmt"/>
        <line num="64" count="1" type="stmt"/>
        <line num="67" count="2" type="cond" truecount="1" falsecount="1"/>
        <line num="68" count="2" type="stmt"/>
        <line num="69" count="2" type="stmt"/>
        <line num="73" count="3" type="cond" truecount="2" falsecount="0"/>
        <line num="74" count="1" type="stmt"/>
        <line num="75" count="1" type="cond" truecount="1" falsecount="1"/>
        <line num="76" count="1" type="stmt"/>
        <line num="77" count="1" type="stmt"/>
        <line num="78" count="0" type="cond" truecount="0" falsecount="2"/>
        <line num="79" count="0" type="stmt"/>
        <line num="80" count="0" type="stmt"/>
        <line num="81" count="0" type="cond" truecount="0" falsecount="4"/>
        <line num="82" count="0" type="stmt"/>
        <line num="83" count="0" type="stmt"/>
        <line num="84" count="0" type="cond" truecount="0" falsecount="2"/>
        <line num="85" count="0" type="stmt"/>
        <line num="86" count="0" type="stmt"/>
        <line num="89" count="1" type="cond" truecount="1" falsecount="1"/>
        <line num="90" count="1" type="stmt"/>
        <line num="91" count="1" type="stmt"/>
        <line num="96" count="55" type="stmt"/>
        <line num="97" count="1" type="stmt"/>
        <line num="100" count="55" type="stmt"/>
        <line num="101" count="7" type="stmt"/>
        <line num="103" count="7" type="cond" truecount="1" falsecount="1"/>
        <line num="105" count="7" type="stmt"/>
        <line num="107" count="7" type="stmt"/>
        <line num="109" count="7" type="cond" truecount="2" falsecount="0"/>
        <line num="110" count="7" type="cond" truecount="4" falsecount="0"/>
        <line num="112" count="1" type="stmt"/>
        <line num="114" count="7" type="cond" truecount="2" falsecount="0"/>
        <line num="115" count="7" type="cond" truecount="2" falsecount="0"/>
        <line num="117" count="7" type="stmt"/>
        <line num="119" count="7" type="cond" truecount="2" falsecount="0"/>
        <line num="120" count="4" type="stmt"/>
        <line num="122" count="4" type="stmt"/>
        <line num="123" count="4" type="stmt"/>
        <line num="124" count="4" type="stmt"/>
        <line num="125" count="4" type="stmt"/>
        <line num="126" count="4" type="stmt"/>
        <line num="127" count="4" type="stmt"/>
        <line num="128" count="4" type="stmt"/>
        <line num="129" count="4" type="stmt"/>
        <line num="131" count="4" type="stmt"/>
        <line num="139" count="4" type="cond" truecount="2" falsecount="0"/>
        <line num="140" count="3" type="stmt"/>
        <line num="141" count="3" type="stmt"/>
        <line num="143" count="3" type="stmt"/>
        <line num="144" count="0" type="stmt"/>
        <line num="145" count="0" type="stmt"/>
        <line num="148" count="1" type="stmt"/>
        <line num="151" count="1" type="stmt"/>
        <line num="152" count="1" type="stmt"/>
        <line num="153" count="1" type="stmt"/>
        <line num="156" count="3" type="stmt"/>
        <line num="160" count="55" type="stmt"/>
        <line num="261" count="55" type="stmt"/>
        <line num="263" count="55" type="stmt"/>
        <line num="323" count="0" type="stmt"/>
        <line num="340" count="1" type="stmt"/>
        <line num="341" count="1" type="stmt"/>
        <line num="359" count="2" type="stmt"/>
        <line num="360" count="0" type="stmt"/>
        <line num="388" count="1" type="stmt"/>
        <line num="389" count="0" type="stmt"/>
      </file>
      <file name="Experience.jsx" path="/Users/sahilbasra/my-portfolio/src/components/Experience.jsx">
        <metrics statements="12" coveredstatements="8" conditionals="30" coveredconditionals="15" methods="8" coveredmethods="3"/>
        <line num="6" count="1" type="stmt"/>
        <line num="34" count="6" type="stmt"/>
        <line num="35" count="6" type="stmt"/>
        <line num="37" count="6" type="stmt"/>
        <line num="38" count="0" type="stmt"/>
        <line num="44" count="6" type="stmt"/>
        <line num="136" count="6" type="stmt"/>
        <line num="138" count="6" type="stmt"/>
        <line num="152" count="18" type="stmt"/>
        <line num="173" count="0" type="stmt"/>
        <line num="178" count="0" type="stmt"/>
        <line num="179" count="0" type="stmt"/>
      </file>
      <file name="Footer.jsx" path="/Users/sahilbasra/my-portfolio/src/components/Footer.jsx">
        <metrics statements="1" coveredstatements="1" conditionals="0" coveredconditionals="0" methods="1" coveredmethods="1"/>
        <line num="2" count="2" type="stmt"/>
      </file>
      <file name="Hero.jsx" path="/Users/sahilbasra/my-portfolio/src/components/Hero.jsx">
        <metrics statements="6" coveredstatements="4" conditionals="48" coveredconditionals="24" methods="4" coveredmethods="2"/>
        <line num="6" count="9" type="stmt"/>
        <line num="8" count="9" type="stmt"/>
        <line num="117" count="9" type="stmt"/>
        <line num="119" count="9" type="stmt"/>
        <line num="201" count="0" type="stmt"/>
        <line num="225" count="0" type="stmt"/>
      </file>
      <file name="Navbar.jsx" path="/Users/sahilbasra/my-portfolio/src/components/Navbar.jsx">
        <metrics statements="104" coveredstatements="56" conditionals="86" coveredconditionals="56" methods="43" coveredmethods="26"/>
        <line num="6" count="2" type="stmt"/>
        <line num="18" count="43" type="stmt"/>
        <line num="19" count="43" type="stmt"/>
        <line num="20" count="43" type="stmt"/>
        <line num="21" count="43" type="stmt"/>
        <line num="22" count="43" type="stmt"/>
        <line num="23" count="43" type="stmt"/>
        <line num="24" count="43" type="stmt"/>
        <line num="25" count="43" type="stmt"/>
        <line num="27" count="43" type="stmt"/>
        <line num="28" count="4" type="cond" truecount="1" falsecount="1"/>
        <line num="30" count="4" type="stmt"/>
        <line num="31" count="4" type="stmt"/>
        <line num="32" count="32" type="cond" truecount="2" falsecount="0"/>
        <line num="33" count="170" type="stmt"/>
        <line num="37" count="43" type="stmt"/>
        <line num="38" count="0" type="stmt"/>
        <line num="39" count="0" type="stmt"/>
        <line num="42" count="0" type="stmt"/>
        <line num="43" count="0" type="cond" truecount="0" falsecount="2"/>
        <line num="44" count="0" type="stmt"/>
        <line num="48" count="0" type="stmt"/>
        <line num="51" count="43" type="stmt"/>
        <line num="52" count="0" type="cond" truecount="0" falsecount="2"/>
        <line num="53" count="0" type="stmt"/>
        <line num="54" count="0" type="cond" truecount="0" falsecount="2"/>
        <line num="55" count="0" type="stmt"/>
        <line num="60" count="43" type="stmt"/>
        <line num="61" count="27" type="cond" truecount="1" falsecount="1"/>
        <line num="62" count="27" type="stmt"/>
        <line num="64" count="0" type="stmt"/>
        <line num="67" count="43" type="stmt"/>
        <line num="68" count="27" type="stmt"/>
        <line num="69" count="27" type="stmt"/>
        <line num="70" count="27" type="stmt"/>
        <line num="73" count="43" type="stmt"/>
        <line num="74" count="27" type="stmt"/>
        <line num="75" count="0" type="stmt"/>
        <line num="77" count="0" type="stmt"/>
        <line num="78" count="0" type="stmt"/>
        <line num="79" count="0" type="cond" truecount="0" falsecount="2"/>
        <line num="81" count="0" type="stmt"/>
        <line num="82" count="0" type="cond" truecount="0" falsecount="2"/>
        <line num="83" count="0" type="stmt"/>
        <line num="89" count="0" type="stmt"/>
        <line num="92" count="0" type="cond" truecount="0" falsecount="2"/>
        <line num="93" count="0" type="stmt"/>
        <line num="96" count="0" type="stmt"/>
        <line num="99" count="27" type="stmt"/>
        <line num="100" count="27" type="stmt"/>
        <line num="103" count="43" type="stmt"/>
        <line num="104" count="27" type="stmt"/>
        <line num="105" count="0" type="stmt"/>
        <line num="107" count="0" type="cond" truecount="0" falsecount="2"/>
        <line num="109" count="0" type="stmt"/>
        <line num="110" count="0" type="stmt"/>
        <line num="113" count="0" type="cond" truecount="0" falsecount="2"/>
        <line num="114" count="0" type="stmt"/>
        <line num="115" count="0" type="stmt"/>
        <line num="116" count="0" type="stmt"/>
        <line num="118" count="0" type="stmt"/>
        <line num="119" count="0" type="stmt"/>
        <line num="120" count="0" type="stmt"/>
        <line num="125" count="27" type="stmt"/>
        <line num="126" count="27" type="stmt"/>
        <line num="129" count="43" type="stmt"/>
        <line num="130" count="27" type="stmt"/>
        <line num="131" count="0" type="stmt"/>
        <line num="133" count="0" type="stmt"/>
        <line num="136" count="0" type="stmt"/>
        <line num="139" count="27" type="stmt"/>
        <line num="140" count="27" type="stmt"/>
        <line num="144" count="43" type="stmt"/>
        <line num="145" count="36" type="cond" truecount="4" falsecount="0"/>
        <line num="146" count="6" type="stmt"/>
        <line num="148" count="30" type="stmt"/>
        <line num="150" count="36" type="stmt"/>
        <line num="151" count="36" type="stmt"/>
        <line num="155" count="43" type="stmt"/>
        <line num="185" count="120" type="stmt"/>
        <line num="203" count="6" type="stmt"/>
        <line num="232" count="4" type="stmt"/>
        <line num="247" count="2" type="stmt"/>
        <line num="255" count="1" type="stmt"/>
        <line num="256" count="1" type="stmt"/>
        <line num="271" count="0" type="stmt"/>
        <line num="272" count="0" type="stmt"/>
        <line num="280" count="3" type="stmt"/>
        <line num="281" count="0" type="stmt"/>
        <line num="285" count="2" type="stmt"/>
        <line num="292" count="48" type="stmt"/>
        <line num="299" count="1" type="stmt"/>
        <line num="313" count="5" type="stmt"/>
        <line num="316" count="0" type="stmt"/>
        <line num="331" count="0" type="stmt"/>
        <line num="332" count="0" type="stmt"/>
        <line num="334" count="0" type="stmt"/>
        <line num="342" count="0" type="stmt"/>
        <line num="350" count="0" type="stmt"/>
        <line num="351" count="0" type="stmt"/>
        <line num="363" count="0" type="stmt"/>
        <line num="366" count="0" type="stmt"/>
        <line num="398" count="120" type="stmt"/>
        <line num="416" count="2" type="stmt"/>
      </file>
      <file name="ProfileCard.jsx" path="/Users/sahilbasra/my-portfolio/src/components/ProfileCard.jsx">
        <metrics statements="2" coveredstatements="2" conditionals="0" coveredconditionals="0" methods="1" coveredmethods="1"/>
        <line num="4" count="11" type="stmt"/>
        <line num="55" count="1" type="stmt"/>
      </file>
      <file name="Projects.jsx" path="/Users/sahilbasra/my-portfolio/src/components/Projects.jsx">
        <metrics statements="6" coveredstatements="6" conditionals="18" coveredconditionals="9" methods="3" coveredmethods="3"/>
        <line num="5" count="1" type="stmt"/>
        <line num="37" count="10" type="stmt"/>
        <line num="39" count="10" type="stmt"/>
        <line num="88" count="10" type="stmt"/>
        <line num="90" count="10" type="stmt"/>
        <line num="104" count="40" type="stmt"/>
      </file>
      <file name="Skills.jsx" path="/Users/sahilbasra/my-portfolio/src/components/Skills.jsx">
        <metrics statements="6" coveredstatements="6" conditionals="16" coveredconditionals="9" methods="3" coveredmethods="3"/>
        <line num="5" count="1" type="stmt"/>
        <line num="31" count="6" type="stmt"/>
        <line num="33" count="6" type="stmt"/>
        <line num="70" count="6" type="stmt"/>
        <line num="72" count="6" type="stmt"/>
        <line num="96" count="132" type="stmt"/>
      </file>
      <file name="Thoughts.jsx" path="/Users/sahilbasra/my-portfolio/src/components/Thoughts.jsx">
        <metrics statements="10" coveredstatements="8" conditionals="46" coveredconditionals="25" methods="5" coveredmethods="4"/>
        <line num="6" count="1" type="stmt"/>
        <line num="38" count="10" type="stmt"/>
        <line num="39" count="10" type="stmt"/>
        <line num="41" count="10" type="stmt"/>
        <line num="132" count="10" type="stmt"/>
        <line num="134" count="10" type="stmt"/>
        <line num="156" count="40" type="stmt"/>
        <line num="159" count="3" type="cond" truecount="2" falsecount="0"/>
        <line num="183" count="0" type="stmt"/>
        <line num="184" count="0" type="cond" truecount="0" falsecount="2"/>
      </file>
      <file name="Tools.jsx" path="/Users/sahilbasra/my-portfolio/src/components/Tools.jsx">
        <metrics statements="6" coveredstatements="6" conditionals="16" coveredconditionals="8" methods="3" coveredmethods="3"/>
        <line num="5" count="1" type="stmt"/>
        <line num="18" count="5" type="stmt"/>
        <line num="20" count="5" type="stmt"/>
        <line num="55" count="5" type="stmt"/>
        <line num="57" count="5" type="stmt"/>
        <line num="79" count="45" type="stmt"/>
      </file>
      <file name="WhatsAppButton.jsx" path="/Users/sahilbasra/my-portfolio/src/components/WhatsAppButton.jsx">
        <metrics statements="6" coveredstatements="6" conditionals="12" coveredconditionals="6" methods="2" coveredmethods="2"/>
        <line num="5" count="8" type="stmt"/>
        <line num="9" count="8" type="stmt"/>
        <line num="11" count="8" type="stmt"/>
        <line num="12" count="1" type="stmt"/>
        <line num="15" count="8" type="stmt"/>
        <line num="40" count="8" type="stmt"/>
      </file>
    </package>
    <package name="hooks">
      <metrics statements="14" coveredstatements="8" conditionals="17" coveredconditionals="4" methods="5" coveredmethods="3"/>
      <file name="useResponsive.js" path="/Users/sahilbasra/my-portfolio/src/hooks/useResponsive.js">
        <metrics statements="14" coveredstatements="8" conditionals="17" coveredconditionals="4" methods="5" coveredmethods="3"/>
        <line num="3" count="10" type="stmt"/>
        <line num="4" count="116" type="stmt"/>
        <line num="9" count="116" type="stmt"/>
        <line num="10" count="75" type="stmt"/>
        <line num="11" count="0" type="stmt"/>
        <line num="17" count="75" type="stmt"/>
        <line num="18" count="75" type="stmt"/>
        <line num="21" count="116" type="stmt"/>
        <line num="31" count="10" type="stmt"/>
        <line num="32" count="0" type="cond" truecount="0" falsecount="2"/>
        <line num="34" count="0" type="stmt"/>
        <line num="36" count="0" type="cond" truecount="0" falsecount="4"/>
        <line num="37" count="0" type="cond" truecount="0" falsecount="5"/>
        <line num="38" count="0" type="stmt"/>
      </file>
    </package>
  </project>
</coverage>
