{"/Users/sahilbasra/my-portfolio/src/assets/Sahil.jpg": {"path":"/Users/sahilbasra/my-portfolio/src/assets/Sahil.jpg","statementMap":{},"fnMap":{},"branchMap":{},"s":{},"f":{},"b":{},"meta":{"lastBranch":0,"lastFunction":0,"lastStatement":0,"seen":{}}}
,"/Users/sahilbasra/my-portfolio/src/components/About.jsx": {"path":"/Users/sahilbasra/my-portfolio/src/components/About.jsx","statementMap":{"0":{"start":{"line":6,"column":29},"end":{"line":6,"column":null}},"1":{"start":{"line":8,"column":20},"end":{"line":48,"column":null}},"2":{"start":{"line":8,"column":27},"end":{"line":48,"column":null}},"3":{"start":{"line":50,"column":17},"end":{"line":50,"column":null}},"4":{"start":{"line":52,"column":2},"end":{"line":98,"column":null}}},"fnMap":{"0":{"name":"About","decl":{"start":{"line":5,"column":9},"end":{"line":5,"column":17}},"loc":{"start":{"line":5,"column":17},"end":{"line":100,"column":null}},"line":5},"1":{"name":"(anonymous_1)","decl":{"start":{"line":8,"column":20},"end":{"line":8,"column":27}},"loc":{"start":{"line":8,"column":27},"end":{"line":48,"column":null}},"line":8}},"branchMap":{"0":{"loc":{"start":{"line":10,"column":15},"end":{"line":10,"column":null}},"type":"cond-expr","locations":[{"start":{"line":10,"column":26},"end":{"line":10,"column":40}},{"start":{"line":10,"column":40},"end":{"line":10,"column":null}}],"line":10},"1":{"loc":{"start":{"line":12,"column":23},"end":{"line":12,"column":null}},"type":"cond-expr","locations":[{"start":{"line":12,"column":34},"end":{"line":12,"column":43}},{"start":{"line":12,"column":43},"end":{"line":12,"column":null}}],"line":12},"2":{"loc":{"start":{"line":15,"column":16},"end":{"line":15,"column":null}},"type":"cond-expr","locations":[{"start":{"line":15,"column":27},"end":{"line":15,"column":36}},{"start":{"line":15,"column":36},"end":{"line":15,"column":null}}],"line":15},"3":{"loc":{"start":{"line":15,"column":36},"end":{"line":15,"column":null}},"type":"cond-expr","locations":[{"start":{"line":15,"column":47},"end":{"line":15,"column":56}},{"start":{"line":15,"column":56},"end":{"line":15,"column":null}}],"line":15},"4":{"loc":{"start":{"line":23,"column":15},"end":{"line":23,"column":null}},"type":"cond-expr","locations":[{"start":{"line":23,"column":26},"end":{"line":23,"column":35}},{"start":{"line":23,"column":35},"end":{"line":23,"column":null}}],"line":23},"5":{"loc":{"start":{"line":31,"column":16},"end":{"line":31,"column":null}},"type":"cond-expr","locations":[{"start":{"line":31,"column":27},"end":{"line":31,"column":36}},{"start":{"line":31,"column":36},"end":{"line":31,"column":null}}],"line":31},"6":{"loc":{"start":{"line":45,"column":16},"end":{"line":45,"column":null}},"type":"cond-expr","locations":[{"start":{"line":45,"column":27},"end":{"line":45,"column":36}},{"start":{"line":45,"column":36},"end":{"line":45,"column":null}}],"line":45}},"s":{"0":7,"1":7,"2":7,"3":7,"4":7},"f":{"0":7,"1":7},"b":{"0":[0,7],"1":[0,7],"2":[0,7],"3":[7,0],"4":[0,7],"5":[0,7],"6":[0,7]},"meta":{"lastBranch":7,"lastFunction":2,"lastStatement":5,"seen":{"f:5:9:5:17":0,"s:6:29:6:Infinity":0,"s:8:20:48:Infinity":1,"f:8:20:8:27":1,"s:8:27:48:Infinity":2,"b:10:26:10:40:10:40:10:Infinity":0,"b:12:34:12:43:12:43:12:Infinity":1,"b:15:27:15:36:15:36:15:Infinity":2,"b:15:47:15:56:15:56:15:Infinity":3,"b:23:26:23:35:23:35:23:Infinity":4,"b:31:27:31:36:31:36:31:Infinity":5,"b:45:27:45:36:45:36:45:Infinity":6,"s:50:17:50:Infinity":3,"s:52:2:98:Infinity":4}}}
,"/Users/sahilbasra/my-portfolio/src/components/Contact.jsx": {"path":"/Users/sahilbasra/my-portfolio/src/components/Contact.jsx","statementMap":{"0":{"start":{"line":7,"column":29},"end":{"line":7,"column":null}},"1":{"start":{"line":8,"column":22},"end":{"line":13,"column":null}},"2":{"start":{"line":15,"column":26},"end":{"line":15,"column":null}},"3":{"start":{"line":16,"column":28},"end":{"line":16,"column":null}},"4":{"start":{"line":17,"column":38},"end":{"line":17,"column":null}},"5":{"start":{"line":18,"column":34},"end":{"line":18,"column":null}},"6":{"start":{"line":20,"column":23},"end":{"line":27,"column":null}},"7":{"start":{"line":21,"column":28},"end":{"line":21,"column":null}},"8":{"start":{"line":22,"column":4},"end":{"line":22,"column":null}},"9":{"start":{"line":24,"column":4},"end":{"line":26,"column":null}},"10":{"start":{"line":25,"column":6},"end":{"line":25,"column":null}},"11":{"start":{"line":29,"column":24},"end":{"line":43,"column":null}},"12":{"start":{"line":30,"column":22},"end":{"line":30,"column":null}},"13":{"start":{"line":32,"column":4},"end":{"line":40,"column":null}},"14":{"start":{"line":33,"column":6},"end":{"line":39,"column":null}},"15":{"start":{"line":34,"column":8},"end":{"line":34,"column":null}},"16":{"start":{"line":35,"column":8},"end":{"line":35,"column":null}},"17":{"start":{"line":36,"column":8},"end":{"line":36,"column":null}},"18":{"start":{"line":37,"column":8},"end":{"line":37,"column":null}},"19":{"start":{"line":37,"column":25},"end":{"line":37,"column":44}},"20":{"start":{"line":38,"column":8},"end":{"line":38,"column":null}},"21":{"start":{"line":42,"column":4},"end":{"line":42,"column":null}},"22":{"start":{"line":45,"column":27},"end":{"line":94,"column":null}},"23":{"start":{"line":47,"column":4},"end":{"line":52,"column":null}},"24":{"start":{"line":48,"column":6},"end":{"line":48,"column":null}},"25":{"start":{"line":49,"column":6},"end":{"line":49,"column":null}},"26":{"start":{"line":50,"column":6},"end":{"line":50,"column":null}},"27":{"start":{"line":50,"column":23},"end":{"line":50,"column":42}},"28":{"start":{"line":51,"column":6},"end":{"line":51,"column":null}},"29":{"start":{"line":54,"column":4},"end":{"line":71,"column":null}},"30":{"start":{"line":55,"column":24},"end":{"line":55,"column":null}},"31":{"start":{"line":56,"column":6},"end":{"line":65,"column":null}},"32":{"start":{"line":57,"column":8},"end":{"line":57,"column":null}},"33":{"start":{"line":58,"column":8},"end":{"line":58,"column":null}},"34":{"start":{"line":59,"column":6},"end":{"line":65,"column":null}},"35":{"start":{"line":60,"column":8},"end":{"line":60,"column":null}},"36":{"start":{"line":61,"column":8},"end":{"line":61,"column":null}},"37":{"start":{"line":62,"column":6},"end":{"line":65,"column":null}},"38":{"start":{"line":63,"column":8},"end":{"line":63,"column":null}},"39":{"start":{"line":64,"column":8},"end":{"line":64,"column":null}},"40":{"start":{"line":67,"column":6},"end":{"line":70,"column":null}},"41":{"start":{"line":68,"column":8},"end":{"line":68,"column":null}},"42":{"start":{"line":69,"column":8},"end":{"line":69,"column":null}},"43":{"start":{"line":69,"column":25},"end":{"line":69,"column":44}},"44":{"start":{"line":73,"column":4},"end":{"line":93,"column":null}},"45":{"start":{"line":74,"column":24},"end":{"line":74,"column":null}},"46":{"start":{"line":75,"column":6},"end":{"line":87,"column":null}},"47":{"start":{"line":76,"column":8},"end":{"line":76,"column":null}},"48":{"start":{"line":77,"column":8},"end":{"line":77,"column":null}},"49":{"start":{"line":78,"column":6},"end":{"line":87,"column":null}},"50":{"start":{"line":79,"column":8},"end":{"line":79,"column":null}},"51":{"start":{"line":80,"column":8},"end":{"line":80,"column":null}},"52":{"start":{"line":81,"column":6},"end":{"line":87,"column":null}},"53":{"start":{"line":82,"column":8},"end":{"line":82,"column":null}},"54":{"start":{"line":83,"column":8},"end":{"line":83,"column":null}},"55":{"start":{"line":84,"column":6},"end":{"line":87,"column":null}},"56":{"start":{"line":85,"column":8},"end":{"line":85,"column":null}},"57":{"start":{"line":86,"column":8},"end":{"line":86,"column":null}},"58":{"start":{"line":89,"column":6},"end":{"line":92,"column":null}},"59":{"start":{"line":90,"column":8},"end":{"line":90,"column":null}},"60":{"start":{"line":91,"column":8},"end":{"line":91,"column":null}},"61":{"start":{"line":91,"column":25},"end":{"line":91,"column":44}},"62":{"start":{"line":96,"column":26},"end":{"line":98,"column":null}},"63":{"start":{"line":97,"column":4},"end":{"line":97,"column":null}},"64":{"start":{"line":100,"column":23},"end":{"line":158,"column":null}},"65":{"start":{"line":101,"column":4},"end":{"line":101,"column":null}},"66":{"start":{"line":103,"column":4},"end":{"line":103,"column":null}},"67":{"start":{"line":103,"column":22},"end":{"line":103,"column":null}},"68":{"start":{"line":105,"column":4},"end":{"line":105,"column":null}},"69":{"start":{"line":107,"column":22},"end":{"line":107,"column":null}},"70":{"start":{"line":109,"column":4},"end":{"line":109,"column":null}},"71":{"start":{"line":109,"column":27},"end":{"line":109,"column":null}},"72":{"start":{"line":110,"column":4},"end":{"line":112,"column":null}},"73":{"start":{"line":110,"column":28},"end":{"line":110,"column":null}},"74":{"start":{"line":110,"column":46},"end":{"line":112,"column":null}},"75":{"start":{"line":112,"column":6},"end":{"line":112,"column":null}},"76":{"start":{"line":114,"column":4},"end":{"line":114,"column":null}},"77":{"start":{"line":114,"column":23},"end":{"line":114,"column":null}},"78":{"start":{"line":115,"column":4},"end":{"line":115,"column":null}},"79":{"start":{"line":115,"column":30},"end":{"line":115,"column":null}},"80":{"start":{"line":117,"column":4},"end":{"line":117,"column":null}},"81":{"start":{"line":119,"column":4},"end":{"line":157,"column":null}},"82":{"start":{"line":120,"column":6},"end":{"line":154,"column":null}},"83":{"start":{"line":122,"column":25},"end":{"line":122,"column":null}},"84":{"start":{"line":123,"column":8},"end":{"line":123,"column":null}},"85":{"start":{"line":124,"column":8},"end":{"line":124,"column":null}},"86":{"start":{"line":125,"column":8},"end":{"line":125,"column":null}},"87":{"start":{"line":126,"column":8},"end":{"line":126,"column":null}},"88":{"start":{"line":127,"column":8},"end":{"line":127,"column":null}},"89":{"start":{"line":128,"column":8},"end":{"line":128,"column":null}},"90":{"start":{"line":129,"column":8},"end":{"line":129,"column":null}},"91":{"start":{"line":131,"column":25},"end":{"line":137,"column":null}},"92":{"start":{"line":139,"column":8},"end":{"line":149,"column":null}},"93":{"start":{"line":140,"column":10},"end":{"line":140,"column":null}},"94":{"start":{"line":141,"column":10},"end":{"line":141,"column":null}},"95":{"start":{"line":143,"column":10},"end":{"line":146,"column":null}},"96":{"start":{"line":144,"column":12},"end":{"line":144,"column":null}},"97":{"start":{"line":145,"column":12},"end":{"line":145,"column":null}},"98":{"start":{"line":148,"column":10},"end":{"line":148,"column":null}},"99":{"start":{"line":151,"column":8},"end":{"line":151,"column":null}},"100":{"start":{"line":152,"column":8},"end":{"line":152,"column":null}},"101":{"start":{"line":153,"column":8},"end":{"line":153,"column":null}},"102":{"start":{"line":156,"column":6},"end":{"line":156,"column":null}},"103":{"start":{"line":160,"column":20},"end":{"line":259,"column":null}},"104":{"start":{"line":160,"column":27},"end":{"line":259,"column":null}},"105":{"start":{"line":261,"column":17},"end":{"line":261,"column":null}},"106":{"start":{"line":263,"column":2},"end":{"line":427,"column":null}},"107":{"start":{"line":323,"column":30},"end":{"line":323,"column":null}},"108":{"start":{"line":340,"column":31},"end":{"line":340,"column":null}},"109":{"start":{"line":341,"column":30},"end":{"line":341,"column":null}},"110":{"start":{"line":359,"column":29},"end":{"line":359,"column":null}},"111":{"start":{"line":360,"column":28},"end":{"line":360,"column":null}},"112":{"start":{"line":388,"column":29},"end":{"line":388,"column":null}},"113":{"start":{"line":389,"column":28},"end":{"line":389,"column":null}}},"fnMap":{"0":{"name":"Contact","decl":{"start":{"line":6,"column":9},"end":{"line":6,"column":19}},"loc":{"start":{"line":6,"column":19},"end":{"line":429,"column":null}},"line":6},"1":{"name":"(anonymous_1)","decl":{"start":{"line":20,"column":23},"end":{"line":20,"column":24}},"loc":{"start":{"line":20,"column":30},"end":{"line":27,"column":null}},"line":20},"2":{"name":"(anonymous_2)","decl":{"start":{"line":29,"column":24},"end":{"line":29,"column":25}},"loc":{"start":{"line":29,"column":39},"end":{"line":43,"column":null}},"line":29},"3":{"name":"(anonymous_3)","decl":{"start":{"line":37,"column":19},"end":{"line":37,"column":25}},"loc":{"start":{"line":37,"column":25},"end":{"line":37,"column":44}},"line":37},"4":{"name":"(anonymous_4)","decl":{"start":{"line":45,"column":27},"end":{"line":45,"column":28}},"loc":{"start":{"line":45,"column":42},"end":{"line":94,"column":null}},"line":45},"5":{"name":"(anonymous_5)","decl":{"start":{"line":50,"column":17},"end":{"line":50,"column":23}},"loc":{"start":{"line":50,"column":23},"end":{"line":50,"column":42}},"line":50},"6":{"name":"(anonymous_6)","decl":{"start":{"line":69,"column":19},"end":{"line":69,"column":25}},"loc":{"start":{"line":69,"column":25},"end":{"line":69,"column":44}},"line":69},"7":{"name":"(anonymous_7)","decl":{"start":{"line":91,"column":19},"end":{"line":91,"column":25}},"loc":{"start":{"line":91,"column":25},"end":{"line":91,"column":44}},"line":91},"8":{"name":"(anonymous_8)","decl":{"start":{"line":96,"column":26},"end":{"line":96,"column":27}},"loc":{"start":{"line":96,"column":41},"end":{"line":98,"column":null}},"line":96},"9":{"name":"(anonymous_9)","decl":{"start":{"line":100,"column":23},"end":{"line":100,"column":30}},"loc":{"start":{"line":100,"column":36},"end":{"line":158,"column":null}},"line":100},"10":{"name":"(anonymous_10)","decl":{"start":{"line":143,"column":21},"end":{"line":143,"column":27}},"loc":{"start":{"line":143,"column":27},"end":{"line":146,"column":13}},"line":143},"11":{"name":"(anonymous_11)","decl":{"start":{"line":160,"column":20},"end":{"line":160,"column":27}},"loc":{"start":{"line":160,"column":27},"end":{"line":259,"column":null}},"line":160},"12":{"name":"(anonymous_12)","decl":{"start":{"line":323,"column":24},"end":{"line":323,"column":30}},"loc":{"start":{"line":323,"column":30},"end":{"line":323,"column":null}},"line":323},"13":{"name":"(anonymous_13)","decl":{"start":{"line":340,"column":25},"end":{"line":340,"column":31}},"loc":{"start":{"line":340,"column":31},"end":{"line":340,"column":null}},"line":340},"14":{"name":"(anonymous_14)","decl":{"start":{"line":341,"column":24},"end":{"line":341,"column":30}},"loc":{"start":{"line":341,"column":30},"end":{"line":341,"column":null}},"line":341},"15":{"name":"(anonymous_15)","decl":{"start":{"line":359,"column":23},"end":{"line":359,"column":29}},"loc":{"start":{"line":359,"column":29},"end":{"line":359,"column":null}},"line":359},"16":{"name":"(anonymous_16)","decl":{"start":{"line":360,"column":22},"end":{"line":360,"column":28}},"loc":{"start":{"line":360,"column":28},"end":{"line":360,"column":null}},"line":360},"17":{"name":"(anonymous_17)","decl":{"start":{"line":388,"column":23},"end":{"line":388,"column":29}},"loc":{"start":{"line":388,"column":29},"end":{"line":388,"column":null}},"line":388},"18":{"name":"(anonymous_18)","decl":{"start":{"line":389,"column":22},"end":{"line":389,"column":28}},"loc":{"start":{"line":389,"column":28},"end":{"line":389,"column":null}},"line":389}},"branchMap":{"0":{"loc":{"start":{"line":24,"column":4},"end":{"line":26,"column":null}},"type":"if","locations":[{"start":{"line":24,"column":4},"end":{"line":26,"column":null}},{"start":{},"end":{}}],"line":24},"1":{"loc":{"start":{"line":32,"column":4},"end":{"line":40,"column":null}},"type":"if","locations":[{"start":{"line":32,"column":4},"end":{"line":40,"column":null}},{"start":{},"end":{}}],"line":32},"2":{"loc":{"start":{"line":32,"column":8},"end":{"line":32,"column":52}},"type":"binary-expr","locations":[{"start":{"line":32,"column":8},"end":{"line":32,"column":33}},{"start":{"line":32,"column":33},"end":{"line":32,"column":52}}],"line":32},"3":{"loc":{"start":{"line":33,"column":6},"end":{"line":39,"column":null}},"type":"if","locations":[{"start":{"line":33,"column":6},"end":{"line":39,"column":null}},{"start":{},"end":{}}],"line":33},"4":{"loc":{"start":{"line":47,"column":4},"end":{"line":52,"column":null}},"type":"if","locations":[{"start":{"line":47,"column":4},"end":{"line":52,"column":null}},{"start":{},"end":{}}],"line":47},"5":{"loc":{"start":{"line":47,"column":8},"end":{"line":47,"column":52}},"type":"binary-expr","locations":[{"start":{"line":47,"column":8},"end":{"line":47,"column":33}},{"start":{"line":47,"column":33},"end":{"line":47,"column":52}}],"line":47},"6":{"loc":{"start":{"line":54,"column":4},"end":{"line":71,"column":null}},"type":"if","locations":[{"start":{"line":54,"column":4},"end":{"line":71,"column":null}},{"start":{},"end":{}}],"line":54},"7":{"loc":{"start":{"line":56,"column":6},"end":{"line":65,"column":null}},"type":"if","locations":[{"start":{"line":56,"column":6},"end":{"line":65,"column":null}},{"start":{"line":59,"column":6},"end":{"line":65,"column":null}}],"line":56},"8":{"loc":{"start":{"line":59,"column":6},"end":{"line":65,"column":null}},"type":"if","locations":[{"start":{"line":59,"column":6},"end":{"line":65,"column":null}},{"start":{"line":62,"column":6},"end":{"line":65,"column":null}}],"line":59},"9":{"loc":{"start":{"line":62,"column":6},"end":{"line":65,"column":null}},"type":"if","locations":[{"start":{"line":62,"column":6},"end":{"line":65,"column":null}},{"start":{},"end":{}}],"line":62},"10":{"loc":{"start":{"line":62,"column":17},"end":{"line":62,"column":72}},"type":"binary-expr","locations":[{"start":{"line":62,"column":17},"end":{"line":62,"column":38}},{"start":{"line":62,"column":38},"end":{"line":62,"column":72}}],"line":62},"11":{"loc":{"start":{"line":67,"column":6},"end":{"line":70,"column":null}},"type":"if","locations":[{"start":{"line":67,"column":6},"end":{"line":70,"column":null}},{"start":{},"end":{}}],"line":67},"12":{"loc":{"start":{"line":73,"column":4},"end":{"line":93,"column":null}},"type":"if","locations":[{"start":{"line":73,"column":4},"end":{"line":93,"column":null}},{"start":{},"end":{}}],"line":73},"13":{"loc":{"start":{"line":75,"column":6},"end":{"line":87,"column":null}},"type":"if","locations":[{"start":{"line":75,"column":6},"end":{"line":87,"column":null}},{"start":{"line":78,"column":6},"end":{"line":87,"column":null}}],"line":75},"14":{"loc":{"start":{"line":78,"column":6},"end":{"line":87,"column":null}},"type":"if","locations":[{"start":{"line":78,"column":6},"end":{"line":87,"column":null}},{"start":{"line":81,"column":6},"end":{"line":87,"column":null}}],"line":78},"15":{"loc":{"start":{"line":81,"column":6},"end":{"line":87,"column":null}},"type":"if","locations":[{"start":{"line":81,"column":6},"end":{"line":87,"column":null}},{"start":{"line":84,"column":6},"end":{"line":87,"column":null}}],"line":81},"16":{"loc":{"start":{"line":81,"column":17},"end":{"line":81,"column":72}},"type":"binary-expr","locations":[{"start":{"line":81,"column":17},"end":{"line":81,"column":38}},{"start":{"line":81,"column":38},"end":{"line":81,"column":72}}],"line":81},"17":{"loc":{"start":{"line":84,"column":6},"end":{"line":87,"column":null}},"type":"if","locations":[{"start":{"line":84,"column":6},"end":{"line":87,"column":null}},{"start":{},"end":{}}],"line":84},"18":{"loc":{"start":{"line":89,"column":6},"end":{"line":92,"column":null}},"type":"if","locations":[{"start":{"line":89,"column":6},"end":{"line":92,"column":null}},{"start":{},"end":{}}],"line":89},"19":{"loc":{"start":{"line":103,"column":4},"end":{"line":103,"column":null}},"type":"if","locations":[{"start":{"line":103,"column":4},"end":{"line":103,"column":null}},{"start":{},"end":{}}],"line":103},"20":{"loc":{"start":{"line":109,"column":4},"end":{"line":109,"column":null}},"type":"if","locations":[{"start":{"line":109,"column":4},"end":{"line":109,"column":null}},{"start":{},"end":{}}],"line":109},"21":{"loc":{"start":{"line":110,"column":4},"end":{"line":112,"column":null}},"type":"if","locations":[{"start":{"line":110,"column":4},"end":{"line":112,"column":null}},{"start":{"line":110,"column":46},"end":{"line":112,"column":null}}],"line":110},"22":{"loc":{"start":{"line":110,"column":46},"end":{"line":112,"column":null}},"type":"if","locations":[{"start":{"line":110,"column":46},"end":{"line":112,"column":null}},{"start":{},"end":{}}],"line":110},"23":{"loc":{"start":{"line":114,"column":4},"end":{"line":114,"column":null}},"type":"if","locations":[{"start":{"line":114,"column":4},"end":{"line":114,"column":null}},{"start":{},"end":{}}],"line":114},"24":{"loc":{"start":{"line":115,"column":4},"end":{"line":115,"column":null}},"type":"if","locations":[{"start":{"line":115,"column":4},"end":{"line":115,"column":null}},{"start":{},"end":{}}],"line":115},"25":{"loc":{"start":{"line":119,"column":4},"end":{"line":157,"column":null}},"type":"if","locations":[{"start":{"line":119,"column":4},"end":{"line":157,"column":null}},{"start":{"line":155,"column":11},"end":{"line":157,"column":null}}],"line":119},"26":{"loc":{"start":{"line":139,"column":8},"end":{"line":149,"column":null}},"type":"if","locations":[{"start":{"line":139,"column":8},"end":{"line":149,"column":null}},{"start":{"line":147,"column":15},"end":{"line":149,"column":null}}],"line":139},"27":{"loc":{"start":{"line":162,"column":15},"end":{"line":162,"column":null}},"type":"cond-expr","locations":[{"start":{"line":162,"column":26},"end":{"line":162,"column":45}},{"start":{"line":162,"column":45},"end":{"line":162,"column":null}}],"line":162},"28":{"loc":{"start":{"line":164,"column":17},"end":{"line":164,"column":null}},"type":"cond-expr","locations":[{"start":{"line":164,"column":28},"end":{"line":164,"column":37}},{"start":{"line":164,"column":37},"end":{"line":164,"column":null}}],"line":164},"29":{"loc":{"start":{"line":165,"column":23},"end":{"line":165,"column":null}},"type":"cond-expr","locations":[{"start":{"line":165,"column":34},"end":{"line":165,"column":43}},{"start":{"line":165,"column":43},"end":{"line":165,"column":null}}],"line":165},"30":{"loc":{"start":{"line":166,"column":18},"end":{"line":166,"column":null}},"type":"cond-expr","locations":[{"start":{"line":166,"column":29},"end":{"line":166,"column":38}},{"start":{"line":166,"column":38},"end":{"line":166,"column":null}}],"line":166},"31":{"loc":{"start":{"line":169,"column":16},"end":{"line":169,"column":null}},"type":"cond-expr","locations":[{"start":{"line":169,"column":27},"end":{"line":169,"column":36}},{"start":{"line":169,"column":36},"end":{"line":169,"column":null}}],"line":169},"32":{"loc":{"start":{"line":169,"column":36},"end":{"line":169,"column":null}},"type":"cond-expr","locations":[{"start":{"line":169,"column":47},"end":{"line":169,"column":56}},{"start":{"line":169,"column":56},"end":{"line":169,"column":null}}],"line":169},"33":{"loc":{"start":{"line":177,"column":15},"end":{"line":177,"column":null}},"type":"cond-expr","locations":[{"start":{"line":177,"column":26},"end":{"line":177,"column":35}},{"start":{"line":177,"column":35},"end":{"line":177,"column":null}}],"line":177},"34":{"loc":{"start":{"line":184,"column":16},"end":{"line":184,"column":null}},"type":"cond-expr","locations":[{"start":{"line":184,"column":27},"end":{"line":184,"column":36}},{"start":{"line":184,"column":36},"end":{"line":184,"column":null}}],"line":184},"35":{"loc":{"start":{"line":186,"column":20},"end":{"line":186,"column":null}},"type":"cond-expr","locations":[{"start":{"line":186,"column":31},"end":{"line":186,"column":40}},{"start":{"line":186,"column":40},"end":{"line":186,"column":null}}],"line":186},"36":{"loc":{"start":{"line":192,"column":11},"end":{"line":192,"column":null}},"type":"cond-expr","locations":[{"start":{"line":192,"column":22},"end":{"line":192,"column":31}},{"start":{"line":192,"column":31},"end":{"line":192,"column":null}}],"line":192},"37":{"loc":{"start":{"line":196,"column":11},"end":{"line":196,"column":null}},"type":"cond-expr","locations":[{"start":{"line":196,"column":22},"end":{"line":196,"column":31}},{"start":{"line":196,"column":31},"end":{"line":196,"column":null}}],"line":196},"38":{"loc":{"start":{"line":207,"column":15},"end":{"line":207,"column":null}},"type":"cond-expr","locations":[{"start":{"line":207,"column":26},"end":{"line":207,"column":40}},{"start":{"line":207,"column":40},"end":{"line":207,"column":null}}],"line":207},"39":{"loc":{"start":{"line":212,"column":16},"end":{"line":212,"column":null}},"type":"cond-expr","locations":[{"start":{"line":212,"column":27},"end":{"line":212,"column":36}},{"start":{"line":212,"column":36},"end":{"line":212,"column":null}}],"line":212},"40":{"loc":{"start":{"line":218,"column":15},"end":{"line":218,"column":null}},"type":"cond-expr","locations":[{"start":{"line":218,"column":26},"end":{"line":218,"column":35}},{"start":{"line":218,"column":35},"end":{"line":218,"column":null}}],"line":218},"41":{"loc":{"start":{"line":223,"column":16},"end":{"line":223,"column":null}},"type":"cond-expr","locations":[{"start":{"line":223,"column":27},"end":{"line":223,"column":36}},{"start":{"line":223,"column":36},"end":{"line":223,"column":null}}],"line":223},"42":{"loc":{"start":{"line":230,"column":16},"end":{"line":230,"column":null}},"type":"cond-expr","locations":[{"start":{"line":230,"column":27},"end":{"line":230,"column":36}},{"start":{"line":230,"column":36},"end":{"line":230,"column":null}}],"line":230},"43":{"loc":{"start":{"line":240,"column":16},"end":{"line":240,"column":null}},"type":"cond-expr","locations":[{"start":{"line":240,"column":27},"end":{"line":240,"column":36}},{"start":{"line":240,"column":36},"end":{"line":240,"column":null}}],"line":240},"44":{"loc":{"start":{"line":244,"column":17},"end":{"line":244,"column":null}},"type":"cond-expr","locations":[{"start":{"line":244,"column":28},"end":{"line":244,"column":38}},{"start":{"line":244,"column":38},"end":{"line":244,"column":null}}],"line":244},"45":{"loc":{"start":{"line":252,"column":16},"end":{"line":252,"column":null}},"type":"cond-expr","locations":[{"start":{"line":252,"column":27},"end":{"line":252,"column":36}},{"start":{"line":252,"column":36},"end":{"line":252,"column":null}}],"line":252},"46":{"loc":{"start":{"line":256,"column":16},"end":{"line":256,"column":null}},"type":"cond-expr","locations":[{"start":{"line":256,"column":27},"end":{"line":256,"column":36}},{"start":{"line":256,"column":36},"end":{"line":256,"column":null}}],"line":256},"47":{"loc":{"start":{"line":286,"column":9},"end":{"line":287,"column":null}},"type":"binary-expr","locations":[{"start":{"line":286,"column":9},"end":{"line":286,"column":null}},{"start":{"line":287,"column":10},"end":{"line":287,"column":null}}],"line":286},"48":{"loc":{"start":{"line":290,"column":9},"end":{"line":419,"column":null}},"type":"cond-expr","locations":[{"start":{"line":291,"column":10},"end":{"line":314,"column":null}},{"start":{"line":316,"column":10},"end":{"line":419,"column":null}}],"line":290},"49":{"loc":{"start":{"line":324,"column":25},"end":{"line":324,"column":null}},"type":"cond-expr","locations":[{"start":{"line":324,"column":49},"end":{"line":324,"column":80}},{"start":{"line":324,"column":80},"end":{"line":324,"column":null}}],"line":324},"50":{"loc":{"start":{"line":328,"column":26},"end":{"line":328,"column":null}},"type":"cond-expr","locations":[{"start":{"line":328,"column":40},"end":{"line":328,"column":62}},{"start":{"line":328,"column":62},"end":{"line":328,"column":null}}],"line":328},"51":{"loc":{"start":{"line":332,"column":42},"end":{"line":332,"column":61}},"type":"binary-expr","locations":[{"start":{"line":332,"column":42},"end":{"line":332,"column":57}},{"start":{"line":332,"column":57},"end":{"line":332,"column":61}}],"line":332},"52":{"loc":{"start":{"line":342,"column":25},"end":{"line":342,"column":null}},"type":"cond-expr","locations":[{"start":{"line":342,"column":50},"end":{"line":342,"column":81}},{"start":{"line":342,"column":81},"end":{"line":342,"column":null}}],"line":342},"53":{"loc":{"start":{"line":346,"column":26},"end":{"line":346,"column":null}},"type":"cond-expr","locations":[{"start":{"line":346,"column":41},"end":{"line":346,"column":63}},{"start":{"line":346,"column":63},"end":{"line":346,"column":null}}],"line":346},"54":{"loc":{"start":{"line":350,"column":42},"end":{"line":350,"column":62}},"type":"binary-expr","locations":[{"start":{"line":350,"column":42},"end":{"line":350,"column":58}},{"start":{"line":350,"column":58},"end":{"line":350,"column":62}}],"line":350},"55":{"loc":{"start":{"line":361,"column":23},"end":{"line":361,"column":null}},"type":"cond-expr","locations":[{"start":{"line":361,"column":50},"end":{"line":361,"column":81}},{"start":{"line":361,"column":81},"end":{"line":361,"column":null}}],"line":361},"56":{"loc":{"start":{"line":365,"column":24},"end":{"line":365,"column":null}},"type":"cond-expr","locations":[{"start":{"line":365,"column":41},"end":{"line":365,"column":63}},{"start":{"line":365,"column":63},"end":{"line":365,"column":null}}],"line":365},"57":{"loc":{"start":{"line":380,"column":40},"end":{"line":380,"column":62}},"type":"binary-expr","locations":[{"start":{"line":380,"column":40},"end":{"line":380,"column":58}},{"start":{"line":380,"column":58},"end":{"line":380,"column":62}}],"line":380},"58":{"loc":{"start":{"line":390,"column":23},"end":{"line":390,"column":null}},"type":"cond-expr","locations":[{"start":{"line":390,"column":50},"end":{"line":390,"column":81}},{"start":{"line":390,"column":81},"end":{"line":390,"column":null}}],"line":390},"59":{"loc":{"start":{"line":396,"column":24},"end":{"line":396,"column":null}},"type":"cond-expr","locations":[{"start":{"line":396,"column":41},"end":{"line":396,"column":63}},{"start":{"line":396,"column":63},"end":{"line":396,"column":null}}],"line":396},"60":{"loc":{"start":{"line":400,"column":40},"end":{"line":400,"column":62}},"type":"binary-expr","locations":[{"start":{"line":400,"column":40},"end":{"line":400,"column":58}},{"start":{"line":400,"column":58},"end":{"line":400,"column":62}}],"line":400},"61":{"loc":{"start":{"line":403,"column":11},"end":{"line":406,"column":null}},"type":"binary-expr","locations":[{"start":{"line":403,"column":11},"end":{"line":403,"column":null}},{"start":{"line":404,"column":12},"end":{"line":406,"column":null}}],"line":403},"62":{"loc":{"start":{"line":412,"column":23},"end":{"line":412,"column":null}},"type":"cond-expr","locations":[{"start":{"line":412,"column":38},"end":{"line":412,"column":44}},{"start":{"line":412,"column":44},"end":{"line":412,"column":null}}],"line":412},"63":{"loc":{"start":{"line":413,"column":22},"end":{"line":413,"column":null}},"type":"cond-expr","locations":[{"start":{"line":413,"column":37},"end":{"line":413,"column":53}},{"start":{"line":413,"column":53},"end":{"line":413,"column":null}}],"line":413},"64":{"loc":{"start":{"line":417,"column":13},"end":{"line":417,"column":null}},"type":"cond-expr","locations":[{"start":{"line":417,"column":28},"end":{"line":417,"column":43}},{"start":{"line":417,"column":43},"end":{"line":417,"column":null}}],"line":417}},"s":{"0":55,"1":55,"2":55,"3":55,"4":55,"5":55,"6":55,"7":23,"8":23,"9":23,"10":1,"11":55,"12":1,"13":1,"14":1,"15":1,"16":1,"17":1,"18":1,"19":0,"20":1,"21":0,"22":55,"23":4,"24":1,"25":1,"26":1,"27":0,"28":1,"29":3,"30":2,"31":2,"32":1,"33":1,"34":1,"35":0,"36":0,"37":1,"38":1,"39":1,"40":2,"41":2,"42":2,"43":0,"44":3,"45":1,"46":1,"47":1,"48":1,"49":0,"50":0,"51":0,"52":0,"53":0,"54":0,"55":0,"56":0,"57":0,"58":1,"59":1,"60":1,"61":0,"62":55,"63":1,"64":55,"65":7,"66":7,"67":0,"68":7,"69":7,"70":7,"71":2,"72":7,"73":2,"74":5,"75":1,"76":7,"77":3,"78":7,"79":3,"80":7,"81":7,"82":4,"83":4,"84":4,"85":4,"86":4,"87":4,"88":4,"89":4,"90":4,"91":4,"92":4,"93":3,"94":3,"95":3,"96":0,"97":0,"98":1,"99":1,"100":1,"101":1,"102":3,"103":55,"104":55,"105":55,"106":55,"107":0,"108":1,"109":1,"110":2,"111":0,"112":1,"113":0},"f":{"0":55,"1":23,"2":1,"3":0,"4":4,"5":0,"6":0,"7":0,"8":1,"9":7,"10":0,"11":55,"12":0,"13":1,"14":1,"15":2,"16":0,"17":1,"18":0},"b":{"0":[1,22],"1":[1,0],"2":[1,1],"3":[1,0],"4":[1,3],"5":[4,1],"6":[2,1],"7":[1,1],"8":[0,1],"9":[1,0],"10":[1,1],"11":[2,0],"12":[1,2],"13":[1,0],"14":[0,0],"15":[0,0],"16":[0,0],"17":[0,0],"18":[1,0],"19":[0,7],"20":[2,5],"21":[2,5],"22":[1,4],"23":[3,4],"24":[3,4],"25":[4,3],"26":[3,1],"27":[0,55],"28":[0,55],"29":[0,55],"30":[0,55],"31":[0,55],"32":[55,0],"33":[0,55],"34":[0,55],"35":[0,55],"36":[0,55],"37":[0,55],"38":[0,55],"39":[0,55],"40":[0,55],"41":[0,55],"42":[0,55],"43":[0,55],"44":[0,55],"45":[0,55],"46":[0,55],"47":[55,53],"48":[2,53],"49":[3,50],"50":[5,48],"51":[53,48],"52":[2,51],"53":[6,47],"54":[53,47],"55":[0,53],"56":[4,49],"57":[53,49],"58":[0,53],"59":[4,49],"60":[53,49],"61":[53,1],"62":[4,49],"63":[4,49],"64":[4,49]},"meta":{"lastBranch":65,"lastFunction":19,"lastStatement":114,"seen":{"f:6:9:6:19":0,"s:7:29:7:Infinity":0,"s:8:22:13:Infinity":1,"s:15:26:15:Infinity":2,"s:16:28:16:Infinity":3,"s:17:38:17:Infinity":4,"s:18:34:18:Infinity":5,"s:20:23:27:Infinity":6,"f:20:23:20:24":1,"s:21:28:21:Infinity":7,"s:22:4:22:Infinity":8,"b:24:4:26:Infinity:undefined:undefined:undefined:undefined":0,"s:24:4:26:Infinity":9,"s:25:6:25:Infinity":10,"s:29:24:43:Infinity":11,"f:29:24:29:25":2,"s:30:22:30:Infinity":12,"b:32:4:40:Infinity:undefined:undefined:undefined:undefined":1,"s:32:4:40:Infinity":13,"b:32:8:32:33:32:33:32:52":2,"b:33:6:39:Infinity:undefined:undefined:undefined:undefined":3,"s:33:6:39:Infinity":14,"s:34:8:34:Infinity":15,"s:35:8:35:Infinity":16,"s:36:8:36:Infinity":17,"s:37:8:37:Infinity":18,"f:37:19:37:25":3,"s:37:25:37:44":19,"s:38:8:38:Infinity":20,"s:42:4:42:Infinity":21,"s:45:27:94:Infinity":22,"f:45:27:45:28":4,"b:47:4:52:Infinity:undefined:undefined:undefined:undefined":4,"s:47:4:52:Infinity":23,"b:47:8:47:33:47:33:47:52":5,"s:48:6:48:Infinity":24,"s:49:6:49:Infinity":25,"s:50:6:50:Infinity":26,"f:50:17:50:23":5,"s:50:23:50:42":27,"s:51:6:51:Infinity":28,"b:54:4:71:Infinity:undefined:undefined:undefined:undefined":6,"s:54:4:71:Infinity":29,"s:55:24:55:Infinity":30,"b:56:6:65:Infinity:59:6:65:Infinity":7,"s:56:6:65:Infinity":31,"s:57:8:57:Infinity":32,"s:58:8:58:Infinity":33,"b:59:6:65:Infinity:62:6:65:Infinity":8,"s:59:6:65:Infinity":34,"s:60:8:60:Infinity":35,"s:61:8:61:Infinity":36,"b:62:6:65:Infinity:undefined:undefined:undefined:undefined":9,"s:62:6:65:Infinity":37,"b:62:17:62:38:62:38:62:72":10,"s:63:8:63:Infinity":38,"s:64:8:64:Infinity":39,"b:67:6:70:Infinity:undefined:undefined:undefined:undefined":11,"s:67:6:70:Infinity":40,"s:68:8:68:Infinity":41,"s:69:8:69:Infinity":42,"f:69:19:69:25":6,"s:69:25:69:44":43,"b:73:4:93:Infinity:undefined:undefined:undefined:undefined":12,"s:73:4:93:Infinity":44,"s:74:24:74:Infinity":45,"b:75:6:87:Infinity:78:6:87:Infinity":13,"s:75:6:87:Infinity":46,"s:76:8:76:Infinity":47,"s:77:8:77:Infinity":48,"b:78:6:87:Infinity:81:6:87:Infinity":14,"s:78:6:87:Infinity":49,"s:79:8:79:Infinity":50,"s:80:8:80:Infinity":51,"b:81:6:87:Infinity:84:6:87:Infinity":15,"s:81:6:87:Infinity":52,"b:81:17:81:38:81:38:81:72":16,"s:82:8:82:Infinity":53,"s:83:8:83:Infinity":54,"b:84:6:87:Infinity:undefined:undefined:undefined:undefined":17,"s:84:6:87:Infinity":55,"s:85:8:85:Infinity":56,"s:86:8:86:Infinity":57,"b:89:6:92:Infinity:undefined:undefined:undefined:undefined":18,"s:89:6:92:Infinity":58,"s:90:8:90:Infinity":59,"s:91:8:91:Infinity":60,"f:91:19:91:25":7,"s:91:25:91:44":61,"s:96:26:98:Infinity":62,"f:96:26:96:27":8,"s:97:4:97:Infinity":63,"s:100:23:158:Infinity":64,"f:100:23:100:30":9,"s:101:4:101:Infinity":65,"b:103:4:103:Infinity:undefined:undefined:undefined:undefined":19,"s:103:4:103:Infinity":66,"s:103:22:103:Infinity":67,"s:105:4:105:Infinity":68,"s:107:22:107:Infinity":69,"b:109:4:109:Infinity:undefined:undefined:undefined:undefined":20,"s:109:4:109:Infinity":70,"s:109:27:109:Infinity":71,"b:110:4:112:Infinity:110:46:112:Infinity":21,"s:110:4:112:Infinity":72,"s:110:28:110:Infinity":73,"b:110:46:112:Infinity:undefined:undefined:undefined:undefined":22,"s:110:46:112:Infinity":74,"s:112:6:112:Infinity":75,"b:114:4:114:Infinity:undefined:undefined:undefined:undefined":23,"s:114:4:114:Infinity":76,"s:114:23:114:Infinity":77,"b:115:4:115:Infinity:undefined:undefined:undefined:undefined":24,"s:115:4:115:Infinity":78,"s:115:30:115:Infinity":79,"s:117:4:117:Infinity":80,"b:119:4:157:Infinity:155:11:157:Infinity":25,"s:119:4:157:Infinity":81,"s:120:6:154:Infinity":82,"s:122:25:122:Infinity":83,"s:123:8:123:Infinity":84,"s:124:8:124:Infinity":85,"s:125:8:125:Infinity":86,"s:126:8:126:Infinity":87,"s:127:8:127:Infinity":88,"s:128:8:128:Infinity":89,"s:129:8:129:Infinity":90,"s:131:25:137:Infinity":91,"b:139:8:149:Infinity:147:15:149:Infinity":26,"s:139:8:149:Infinity":92,"s:140:10:140:Infinity":93,"s:141:10:141:Infinity":94,"s:143:10:146:Infinity":95,"f:143:21:143:27":10,"s:144:12:144:Infinity":96,"s:145:12:145:Infinity":97,"s:148:10:148:Infinity":98,"s:151:8:151:Infinity":99,"s:152:8:152:Infinity":100,"s:153:8:153:Infinity":101,"s:156:6:156:Infinity":102,"s:160:20:259:Infinity":103,"f:160:20:160:27":11,"s:160:27:259:Infinity":104,"b:162:26:162:45:162:45:162:Infinity":27,"b:164:28:164:37:164:37:164:Infinity":28,"b:165:34:165:43:165:43:165:Infinity":29,"b:166:29:166:38:166:38:166:Infinity":30,"b:169:27:169:36:169:36:169:Infinity":31,"b:169:47:169:56:169:56:169:Infinity":32,"b:177:26:177:35:177:35:177:Infinity":33,"b:184:27:184:36:184:36:184:Infinity":34,"b:186:31:186:40:186:40:186:Infinity":35,"b:192:22:192:31:192:31:192:Infinity":36,"b:196:22:196:31:196:31:196:Infinity":37,"b:207:26:207:40:207:40:207:Infinity":38,"b:212:27:212:36:212:36:212:Infinity":39,"b:218:26:218:35:218:35:218:Infinity":40,"b:223:27:223:36:223:36:223:Infinity":41,"b:230:27:230:36:230:36:230:Infinity":42,"b:240:27:240:36:240:36:240:Infinity":43,"b:244:28:244:38:244:38:244:Infinity":44,"b:252:27:252:36:252:36:252:Infinity":45,"b:256:27:256:36:256:36:256:Infinity":46,"s:261:17:261:Infinity":105,"s:263:2:427:Infinity":106,"b:286:9:286:Infinity:287:10:287:Infinity":47,"b:291:10:314:Infinity:316:10:419:Infinity":48,"f:323:24:323:30":12,"s:323:30:323:Infinity":107,"b:324:49:324:80:324:80:324:Infinity":49,"b:328:40:328:62:328:62:328:Infinity":50,"b:332:42:332:57:332:57:332:61":51,"f:340:25:340:31":13,"s:340:31:340:Infinity":108,"f:341:24:341:30":14,"s:341:30:341:Infinity":109,"b:342:50:342:81:342:81:342:Infinity":52,"b:346:41:346:63:346:63:346:Infinity":53,"b:350:42:350:58:350:58:350:62":54,"f:359:23:359:29":15,"s:359:29:359:Infinity":110,"f:360:22:360:28":16,"s:360:28:360:Infinity":111,"b:361:50:361:81:361:81:361:Infinity":55,"b:365:41:365:63:365:63:365:Infinity":56,"b:380:40:380:58:380:58:380:62":57,"f:388:23:388:29":17,"s:388:29:388:Infinity":112,"f:389:22:389:28":18,"s:389:28:389:Infinity":113,"b:390:50:390:81:390:81:390:Infinity":58,"b:396:41:396:63:396:63:396:Infinity":59,"b:400:40:400:58:400:58:400:62":60,"b:403:11:403:Infinity:404:12:406:Infinity":61,"b:412:38:412:44:412:44:412:Infinity":62,"b:413:37:413:53:413:53:413:Infinity":63,"b:417:28:417:43:417:43:417:Infinity":64}}}
,"/Users/sahilbasra/my-portfolio/src/components/Experience.jsx": {"path":"/Users/sahilbasra/my-portfolio/src/components/Experience.jsx","statementMap":{"0":{"start":{"line":6,"column":19},"end":{"line":31,"column":null}},"1":{"start":{"line":34,"column":29},"end":{"line":34,"column":null}},"2":{"start":{"line":35,"column":40},"end":{"line":35,"column":null}},"3":{"start":{"line":37,"column":23},"end":{"line":42,"column":null}},"4":{"start":{"line":38,"column":4},"end":{"line":41,"column":null}},"5":{"start":{"line":38,"column":30},"end":{"line":41,"column":6}},"6":{"start":{"line":44,"column":20},"end":{"line":134,"column":null}},"7":{"start":{"line":44,"column":27},"end":{"line":134,"column":null}},"8":{"start":{"line":136,"column":17},"end":{"line":136,"column":null}},"9":{"start":{"line":138,"column":2},"end":{"line":194,"column":null}},"10":{"start":{"line":152,"column":10},"end":{"line":191,"column":null}},"11":{"start":{"line":173,"column":33},"end":{"line":173,"column":null}},"12":{"start":{"line":178,"column":39},"end":{"line":178,"column":null}},"13":{"start":{"line":179,"column":39},"end":{"line":179,"column":null}}},"fnMap":{"0":{"name":"Experience","decl":{"start":{"line":33,"column":9},"end":{"line":33,"column":22}},"loc":{"start":{"line":33,"column":22},"end":{"line":196,"column":null}},"line":33},"1":{"name":"(anonymous_1)","decl":{"start":{"line":37,"column":23},"end":{"line":37,"column":24}},"loc":{"start":{"line":37,"column":34},"end":{"line":42,"column":null}},"line":37},"2":{"name":"(anonymous_2)","decl":{"start":{"line":38,"column":21},"end":{"line":38,"column":30}},"loc":{"start":{"line":38,"column":30},"end":{"line":41,"column":6}},"line":38},"3":{"name":"(anonymous_3)","decl":{"start":{"line":44,"column":20},"end":{"line":44,"column":27}},"loc":{"start":{"line":44,"column":27},"end":{"line":134,"column":null}},"line":44},"4":{"name":"(anonymous_4)","decl":{"start":{"line":151,"column":24},"end":{"line":151,"column":25}},"loc":{"start":{"line":152,"column":10},"end":{"line":191,"column":null}},"line":152},"5":{"name":"(anonymous_5)","decl":{"start":{"line":173,"column":27},"end":{"line":173,"column":33}},"loc":{"start":{"line":173,"column":33},"end":{"line":173,"column":null}},"line":173},"6":{"name":"(anonymous_6)","decl":{"start":{"line":178,"column":32},"end":{"line":178,"column":33}},"loc":{"start":{"line":178,"column":39},"end":{"line":178,"column":null}},"line":178},"7":{"name":"(anonymous_7)","decl":{"start":{"line":179,"column":32},"end":{"line":179,"column":33}},"loc":{"start":{"line":179,"column":39},"end":{"line":179,"column":null}},"line":179}},"branchMap":{"0":{"loc":{"start":{"line":46,"column":15},"end":{"line":46,"column":null}},"type":"cond-expr","locations":[{"start":{"line":46,"column":26},"end":{"line":46,"column":40}},{"start":{"line":46,"column":40},"end":{"line":46,"column":null}}],"line":46},"1":{"loc":{"start":{"line":48,"column":23},"end":{"line":48,"column":null}},"type":"cond-expr","locations":[{"start":{"line":48,"column":34},"end":{"line":48,"column":43}},{"start":{"line":48,"column":43},"end":{"line":48,"column":null}}],"line":48},"2":{"loc":{"start":{"line":51,"column":16},"end":{"line":51,"column":null}},"type":"cond-expr","locations":[{"start":{"line":51,"column":27},"end":{"line":51,"column":36}},{"start":{"line":51,"column":36},"end":{"line":51,"column":null}}],"line":51},"3":{"loc":{"start":{"line":51,"column":36},"end":{"line":51,"column":null}},"type":"cond-expr","locations":[{"start":{"line":51,"column":47},"end":{"line":51,"column":56}},{"start":{"line":51,"column":56},"end":{"line":51,"column":null}}],"line":51},"4":{"loc":{"start":{"line":59,"column":15},"end":{"line":59,"column":null}},"type":"cond-expr","locations":[{"start":{"line":59,"column":26},"end":{"line":59,"column":35}},{"start":{"line":59,"column":35},"end":{"line":59,"column":null}}],"line":59},"5":{"loc":{"start":{"line":63,"column":20},"end":{"line":63,"column":null}},"type":"cond-expr","locations":[{"start":{"line":63,"column":31},"end":{"line":63,"column":40}},{"start":{"line":63,"column":40},"end":{"line":63,"column":null}}],"line":63},"6":{"loc":{"start":{"line":67,"column":16},"end":{"line":67,"column":null}},"type":"cond-expr","locations":[{"start":{"line":67,"column":27},"end":{"line":67,"column":36}},{"start":{"line":67,"column":36},"end":{"line":67,"column":null}}],"line":67},"7":{"loc":{"start":{"line":71,"column":16},"end":{"line":71,"column":null}},"type":"cond-expr","locations":[{"start":{"line":71,"column":27},"end":{"line":71,"column":36}},{"start":{"line":71,"column":36},"end":{"line":71,"column":null}}],"line":71},"8":{"loc":{"start":{"line":77,"column":15},"end":{"line":77,"column":null}},"type":"cond-expr","locations":[{"start":{"line":77,"column":26},"end":{"line":77,"column":35}},{"start":{"line":77,"column":35},"end":{"line":77,"column":null}}],"line":77},"9":{"loc":{"start":{"line":86,"column":16},"end":{"line":86,"column":null}},"type":"cond-expr","locations":[{"start":{"line":86,"column":27},"end":{"line":86,"column":36}},{"start":{"line":86,"column":36},"end":{"line":86,"column":null}}],"line":86},"10":{"loc":{"start":{"line":126,"column":16},"end":{"line":126,"column":null}},"type":"cond-expr","locations":[{"start":{"line":126,"column":27},"end":{"line":126,"column":36}},{"start":{"line":126,"column":36},"end":{"line":126,"column":null}}],"line":126},"11":{"loc":{"start":{"line":130,"column":16},"end":{"line":130,"column":null}},"type":"cond-expr","locations":[{"start":{"line":130,"column":27},"end":{"line":130,"column":36}},{"start":{"line":130,"column":36},"end":{"line":130,"column":null}}],"line":130},"12":{"loc":{"start":{"line":167,"column":20},"end":{"line":167,"column":null}},"type":"cond-expr","locations":[{"start":{"line":167,"column":43},"end":{"line":167,"column":48}},{"start":{"line":167,"column":48},"end":{"line":167,"column":null}}],"line":167},"13":{"loc":{"start":{"line":176,"column":31},"end":{"line":176,"column":null}},"type":"cond-expr","locations":[{"start":{"line":176,"column":54},"end":{"line":176,"column":73}},{"start":{"line":176,"column":73},"end":{"line":176,"column":null}}],"line":176},"14":{"loc":{"start":{"line":180,"column":30},"end":{"line":180,"column":null}},"type":"cond-expr","locations":[{"start":{"line":180,"column":53},"end":{"line":180,"column":74}},{"start":{"line":180,"column":74},"end":{"line":180,"column":null}}],"line":180}},"s":{"0":1,"1":6,"2":6,"3":6,"4":0,"5":0,"6":6,"7":6,"8":6,"9":6,"10":18,"11":0,"12":0,"13":0},"f":{"0":6,"1":0,"2":0,"3":6,"4":18,"5":0,"6":0,"7":0},"b":{"0":[0,6],"1":[0,6],"2":[0,6],"3":[6,0],"4":[0,6],"5":[0,6],"6":[0,6],"7":[0,6],"8":[0,6],"9":[0,6],"10":[0,6],"11":[0,6],"12":[0,18],"13":[0,18],"14":[0,18]},"meta":{"lastBranch":15,"lastFunction":8,"lastStatement":14,"seen":{"s:6:19:31:Infinity":0,"f:33:9:33:22":0,"s:34:29:34:Infinity":1,"s:35:40:35:Infinity":2,"s:37:23:42:Infinity":3,"f:37:23:37:24":1,"s:38:4:41:Infinity":4,"f:38:21:38:30":2,"s:38:30:41:6":5,"s:44:20:134:Infinity":6,"f:44:20:44:27":3,"s:44:27:134:Infinity":7,"b:46:26:46:40:46:40:46:Infinity":0,"b:48:34:48:43:48:43:48:Infinity":1,"b:51:27:51:36:51:36:51:Infinity":2,"b:51:47:51:56:51:56:51:Infinity":3,"b:59:26:59:35:59:35:59:Infinity":4,"b:63:31:63:40:63:40:63:Infinity":5,"b:67:27:67:36:67:36:67:Infinity":6,"b:71:27:71:36:71:36:71:Infinity":7,"b:77:26:77:35:77:35:77:Infinity":8,"b:86:27:86:36:86:36:86:Infinity":9,"b:126:27:126:36:126:36:126:Infinity":10,"b:130:27:130:36:130:36:130:Infinity":11,"s:136:17:136:Infinity":8,"s:138:2:194:Infinity":9,"f:151:24:151:25":4,"s:152:10:191:Infinity":10,"b:167:43:167:48:167:48:167:Infinity":12,"f:173:27:173:33":5,"s:173:33:173:Infinity":11,"b:176:54:176:73:176:73:176:Infinity":13,"f:178:32:178:33":6,"s:178:39:178:Infinity":12,"f:179:32:179:33":7,"s:179:39:179:Infinity":13,"b:180:53:180:74:180:74:180:Infinity":14}}}
,"/Users/sahilbasra/my-portfolio/src/components/Footer.jsx": {"path":"/Users/sahilbasra/my-portfolio/src/components/Footer.jsx","statementMap":{"0":{"start":{"line":2,"column":2},"end":{"line":13,"column":null}}},"fnMap":{"0":{"name":"Footer","decl":{"start":{"line":1,"column":9},"end":{"line":1,"column":18}},"loc":{"start":{"line":1,"column":18},"end":{"line":15,"column":null}},"line":1}},"branchMap":{},"s":{"0":2},"f":{"0":2},"b":{},"meta":{"lastBranch":0,"lastFunction":1,"lastStatement":1,"seen":{"f:1:9:1:18":0,"s:2:2:13:Infinity":0}}}
,"/Users/sahilbasra/my-portfolio/src/components/Hero.jsx": {"path":"/Users/sahilbasra/my-portfolio/src/components/Hero.jsx","statementMap":{"0":{"start":{"line":6,"column":29},"end":{"line":6,"column":null}},"1":{"start":{"line":8,"column":20},"end":{"line":115,"column":null}},"2":{"start":{"line":8,"column":27},"end":{"line":115,"column":null}},"3":{"start":{"line":117,"column":17},"end":{"line":117,"column":null}},"4":{"start":{"line":119,"column":2},"end":{"line":237,"column":null}},"5":{"start":{"line":201,"column":18},"end":{"line":202,"column":null}},"6":{"start":{"line":225,"column":18},"end":{"line":226,"column":null}}},"fnMap":{"0":{"name":"Hero","decl":{"start":{"line":5,"column":9},"end":{"line":5,"column":16}},"loc":{"start":{"line":5,"column":16},"end":{"line":239,"column":null}},"line":5},"1":{"name":"(anonymous_1)","decl":{"start":{"line":8,"column":20},"end":{"line":8,"column":27}},"loc":{"start":{"line":8,"column":27},"end":{"line":115,"column":null}},"line":8},"2":{"name":"(anonymous_2)","decl":{"start":{"line":200,"column":25},"end":{"line":200,"column":null}},"loc":{"start":{"line":201,"column":18},"end":{"line":202,"column":null}},"line":201},"3":{"name":"(anonymous_3)","decl":{"start":{"line":224,"column":25},"end":{"line":224,"column":null}},"loc":{"start":{"line":225,"column":18},"end":{"line":226,"column":null}},"line":225}},"branchMap":{"0":{"loc":{"start":{"line":10,"column":18},"end":{"line":10,"column":null}},"type":"cond-expr","locations":[{"start":{"line":10,"column":29},"end":{"line":10,"column":38}},{"start":{"line":10,"column":38},"end":{"line":10,"column":null}}],"line":10},"1":{"loc":{"start":{"line":11,"column":21},"end":{"line":11,"column":null}},"type":"cond-expr","locations":[{"start":{"line":11,"column":32},"end":{"line":11,"column":41}},{"start":{"line":11,"column":41},"end":{"line":11,"column":null}}],"line":11},"2":{"loc":{"start":{"line":11,"column":41},"end":{"line":11,"column":null}},"type":"cond-expr","locations":[{"start":{"line":11,"column":52},"end":{"line":11,"column":61}},{"start":{"line":11,"column":61},"end":{"line":11,"column":null}}],"line":11},"3":{"loc":{"start":{"line":12,"column":19},"end":{"line":12,"column":null}},"type":"cond-expr","locations":[{"start":{"line":12,"column":30},"end":{"line":12,"column":39}},{"start":{"line":12,"column":39},"end":{"line":12,"column":null}}],"line":12},"4":{"loc":{"start":{"line":13,"column":20},"end":{"line":13,"column":null}},"type":"cond-expr","locations":[{"start":{"line":13,"column":31},"end":{"line":13,"column":40}},{"start":{"line":13,"column":40},"end":{"line":13,"column":null}}],"line":13},"5":{"loc":{"start":{"line":14,"column":23},"end":{"line":14,"column":null}},"type":"cond-expr","locations":[{"start":{"line":14,"column":34},"end":{"line":14,"column":43}},{"start":{"line":14,"column":43},"end":{"line":14,"column":null}}],"line":14},"6":{"loc":{"start":{"line":22,"column":11},"end":{"line":22,"column":null}},"type":"cond-expr","locations":[{"start":{"line":22,"column":22},"end":{"line":22,"column":31}},{"start":{"line":22,"column":31},"end":{"line":22,"column":null}}],"line":22},"7":{"loc":{"start":{"line":26,"column":16},"end":{"line":26,"column":null}},"type":"cond-expr","locations":[{"start":{"line":26,"column":27},"end":{"line":26,"column":36}},{"start":{"line":26,"column":36},"end":{"line":26,"column":null}}],"line":26},"8":{"loc":{"start":{"line":28,"column":16},"end":{"line":28,"column":null}},"type":"cond-expr","locations":[{"start":{"line":28,"column":27},"end":{"line":28,"column":36}},{"start":{"line":28,"column":36},"end":{"line":28,"column":null}}],"line":28},"9":{"loc":{"start":{"line":31,"column":16},"end":{"line":31,"column":null}},"type":"cond-expr","locations":[{"start":{"line":31,"column":27},"end":{"line":31,"column":36}},{"start":{"line":31,"column":36},"end":{"line":31,"column":null}}],"line":31},"10":{"loc":{"start":{"line":31,"column":36},"end":{"line":31,"column":null}},"type":"cond-expr","locations":[{"start":{"line":31,"column":47},"end":{"line":31,"column":56}},{"start":{"line":31,"column":56},"end":{"line":31,"column":null}}],"line":31},"11":{"loc":{"start":{"line":42,"column":16},"end":{"line":42,"column":null}},"type":"cond-expr","locations":[{"start":{"line":42,"column":27},"end":{"line":42,"column":36}},{"start":{"line":42,"column":36},"end":{"line":42,"column":null}}],"line":42},"12":{"loc":{"start":{"line":45,"column":16},"end":{"line":45,"column":null}},"type":"cond-expr","locations":[{"start":{"line":45,"column":27},"end":{"line":45,"column":36}},{"start":{"line":45,"column":36},"end":{"line":45,"column":null}}],"line":45},"13":{"loc":{"start":{"line":49,"column":11},"end":{"line":49,"column":null}},"type":"cond-expr","locations":[{"start":{"line":49,"column":22},"end":{"line":49,"column":31}},{"start":{"line":49,"column":31},"end":{"line":49,"column":null}}],"line":49},"14":{"loc":{"start":{"line":50,"column":17},"end":{"line":50,"column":null}},"type":"cond-expr","locations":[{"start":{"line":50,"column":28},"end":{"line":50,"column":37}},{"start":{"line":50,"column":37},"end":{"line":50,"column":null}}],"line":50},"15":{"loc":{"start":{"line":58,"column":16},"end":{"line":58,"column":null}},"type":"cond-expr","locations":[{"start":{"line":58,"column":27},"end":{"line":58,"column":36}},{"start":{"line":58,"column":36},"end":{"line":58,"column":null}}],"line":58},"16":{"loc":{"start":{"line":64,"column":16},"end":{"line":64,"column":null}},"type":"cond-expr","locations":[{"start":{"line":64,"column":27},"end":{"line":64,"column":36}},{"start":{"line":64,"column":36},"end":{"line":64,"column":null}}],"line":64},"17":{"loc":{"start":{"line":71,"column":11},"end":{"line":71,"column":null}},"type":"cond-expr","locations":[{"start":{"line":71,"column":22},"end":{"line":71,"column":31}},{"start":{"line":71,"column":31},"end":{"line":71,"column":null}}],"line":71},"18":{"loc":{"start":{"line":77,"column":13},"end":{"line":77,"column":null}},"type":"cond-expr","locations":[{"start":{"line":77,"column":24},"end":{"line":77,"column":44}},{"start":{"line":77,"column":44},"end":{"line":77,"column":null}}],"line":77},"19":{"loc":{"start":{"line":78,"column":14},"end":{"line":78,"column":null}},"type":"cond-expr","locations":[{"start":{"line":78,"column":25},"end":{"line":78,"column":35}},{"start":{"line":78,"column":35},"end":{"line":78,"column":null}}],"line":78},"20":{"loc":{"start":{"line":79,"column":15},"end":{"line":79,"column":null}},"type":"cond-expr","locations":[{"start":{"line":79,"column":26},"end":{"line":79,"column":35}},{"start":{"line":79,"column":35},"end":{"line":79,"column":null}}],"line":79},"21":{"loc":{"start":{"line":90,"column":16},"end":{"line":90,"column":null}},"type":"cond-expr","locations":[{"start":{"line":90,"column":27},"end":{"line":90,"column":36}},{"start":{"line":90,"column":36},"end":{"line":90,"column":null}}],"line":90},"22":{"loc":{"start":{"line":95,"column":16},"end":{"line":95,"column":null}},"type":"cond-expr","locations":[{"start":{"line":95,"column":27},"end":{"line":95,"column":36}},{"start":{"line":95,"column":36},"end":{"line":95,"column":null}}],"line":95},"23":{"loc":{"start":{"line":103,"column":16},"end":{"line":103,"column":null}},"type":"cond-expr","locations":[{"start":{"line":103,"column":27},"end":{"line":103,"column":36}},{"start":{"line":103,"column":36},"end":{"line":103,"column":null}}],"line":103}},"s":{"0":9,"1":9,"2":9,"3":9,"4":9,"5":0,"6":0},"f":{"0":9,"1":9,"2":0,"3":0},"b":{"0":[0,9],"1":[0,9],"2":[9,0],"3":[0,9],"4":[0,9],"5":[0,9],"6":[0,9],"7":[0,9],"8":[0,9],"9":[0,9],"10":[9,0],"11":[0,9],"12":[0,9],"13":[0,9],"14":[0,9],"15":[0,9],"16":[0,9],"17":[0,9],"18":[0,9],"19":[0,9],"20":[0,9],"21":[0,9],"22":[0,9],"23":[0,9]},"meta":{"lastBranch":24,"lastFunction":4,"lastStatement":7,"seen":{"f:5:9:5:16":0,"s:6:29:6:Infinity":0,"s:8:20:115:Infinity":1,"f:8:20:8:27":1,"s:8:27:115:Infinity":2,"b:10:29:10:38:10:38:10:Infinity":0,"b:11:32:11:41:11:41:11:Infinity":1,"b:11:52:11:61:11:61:11:Infinity":2,"b:12:30:12:39:12:39:12:Infinity":3,"b:13:31:13:40:13:40:13:Infinity":4,"b:14:34:14:43:14:43:14:Infinity":5,"b:22:22:22:31:22:31:22:Infinity":6,"b:26:27:26:36:26:36:26:Infinity":7,"b:28:27:28:36:28:36:28:Infinity":8,"b:31:27:31:36:31:36:31:Infinity":9,"b:31:47:31:56:31:56:31:Infinity":10,"b:42:27:42:36:42:36:42:Infinity":11,"b:45:27:45:36:45:36:45:Infinity":12,"b:49:22:49:31:49:31:49:Infinity":13,"b:50:28:50:37:50:37:50:Infinity":14,"b:58:27:58:36:58:36:58:Infinity":15,"b:64:27:64:36:64:36:64:Infinity":16,"b:71:22:71:31:71:31:71:Infinity":17,"b:77:24:77:44:77:44:77:Infinity":18,"b:78:25:78:35:78:35:78:Infinity":19,"b:79:26:79:35:79:35:79:Infinity":20,"b:90:27:90:36:90:36:90:Infinity":21,"b:95:27:95:36:95:36:95:Infinity":22,"b:103:27:103:36:103:36:103:Infinity":23,"s:117:17:117:Infinity":3,"s:119:2:237:Infinity":4,"f:200:25:200:Infinity":2,"s:201:18:202:Infinity":5,"f:224:25:224:Infinity":3,"s:225:18:226:Infinity":6}}}
,"/Users/sahilbasra/my-portfolio/src/components/Navbar.jsx": {"path":"/Users/sahilbasra/my-portfolio/src/components/Navbar.jsx","statementMap":{"0":{"start":{"line":6,"column":17},"end":{"line":15,"column":null}},"1":{"start":{"line":18,"column":26},"end":{"line":18,"column":null}},"2":{"start":{"line":19,"column":30},"end":{"line":19,"column":null}},"3":{"start":{"line":20,"column":34},"end":{"line":20,"column":null}},"4":{"start":{"line":21,"column":38},"end":{"line":21,"column":null}},"5":{"start":{"line":22,"column":26},"end":{"line":22,"column":null}},"6":{"start":{"line":23,"column":30},"end":{"line":23,"column":null}},"7":{"start":{"line":24,"column":34},"end":{"line":24,"column":null}},"8":{"start":{"line":25,"column":36},"end":{"line":25,"column":null}},"9":{"start":{"line":27,"column":27},"end":{"line":35,"column":null}},"10":{"start":{"line":28,"column":4},"end":{"line":28,"column":null}},"11":{"start":{"line":28,"column":29},"end":{"line":28,"column":null}},"12":{"start":{"line":30,"column":18},"end":{"line":30,"column":null}},"13":{"start":{"line":31,"column":4},"end":{"line":34,"column":null}},"14":{"start":{"line":32,"column":6},"end":{"line":33,"column":null}},"15":{"start":{"line":33,"column":39},"end":{"line":33,"column":62}},"16":{"start":{"line":37,"column":34},"end":{"line":49,"column":null}},"17":{"start":{"line":38,"column":4},"end":{"line":38,"column":null}},"18":{"start":{"line":39,"column":4},"end":{"line":39,"column":null}},"19":{"start":{"line":42,"column":20},"end":{"line":42,"column":null}},"20":{"start":{"line":43,"column":4},"end":{"line":45,"column":null}},"21":{"start":{"line":44,"column":6},"end":{"line":44,"column":null}},"22":{"start":{"line":48,"column":4},"end":{"line":48,"column":null}},"23":{"start":{"line":51,"column":31},"end":{"line":58,"column":null}},"24":{"start":{"line":52,"column":4},"end":{"line":57,"column":null}},"25":{"start":{"line":53,"column":22},"end":{"line":53,"column":null}},"26":{"start":{"line":54,"column":6},"end":{"line":56,"column":null}},"27":{"start":{"line":55,"column":8},"end":{"line":55,"column":null}},"28":{"start":{"line":60,"column":28},"end":{"line":65,"column":null}},"29":{"start":{"line":61,"column":2},"end":{"line":63,"column":null}},"30":{"start":{"line":62,"column":4},"end":{"line":62,"column":null}},"31":{"start":{"line":64,"column":2},"end":{"line":64,"column":null}},"32":{"start":{"line":67,"column":2},"end":{"line":71,"column":null}},"33":{"start":{"line":68,"column":18},"end":{"line":68,"column":null}},"34":{"start":{"line":68,"column":24},"end":{"line":68,"column":null}},"35":{"start":{"line":69,"column":4},"end":{"line":69,"column":null}},"36":{"start":{"line":70,"column":4},"end":{"line":70,"column":null}},"37":{"start":{"line":70,"column":17},"end":{"line":70,"column":null}},"38":{"start":{"line":73,"column":2},"end":{"line":101,"column":null}},"39":{"start":{"line":74,"column":25},"end":{"line":97,"column":null}},"40":{"start":{"line":75,"column":20},"end":{"line":75,"column":null}},"41":{"start":{"line":77,"column":6},"end":{"line":85,"column":null}},"42":{"start":{"line":78,"column":24},"end":{"line":78,"column":null}},"43":{"start":{"line":79,"column":8},"end":{"line":79,"column":null}},"44":{"start":{"line":79,"column":22},"end":{"line":79,"column":null}},"45":{"start":{"line":81,"column":20},"end":{"line":81,"column":null}},"46":{"start":{"line":82,"column":8},"end":{"line":84,"column":null}},"47":{"start":{"line":83,"column":10},"end":{"line":83,"column":null}},"48":{"start":{"line":89,"column":8},"end":{"line":90,"column":null}},"49":{"start":{"line":92,"column":6},"end":{"line":94,"column":null}},"50":{"start":{"line":93,"column":8},"end":{"line":93,"column":null}},"51":{"start":{"line":96,"column":6},"end":{"line":96,"column":null}},"52":{"start":{"line":99,"column":4},"end":{"line":99,"column":null}},"53":{"start":{"line":100,"column":4},"end":{"line":100,"column":null}},"54":{"start":{"line":100,"column":17},"end":{"line":100,"column":null}},"55":{"start":{"line":103,"column":2},"end":{"line":127,"column":null}},"56":{"start":{"line":104,"column":25},"end":{"line":123,"column":null}},"57":{"start":{"line":105,"column":28},"end":{"line":105,"column":null}},"58":{"start":{"line":107,"column":6},"end":{"line":122,"column":null}},"59":{"start":{"line":109,"column":8},"end":{"line":109,"column":null}},"60":{"start":{"line":110,"column":8},"end":{"line":110,"column":null}},"61":{"start":{"line":113,"column":8},"end":{"line":121,"column":null}},"62":{"start":{"line":114,"column":10},"end":{"line":114,"column":null}},"63":{"start":{"line":115,"column":10},"end":{"line":115,"column":null}},"64":{"start":{"line":116,"column":10},"end":{"line":116,"column":null}},"65":{"start":{"line":118,"column":10},"end":{"line":118,"column":null}},"66":{"start":{"line":119,"column":10},"end":{"line":119,"column":null}},"67":{"start":{"line":120,"column":10},"end":{"line":120,"column":null}},"68":{"start":{"line":125,"column":4},"end":{"line":125,"column":null}},"69":{"start":{"line":126,"column":4},"end":{"line":126,"column":null}},"70":{"start":{"line":126,"column":17},"end":{"line":126,"column":null}},"71":{"start":{"line":129,"column":2},"end":{"line":141,"column":null}},"72":{"start":{"line":130,"column":27},"end":{"line":137,"column":null}},"73":{"start":{"line":131,"column":24},"end":{"line":131,"column":null}},"74":{"start":{"line":133,"column":8},"end":{"line":134,"column":null}},"75":{"start":{"line":136,"column":6},"end":{"line":136,"column":null}},"76":{"start":{"line":139,"column":4},"end":{"line":139,"column":null}},"77":{"start":{"line":140,"column":4},"end":{"line":140,"column":null}},"78":{"start":{"line":140,"column":17},"end":{"line":140,"column":null}},"79":{"start":{"line":144,"column":2},"end":{"line":153,"column":null}},"80":{"start":{"line":145,"column":4},"end":{"line":149,"column":null}},"81":{"start":{"line":146,"column":6},"end":{"line":146,"column":null}},"82":{"start":{"line":148,"column":6},"end":{"line":148,"column":null}},"83":{"start":{"line":150,"column":4},"end":{"line":152,"column":null}},"84":{"start":{"line":151,"column":6},"end":{"line":151,"column":null}},"85":{"start":{"line":155,"column":2},"end":{"line":412,"column":null}},"86":{"start":{"line":185,"column":12},"end":{"line":194,"column":null}},"87":{"start":{"line":203,"column":29},"end":{"line":203,"column":null}},"88":{"start":{"line":232,"column":29},"end":{"line":232,"column":null}},"89":{"start":{"line":247,"column":31},"end":{"line":247,"column":null}},"90":{"start":{"line":255,"column":16},"end":{"line":255,"column":null}},"91":{"start":{"line":256,"column":16},"end":{"line":256,"column":null}},"92":{"start":{"line":271,"column":25},"end":{"line":271,"column":null}},"93":{"start":{"line":272,"column":28},"end":{"line":272,"column":null}},"94":{"start":{"line":280,"column":28},"end":{"line":280,"column":null}},"95":{"start":{"line":281,"column":31},"end":{"line":281,"column":null}},"96":{"start":{"line":285,"column":29},"end":{"line":285,"column":null}},"97":{"start":{"line":292,"column":14},"end":{"line":302,"column":null}},"98":{"start":{"line":299,"column":31},"end":{"line":299,"column":null}},"99":{"start":{"line":313,"column":14},"end":{"line":320,"column":null}},"100":{"start":{"line":316,"column":31},"end":{"line":316,"column":null}},"101":{"start":{"line":331,"column":10},"end":{"line":331,"column":null}},"102":{"start":{"line":332,"column":10},"end":{"line":332,"column":null}},"103":{"start":{"line":334,"column":58},"end":{"line":334,"column":null}},"104":{"start":{"line":342,"column":35},"end":{"line":342,"column":null}},"105":{"start":{"line":350,"column":20},"end":{"line":350,"column":null}},"106":{"start":{"line":351,"column":20},"end":{"line":351,"column":null}},"107":{"start":{"line":363,"column":22},"end":{"line":370,"column":null}},"108":{"start":{"line":366,"column":39},"end":{"line":366,"column":null}},"109":{"start":{"line":398,"column":12},"end":{"line":408,"column":null}},"110":{"start":{"line":416,"column":15},"end":{"line":683,"column":null}}},"fnMap":{"0":{"name":"Navbar","decl":{"start":{"line":17,"column":9},"end":{"line":17,"column":18}},"loc":{"start":{"line":17,"column":18},"end":{"line":414,"column":null}},"line":17},"1":{"name":"(anonymous_1)","decl":{"start":{"line":27,"column":27},"end":{"line":27,"column":33}},"loc":{"start":{"line":27,"column":33},"end":{"line":35,"column":null}},"line":27},"2":{"name":"(anonymous_2)","decl":{"start":{"line":31,"column":27},"end":{"line":31,"column":null}},"loc":{"start":{"line":32,"column":6},"end":{"line":33,"column":null}},"line":32},"3":{"name":"(anonymous_3)","decl":{"start":{"line":33,"column":28},"end":{"line":33,"column":39}},"loc":{"start":{"line":33,"column":39},"end":{"line":33,"column":62}},"line":33},"4":{"name":"(anonymous_4)","decl":{"start":{"line":37,"column":34},"end":{"line":37,"column":35}},"loc":{"start":{"line":37,"column":49},"end":{"line":49,"column":null}},"line":37},"5":{"name":"(anonymous_5)","decl":{"start":{"line":51,"column":31},"end":{"line":51,"column":32}},"loc":{"start":{"line":51,"column":38},"end":{"line":58,"column":null}},"line":51},"6":{"name":"(anonymous_6)","decl":{"start":{"line":60,"column":41},"end":{"line":60,"column":47}},"loc":{"start":{"line":60,"column":47},"end":{"line":65,"column":1}},"line":60},"7":{"name":"(anonymous_7)","decl":{"start":{"line":67,"column":18},"end":{"line":67,"column":24}},"loc":{"start":{"line":67,"column":24},"end":{"line":71,"column":5}},"line":67},"8":{"name":"(anonymous_8)","decl":{"start":{"line":68,"column":18},"end":{"line":68,"column":24}},"loc":{"start":{"line":68,"column":24},"end":{"line":68,"column":null}},"line":68},"9":{"name":"(anonymous_9)","decl":{"start":{"line":70,"column":11},"end":{"line":70,"column":17}},"loc":{"start":{"line":70,"column":17},"end":{"line":70,"column":null}},"line":70},"10":{"name":"(anonymous_10)","decl":{"start":{"line":73,"column":12},"end":{"line":73,"column":18}},"loc":{"start":{"line":73,"column":18},"end":{"line":101,"column":5}},"line":73},"11":{"name":"(anonymous_11)","decl":{"start":{"line":74,"column":25},"end":{"line":74,"column":31}},"loc":{"start":{"line":74,"column":31},"end":{"line":97,"column":null}},"line":74},"12":{"name":"(anonymous_12)","decl":{"start":{"line":77,"column":23},"end":{"line":77,"column":24}},"loc":{"start":{"line":77,"column":35},"end":{"line":85,"column":7}},"line":77},"13":{"name":"(anonymous_13)","decl":{"start":{"line":100,"column":11},"end":{"line":100,"column":17}},"loc":{"start":{"line":100,"column":17},"end":{"line":100,"column":null}},"line":100},"14":{"name":"(anonymous_14)","decl":{"start":{"line":103,"column":12},"end":{"line":103,"column":18}},"loc":{"start":{"line":103,"column":18},"end":{"line":127,"column":5}},"line":103},"15":{"name":"(anonymous_15)","decl":{"start":{"line":104,"column":25},"end":{"line":104,"column":31}},"loc":{"start":{"line":104,"column":31},"end":{"line":123,"column":null}},"line":104},"16":{"name":"(anonymous_16)","decl":{"start":{"line":126,"column":11},"end":{"line":126,"column":17}},"loc":{"start":{"line":126,"column":17},"end":{"line":126,"column":null}},"line":126},"17":{"name":"(anonymous_17)","decl":{"start":{"line":129,"column":12},"end":{"line":129,"column":18}},"loc":{"start":{"line":129,"column":18},"end":{"line":141,"column":5}},"line":129},"18":{"name":"(anonymous_18)","decl":{"start":{"line":130,"column":27},"end":{"line":130,"column":33}},"loc":{"start":{"line":130,"column":33},"end":{"line":137,"column":null}},"line":130},"19":{"name":"(anonymous_19)","decl":{"start":{"line":140,"column":11},"end":{"line":140,"column":17}},"loc":{"start":{"line":140,"column":17},"end":{"line":140,"column":null}},"line":140},"20":{"name":"(anonymous_20)","decl":{"start":{"line":144,"column":12},"end":{"line":144,"column":18}},"loc":{"start":{"line":144,"column":18},"end":{"line":153,"column":5}},"line":144},"21":{"name":"(anonymous_21)","decl":{"start":{"line":150,"column":11},"end":{"line":150,"column":17}},"loc":{"start":{"line":150,"column":17},"end":{"line":152,"column":null}},"line":150},"22":{"name":"(anonymous_22)","decl":{"start":{"line":184,"column":23},"end":{"line":184,"column":24}},"loc":{"start":{"line":185,"column":12},"end":{"line":194,"column":null}},"line":185},"23":{"name":"(anonymous_23)","decl":{"start":{"line":203,"column":23},"end":{"line":203,"column":29}},"loc":{"start":{"line":203,"column":29},"end":{"line":203,"column":null}},"line":203},"24":{"name":"(anonymous_24)","decl":{"start":{"line":232,"column":23},"end":{"line":232,"column":29}},"loc":{"start":{"line":232,"column":29},"end":{"line":232,"column":null}},"line":232},"25":{"name":"(anonymous_25)","decl":{"start":{"line":247,"column":24},"end":{"line":247,"column":25}},"loc":{"start":{"line":247,"column":31},"end":{"line":247,"column":null}},"line":247},"26":{"name":"(anonymous_26)","decl":{"start":{"line":254,"column":23},"end":{"line":254,"column":29}},"loc":{"start":{"line":254,"column":29},"end":{"line":257,"column":null}},"line":254},"27":{"name":"(anonymous_27)","decl":{"start":{"line":271,"column":19},"end":{"line":271,"column":25}},"loc":{"start":{"line":271,"column":25},"end":{"line":271,"column":null}},"line":271},"28":{"name":"(anonymous_28)","decl":{"start":{"line":272,"column":22},"end":{"line":272,"column":28}},"loc":{"start":{"line":272,"column":28},"end":{"line":272,"column":null}},"line":272},"29":{"name":"(anonymous_29)","decl":{"start":{"line":280,"column":21},"end":{"line":280,"column":22}},"loc":{"start":{"line":280,"column":28},"end":{"line":280,"column":null}},"line":280},"30":{"name":"(anonymous_30)","decl":{"start":{"line":281,"column":24},"end":{"line":281,"column":25}},"loc":{"start":{"line":281,"column":31},"end":{"line":281,"column":null}},"line":281},"31":{"name":"(anonymous_31)","decl":{"start":{"line":285,"column":23},"end":{"line":285,"column":29}},"loc":{"start":{"line":285,"column":29},"end":{"line":285,"column":null}},"line":285},"32":{"name":"(anonymous_32)","decl":{"start":{"line":291,"column":26},"end":{"line":291,"column":27}},"loc":{"start":{"line":292,"column":14},"end":{"line":302,"column":null}},"line":292},"33":{"name":"(anonymous_33)","decl":{"start":{"line":299,"column":25},"end":{"line":299,"column":31}},"loc":{"start":{"line":299,"column":31},"end":{"line":299,"column":null}},"line":299},"34":{"name":"(anonymous_34)","decl":{"start":{"line":312,"column":35},"end":{"line":312,"column":36}},"loc":{"start":{"line":313,"column":14},"end":{"line":320,"column":null}},"line":313},"35":{"name":"(anonymous_35)","decl":{"start":{"line":316,"column":25},"end":{"line":316,"column":31}},"loc":{"start":{"line":316,"column":31},"end":{"line":316,"column":null}},"line":316},"36":{"name":"(anonymous_36)","decl":{"start":{"line":330,"column":51},"end":{"line":330,"column":57}},"loc":{"start":{"line":330,"column":57},"end":{"line":333,"column":null}},"line":330},"37":{"name":"(anonymous_37)","decl":{"start":{"line":334,"column":51},"end":{"line":334,"column":52}},"loc":{"start":{"line":334,"column":58},"end":{"line":334,"column":null}},"line":334},"38":{"name":"(anonymous_38)","decl":{"start":{"line":342,"column":28},"end":{"line":342,"column":29}},"loc":{"start":{"line":342,"column":35},"end":{"line":342,"column":null}},"line":342},"39":{"name":"(anonymous_39)","decl":{"start":{"line":349,"column":27},"end":{"line":349,"column":33}},"loc":{"start":{"line":349,"column":33},"end":{"line":352,"column":null}},"line":349},"40":{"name":"(anonymous_40)","decl":{"start":{"line":362,"column":43},"end":{"line":362,"column":44}},"loc":{"start":{"line":363,"column":22},"end":{"line":370,"column":null}},"line":363},"41":{"name":"(anonymous_41)","decl":{"start":{"line":366,"column":33},"end":{"line":366,"column":39}},"loc":{"start":{"line":366,"column":39},"end":{"line":366,"column":null}},"line":366},"42":{"name":"(anonymous_42)","decl":{"start":{"line":397,"column":24},"end":{"line":397,"column":25}},"loc":{"start":{"line":398,"column":12},"end":{"line":408,"column":null}},"line":398}},"branchMap":{"0":{"loc":{"start":{"line":28,"column":4},"end":{"line":28,"column":null}},"type":"if","locations":[{"start":{"line":28,"column":4},"end":{"line":28,"column":null}},{"start":{},"end":{}}],"line":28},"1":{"loc":{"start":{"line":32,"column":6},"end":{"line":33,"column":null}},"type":"binary-expr","locations":[{"start":{"line":32,"column":6},"end":{"line":32,"column":null}},{"start":{"line":33,"column":6},"end":{"line":33,"column":null}}],"line":32},"2":{"loc":{"start":{"line":43,"column":4},"end":{"line":45,"column":null}},"type":"if","locations":[{"start":{"line":43,"column":4},"end":{"line":45,"column":null}},{"start":{},"end":{}}],"line":43},"3":{"loc":{"start":{"line":52,"column":4},"end":{"line":57,"column":null}},"type":"if","locations":[{"start":{"line":52,"column":4},"end":{"line":57,"column":null}},{"start":{},"end":{}}],"line":52},"4":{"loc":{"start":{"line":54,"column":6},"end":{"line":56,"column":null}},"type":"if","locations":[{"start":{"line":54,"column":6},"end":{"line":56,"column":null}},{"start":{},"end":{}}],"line":54},"5":{"loc":{"start":{"line":61,"column":2},"end":{"line":63,"column":null}},"type":"if","locations":[{"start":{"line":61,"column":2},"end":{"line":63,"column":null}},{"start":{},"end":{}}],"line":61},"6":{"loc":{"start":{"line":79,"column":8},"end":{"line":79,"column":null}},"type":"if","locations":[{"start":{"line":79,"column":8},"end":{"line":79,"column":null}},{"start":{},"end":{}}],"line":79},"7":{"loc":{"start":{"line":82,"column":8},"end":{"line":84,"column":null}},"type":"if","locations":[{"start":{"line":82,"column":8},"end":{"line":84,"column":null}},{"start":{},"end":{}}],"line":82},"8":{"loc":{"start":{"line":92,"column":6},"end":{"line":94,"column":null}},"type":"if","locations":[{"start":{"line":92,"column":6},"end":{"line":94,"column":null}},{"start":{},"end":{}}],"line":92},"9":{"loc":{"start":{"line":107,"column":6},"end":{"line":122,"column":null}},"type":"if","locations":[{"start":{"line":107,"column":6},"end":{"line":122,"column":null}},{"start":{"line":111,"column":13},"end":{"line":122,"column":null}}],"line":107},"10":{"loc":{"start":{"line":113,"column":8},"end":{"line":121,"column":null}},"type":"if","locations":[{"start":{"line":113,"column":8},"end":{"line":121,"column":null}},{"start":{"line":117,"column":15},"end":{"line":121,"column":null}}],"line":113},"11":{"loc":{"start":{"line":145,"column":4},"end":{"line":149,"column":null}},"type":"if","locations":[{"start":{"line":145,"column":4},"end":{"line":149,"column":null}},{"start":{"line":147,"column":11},"end":{"line":149,"column":null}}],"line":145},"12":{"loc":{"start":{"line":145,"column":8},"end":{"line":145,"column":30}},"type":"binary-expr","locations":[{"start":{"line":145,"column":8},"end":{"line":145,"column":20}},{"start":{"line":145,"column":20},"end":{"line":145,"column":30}}],"line":145},"13":{"loc":{"start":{"line":156,"column":16},"end":{"line":156,"column":null}},"type":"cond-expr","locations":[{"start":{"line":156,"column":27},"end":{"line":156,"column":50}},{"start":{"line":156,"column":50},"end":{"line":156,"column":null}}],"line":156},"14":{"loc":{"start":{"line":160,"column":19},"end":{"line":160,"column":null}},"type":"cond-expr","locations":[{"start":{"line":160,"column":32},"end":{"line":160,"column":36}},{"start":{"line":160,"column":36},"end":{"line":160,"column":null}}],"line":160},"15":{"loc":{"start":{"line":161,"column":13},"end":{"line":161,"column":null}},"type":"cond-expr","locations":[{"start":{"line":161,"column":26},"end":{"line":161,"column":30}},{"start":{"line":161,"column":30},"end":{"line":161,"column":null}}],"line":161},"16":{"loc":{"start":{"line":162,"column":17},"end":{"line":162,"column":null}},"type":"cond-expr","locations":[{"start":{"line":162,"column":26},"end":{"line":162,"column":33}},{"start":{"line":162,"column":33},"end":{"line":162,"column":null}}],"line":162},"17":{"loc":{"start":{"line":167,"column":14},"end":{"line":167,"column":null}},"type":"cond-expr","locations":[{"start":{"line":167,"column":25},"end":{"line":167,"column":47}},{"start":{"line":167,"column":47},"end":{"line":167,"column":null}}],"line":167},"18":{"loc":{"start":{"line":183,"column":9},"end":{"line":195,"column":null}},"type":"binary-expr","locations":[{"start":{"line":183,"column":9},"end":{"line":183,"column":null}},{"start":{"line":184,"column":10},"end":{"line":195,"column":null}}],"line":183},"19":{"loc":{"start":{"line":190,"column":25},"end":{"line":190,"column":null}},"type":"cond-expr","locations":[{"start":{"line":190,"column":46},"end":{"line":190,"column":50}},{"start":{"line":190,"column":50},"end":{"line":190,"column":null}}],"line":190},"20":{"loc":{"start":{"line":198,"column":9},"end":{"line":236,"column":null}},"type":"binary-expr","locations":[{"start":{"line":198,"column":9},"end":{"line":198,"column":21}},{"start":{"line":198,"column":21},"end":{"line":198,"column":null}},{"start":{"line":199,"column":10},"end":{"line":236,"column":null}}],"line":198},"21":{"loc":{"start":{"line":202,"column":26},"end":{"line":202,"column":null}},"type":"cond-expr","locations":[{"start":{"line":202,"column":37},"end":{"line":202,"column":52}},{"start":{"line":202,"column":52},"end":{"line":202,"column":null}}],"line":202},"22":{"loc":{"start":{"line":207,"column":26},"end":{"line":207,"column":null}},"type":"cond-expr","locations":[{"start":{"line":207,"column":37},"end":{"line":207,"column":42}},{"start":{"line":207,"column":42},"end":{"line":207,"column":null}}],"line":207},"23":{"loc":{"start":{"line":208,"column":21},"end":{"line":208,"column":null}},"type":"cond-expr","locations":[{"start":{"line":208,"column":32},"end":{"line":208,"column":36}},{"start":{"line":208,"column":36},"end":{"line":208,"column":null}}],"line":208},"24":{"loc":{"start":{"line":215,"column":27},"end":{"line":215,"column":null}},"type":"cond-expr","locations":[{"start":{"line":215,"column":38},"end":{"line":215,"column":42}},{"start":{"line":215,"column":42},"end":{"line":215,"column":null}}],"line":215},"25":{"loc":{"start":{"line":222,"column":26},"end":{"line":222,"column":null}},"type":"cond-expr","locations":[{"start":{"line":222,"column":37},"end":{"line":222,"column":43}},{"start":{"line":222,"column":43},"end":{"line":222,"column":null}}],"line":222},"26":{"loc":{"start":{"line":223,"column":21},"end":{"line":223,"column":null}},"type":"cond-expr","locations":[{"start":{"line":223,"column":32},"end":{"line":223,"column":37}},{"start":{"line":223,"column":37},"end":{"line":223,"column":null}}],"line":223},"27":{"loc":{"start":{"line":240,"column":9},"end":{"line":261,"column":null}},"type":"binary-expr","locations":[{"start":{"line":240,"column":9},"end":{"line":240,"column":21}},{"start":{"line":240,"column":21},"end":{"line":240,"column":null}},{"start":{"line":241,"column":10},"end":{"line":261,"column":null}}],"line":240},"28":{"loc":{"start":{"line":264,"column":7},"end":{"line":305,"column":null}},"type":"binary-expr","locations":[{"start":{"line":264,"column":7},"end":{"line":264,"column":19}},{"start":{"line":264,"column":19},"end":{"line":264,"column":null}},{"start":{"line":265,"column":8},"end":{"line":305,"column":null}}],"line":264},"29":{"loc":{"start":{"line":309,"column":7},"end":{"line":325,"column":null}},"type":"binary-expr","locations":[{"start":{"line":309,"column":7},"end"
[...]
end":{"line":182,"column":24}},"loc":{"start":{"line":182,"column":30},"end":{"line":185,"column":null}},"line":182}},"branchMap":{"0":{"loc":{"start":{"line":43,"column":15},"end":{"line":43,"column":null}},"type":"cond-expr","locations":[{"start":{"line":43,"column":26},"end":{"line":43,"column":40}},{"start":{"line":43,"column":40},"end":{"line":43,"column":null}}],"line":43},"1":{"loc":{"start":{"line":45,"column":23},"end":{"line":45,"column":null}},"type":"cond-expr","locations":[{"start":{"line":45,"column":34},"end":{"line":45,"column":43}},{"start":{"line":45,"column":43},"end":{"line":45,"column":null}}],"line":45},"2":{"loc":{"start":{"line":48,"column":16},"end":{"line":48,"column":null}},"type":"cond-expr","locations":[{"start":{"line":48,"column":27},"end":{"line":48,"column":36}},{"start":{"line":48,"column":36},"end":{"line":48,"column":null}}],"line":48},"3":{"loc":{"start":{"line":48,"column":36},"end":{"line":48,"column":null}},"type":"cond-expr","locations":[{"start":{"line":48,"column":47},"end":{"line":48,"column":56}},{"start":{"line":48,"column":56},"end":{"line":48,"column":null}}],"line":48},"4":{"loc":{"start":{"line":56,"column":15},"end":{"line":56,"column":null}},"type":"cond-expr","locations":[{"start":{"line":56,"column":26},"end":{"line":56,"column":35}},{"start":{"line":56,"column":35},"end":{"line":56,"column":null}}],"line":56},"5":{"loc":{"start":{"line":61,"column":11},"end":{"line":61,"column":null}},"type":"cond-expr","locations":[{"start":{"line":61,"column":22},"end":{"line":61,"column":31}},{"start":{"line":61,"column":31},"end":{"line":61,"column":null}}],"line":61},"6":{"loc":{"start":{"line":65,"column":15},"end":{"line":65,"column":null}},"type":"cond-expr","locations":[{"start":{"line":65,"column":26},"end":{"line":65,"column":50}},{"start":{"line":65,"column":50},"end":{"line":65,"column":null}}],"line":65},"7":{"loc":{"start":{"line":76,"column":11},"end":{"line":76,"column":null}},"type":"cond-expr","locations":[{"start":{"line":76,"column":22},"end":{"line":76,"column":31}},{"start":{"line":76,"column":31},"end":{"line":76,"column":null}}],"line":76},"8":{"loc":{"start":{"line":77,"column":12},"end":{"line":77,"column":null}},"type":"cond-expr","locations":[{"start":{"line":77,"column":23},"end":{"line":77,"column":32}},{"start":{"line":77,"column":32},"end":{"line":77,"column":null}}],"line":77},"9":{"loc":{"start":{"line":78,"column":13},"end":{"line":78,"column":null}},"type":"cond-expr","locations":[{"start":{"line":78,"column":24},"end":{"line":78,"column":33}},{"start":{"line":78,"column":33},"end":{"line":78,"column":null}}],"line":78},"10":{"loc":{"start":{"line":79,"column":14},"end":{"line":79,"column":null}},"type":"cond-expr","locations":[{"start":{"line":79,"column":25},"end":{"line":79,"column":34}},{"start":{"line":79,"column":34},"end":{"line":79,"column":null}}],"line":79},"11":{"loc":{"start":{"line":82,"column":16},"end":{"line":82,"column":null}},"type":"cond-expr","locations":[{"start":{"line":82,"column":27},"end":{"line":82,"column":36}},{"start":{"line":82,"column":36},"end":{"line":82,"column":null}}],"line":82},"12":{"loc":{"start":{"line":90,"column":11},"end":{"line":90,"column":null}},"type":"cond-expr","locations":[{"start":{"line":90,"column":22},"end":{"line":90,"column":31}},{"start":{"line":90,"column":31},"end":{"line":90,"column":null}}],"line":90},"13":{"loc":{"start":{"line":91,"column":13},"end":{"line":91,"column":null}},"type":"cond-expr","locations":[{"start":{"line":91,"column":24},"end":{"line":91,"column":33}},{"start":{"line":91,"column":33},"end":{"line":91,"column":null}}],"line":91},"14":{"loc":{"start":{"line":101,"column":16},"end":{"line":101,"column":null}},"type":"cond-expr","locations":[{"start":{"line":101,"column":27},"end":{"line":101,"column":36}},{"start":{"line":101,"column":36},"end":{"line":101,"column":null}}],"line":101},"15":{"loc":{"start":{"line":106,"column":16},"end":{"line":106,"column":null}},"type":"cond-expr","locations":[{"start":{"line":106,"column":27},"end":{"line":106,"column":36}},{"start":{"line":106,"column":36},"end":{"line":106,"column":null}}],"line":106},"16":{"loc":{"start":{"line":113,"column":16},"end":{"line":113,"column":null}},"type":"cond-expr","locations":[{"start":{"line":113,"column":27},"end":{"line":113,"column":36}},{"start":{"line":113,"column":36},"end":{"line":113,"column":null}}],"line":113},"17":{"loc":{"start":{"line":120,"column":16},"end":{"line":120,"column":null}},"type":"cond-expr","locations":[{"start":{"line":120,"column":27},"end":{"line":120,"column":36}},{"start":{"line":120,"column":36},"end":{"line":120,"column":null}}],"line":120},"18":{"loc":{"start":{"line":125,"column":16},"end":{"line":125,"column":null}},"type":"cond-expr","locations":[{"start":{"line":125,"column":27},"end":{"line":125,"column":36}},{"start":{"line":125,"column":36},"end":{"line":125,"column":null}}],"line":125},"19":{"loc":{"start":{"line":159,"column":27},"end":{"line":159,"column":61}},"type":"cond-expr","locations":[{"start":{"line":159,"column":49},"end":{"line":159,"column":56}},{"start":{"line":159,"column":56},"end":{"line":159,"column":61}}],"line":159},"20":{"loc":{"start":{"line":184,"column":29},"end":{"line":184,"column":63}},"type":"cond-expr","locations":[{"start":{"line":184,"column":51},"end":{"line":184,"column":58}},{"start":{"line":184,"column":58},"end":{"line":184,"column":63}}],"line":184},"21":{"loc":{"start":{"line":186,"column":33},"end":{"line":186,"column":63}},"type":"cond-expr","locations":[{"start":{"line":186,"column":55},"end":{"line":186,"column":61}},{"start":{"line":186,"column":61},"end":{"line":186,"column":63}}],"line":186},"22":{"loc":{"start":{"line":211,"column":13},"end":{"line":219,"column":null}},"type":"binary-expr","locations":[{"start":{"line":211,"column":13},"end":{"line":211,"column":null}},{"start":{"line":212,"column":14},"end":{"line":219,"column":null}}],"line":211}},"s":{"0":1,"1":10,"2":10,"3":10,"4":10,"5":10,"6":10,"7":40,"8":3,"9":0,"10":0},"f":{"0":10,"1":10,"2":40,"3":3,"4":0},"b":{"0":[0,10],"1":[0,10],"2":[0,10],"3":[10,0],"4":[0,10],"5":[0,10],"6":[0,10],"7":[0,10],"8":[0,10],"9":[0,10],"10":[0,10],"11":[0,10],"12":[0,10],"13":[0,10],"14":[0,10],"15":[0,10],"16":[0,10],"17":[0,10],"18":[0,10],"19":[1,2],"20":[0,0],"21":[2,38],"22":[40,2]},"meta":{"lastBranch":23,"lastFunction":5,"lastStatement":11,"seen":{"s:6:17:35:Infinity":0,"f:37:9:37:20":0,"s:38:32:38:Infinity":1,"s:39:29:39:Infinity":2,"s:41:20:130:Infinity":3,"f:41:20:41:27":1,"s:41:27:130:Infinity":4,"b:43:26:43:40:43:40:43:Infinity":0,"b:45:34:45:43:45:43:45:Infinity":1,"b:48:27:48:36:48:36:48:Infinity":2,"b:48:47:48:56:48:56:48:Infinity":3,"b:56:26:56:35:56:35:56:Infinity":4,"b:61:22:61:31:61:31:61:Infinity":5,"b:65:26:65:50:65:50:65:Infinity":6,"b:76:22:76:31:76:31:76:Infinity":7,"b:77:23:77:32:77:32:77:Infinity":8,"b:78:24:78:33:78:33:78:Infinity":9,"b:79:25:79:34:79:34:79:Infinity":10,"b:82:27:82:36:82:36:82:Infinity":11,"b:90:22:90:31:90:31:90:Infinity":12,"b:91:24:91:33:91:33:91:Infinity":13,"b:101:27:101:36:101:36:101:Infinity":14,"b:106:27:106:36:106:36:106:Infinity":15,"b:113:27:113:36:113:36:113:Infinity":16,"b:120:27:120:36:120:36:120:Infinity":17,"b:125:27:125:36:125:36:125:Infinity":18,"s:132:17:132:Infinity":5,"s:134:2:224:Infinity":6,"f:155:22:155:23":2,"s:156:10:221:Infinity":7,"f:158:21:158:Infinity":3,"s:159:14:159:Infinity":8,"b:159:49:159:56:159:56:159:61":19,"f:182:23:182:24":4,"s:183:16:183:Infinity":9,"s:184:16:184:Infinity":10,"b:184:51:184:58:184:58:184:63":20,"b:186:55:186:61:186:61:186:63":21,"b:211:13:211:Infinity:212:14:219:Infinity":22}}}
,"/Users/sahilbasra/my-portfolio/src/components/Tools.jsx": {"path":"/Users/sahilbasra/my-portfolio/src/components/Tools.jsx","statementMap":{"0":{"start":{"line":5,"column":14},"end":{"line":15,"column":null}},"1":{"start":{"line":18,"column":29},"end":{"line":18,"column":null}},"2":{"start":{"line":20,"column":20},"end":{"line":53,"column":null}},"3":{"start":{"line":20,"column":27},"end":{"line":53,"column":null}},"4":{"start":{"line":55,"column":17},"end":{"line":55,"column":null}},"5":{"start":{"line":57,"column":2},"end":{"line":85,"column":null}},"6":{"start":{"line":79,"column":12},"end":{"line":81,"column":null}}},"fnMap":{"0":{"name":"Tools","decl":{"start":{"line":17,"column":9},"end":{"line":17,"column":17}},"loc":{"start":{"line":17,"column":17},"end":{"line":87,"column":null}},"line":17},"1":{"name":"(anonymous_1)","decl":{"start":{"line":20,"column":20},"end":{"line":20,"column":27}},"loc":{"start":{"line":20,"column":27},"end":{"line":53,"column":null}},"line":20},"2":{"name":"(anonymous_2)","decl":{"start":{"line":78,"column":21},"end":{"line":78,"column":22}},"loc":{"start":{"line":79,"column":12},"end":{"line":81,"column":null}},"line":79}},"branchMap":{"0":{"loc":{"start":{"line":22,"column":15},"end":{"line":22,"column":null}},"type":"cond-expr","locations":[{"start":{"line":22,"column":26},"end":{"line":22,"column":40}},{"start":{"line":22,"column":40},"end":{"line":22,"column":null}}],"line":22},"1":{"loc":{"start":{"line":23,"column":23},"end":{"line":23,"column":null}},"type":"cond-expr","locations":[{"start":{"line":23,"column":34},"end":{"line":23,"column":43}},{"start":{"line":23,"column":43},"end":{"line":23,"column":null}}],"line":23},"2":{"loc":{"start":{"line":26,"column":16},"end":{"line":26,"column":null}},"type":"cond-expr","locations":[{"start":{"line":26,"column":27},"end":{"line":26,"column":36}},{"start":{"line":26,"column":36},"end":{"line":26,"column":null}}],"line":26},"3":{"loc":{"start":{"line":26,"column":36},"end":{"line":26,"column":null}},"type":"cond-expr","locations":[{"start":{"line":26,"column":47},"end":{"line":26,"column":56}},{"start":{"line":26,"column":56},"end":{"line":26,"column":null}}],"line":26},"4":{"loc":{"start":{"line":33,"column":15},"end":{"line":33,"column":null}},"type":"cond-expr","locations":[{"start":{"line":33,"column":26},"end":{"line":33,"column":35}},{"start":{"line":33,"column":35},"end":{"line":33,"column":null}}],"line":33},"5":{"loc":{"start":{"line":41,"column":11},"end":{"line":41,"column":null}},"type":"cond-expr","locations":[{"start":{"line":41,"column":22},"end":{"line":41,"column":30}},{"start":{"line":41,"column":30},"end":{"line":41,"column":null}}],"line":41},"6":{"loc":{"start":{"line":45,"column":15},"end":{"line":45,"column":null}},"type":"cond-expr","locations":[{"start":{"line":45,"column":26},"end":{"line":45,"column":39}},{"start":{"line":45,"column":39},"end":{"line":45,"column":null}}],"line":45},"7":{"loc":{"start":{"line":49,"column":16},"end":{"line":49,"column":null}},"type":"cond-expr","locations":[{"start":{"line":49,"column":27},"end":{"line":49,"column":36}},{"start":{"line":49,"column":36},"end":{"line":49,"column":null}}],"line":49}},"s":{"0":1,"1":5,"2":5,"3":5,"4":5,"5":5,"6":45},"f":{"0":5,"1":5,"2":45},"b":{"0":[0,5],"1":[0,5],"2":[0,5],"3":[5,0],"4":[0,5],"5":[0,5],"6":[0,5],"7":[0,5]},"meta":{"lastBranch":8,"lastFunction":3,"lastStatement":7,"seen":{"s:5:14:15:Infinity":0,"f:17:9:17:17":0,"s:18:29:18:Infinity":1,"s:20:20:53:Infinity":2,"f:20:20:20:27":1,"s:20:27:53:Infinity":3,"b:22:26:22:40:22:40:22:Infinity":0,"b:23:34:23:43:23:43:23:Infinity":1,"b:26:27:26:36:26:36:26:Infinity":2,"b:26:47:26:56:26:56:26:Infinity":3,"b:33:26:33:35:33:35:33:Infinity":4,"b:41:22:41:30:41:30:41:Infinity":5,"b:45:26:45:39:45:39:45:Infinity":6,"b:49:27:49:36:49:36:49:Infinity":7,"s:55:17:55:Infinity":4,"s:57:2:85:Infinity":5,"f:78:21:78:22":2,"s:79:12:81:Infinity":6}}}
,"/Users/sahilbasra/my-portfolio/src/components/WhatsAppButton.jsx": {"path":"/Users/sahilbasra/my-portfolio/src/components/WhatsAppButton.jsx","statementMap":{"0":{"start":{"line":5,"column":19},"end":{"line":5,"column":null}},"1":{"start":{"line":9,"column":22},"end":{"line":9,"column":null}},"2":{"start":{"line":11,"column":22},"end":{"line":13,"column":null}},"3":{"start":{"line":12,"column":4},"end":{"line":12,"column":null}},"4":{"start":{"line":15,"column":17},"end":{"line":38,"column":null}},"5":{"start":{"line":40,"column":2},"end":{"line":58,"column":null}}},"fnMap":{"0":{"name":"WhatsAppButton","decl":{"start":{"line":4,"column":9},"end":{"line":4,"column":26}},"loc":{"start":{"line":4,"column":26},"end":{"line":60,"column":null}},"line":4},"1":{"name":"(anonymous_1)","decl":{"start":{"line":11,"column":22},"end":{"line":11,"column":28}},"loc":{"start":{"line":11,"column":28},"end":{"line":13,"column":null}},"line":11}},"branchMap":{"0":{"loc":{"start":{"line":18,"column":14},"end":{"line":18,"column":null}},"type":"cond-expr","locations":[{"start":{"line":18,"column":25},"end":{"line":18,"column":34}},{"start":{"line":18,"column":34},"end":{"line":18,"column":null}}],"line":18},"1":{"loc":{"start":{"line":19,"column":13},"end":{"line":19,"column":null}},"type":"cond-expr","locations":[{"start":{"line":19,"column":24},"end":{"line":19,"column":33}},{"start":{"line":19,"column":33},"end":{"line":19,"column":null}}],"line":19},"2":{"loc":{"start":{"line":20,"column":13},"end":{"line":20,"column":null}},"type":"cond-expr","locations":[{"start":{"line":20,"column":24},"end":{"line":20,"column":33}},{"start":{"line":20,"column":33},"end":{"line":20,"column":null}}],"line":20},"3":{"loc":{"start":{"line":21,"column":14},"end":{"line":21,"column":null}},"type":"cond-expr","locations":[{"start":{"line":21,"column":25},"end":{"line":21,"column":34}},{"start":{"line":21,"column":34},"end":{"line":21,"column":null}}],"line":21},"4":{"loc":{"start":{"line":34,"column":13},"end":{"line":34,"column":null}},"type":"cond-expr","locations":[{"start":{"line":34,"column":24},"end":{"line":34,"column":33}},{"start":{"line":34,"column":33},"end":{"line":34,"column":null}}],"line":34},"5":{"loc":{"start":{"line":35,"column":14},"end":{"line":35,"column":null}},"type":"cond-expr","locations":[{"start":{"line":35,"column":25},"end":{"line":35,"column":34}},{"start":{"line":35,"column":34},"end":{"line":35,"column":null}}],"line":35}},"s":{"0":8,"1":8,"2":8,"3":1,"4":8,"5":8},"f":{"0":8,"1":1},"b":{"0":[0,8],"1":[0,8],"2":[0,8],"3":[0,8],"4":[0,8],"5":[0,8]},"meta":{"lastBranch":6,"lastFunction":2,"lastStatement":6,"seen":{"f:4:9:4:26":0,"s:5:19:5:Infinity":0,"s:9:22:9:Infinity":1,"s:11:22:13:Infinity":2,"f:11:22:11:28":1,"s:12:4:12:Infinity":3,"s:15:17:38:Infinity":4,"b:18:25:18:34:18:34:18:Infinity":0,"b:19:24:19:33:19:33:19:Infinity":1,"b:20:24:20:33:20:33:20:Infinity":2,"b:21:25:21:34:21:34:21:Infinity":3,"b:34:24:34:33:34:33:34:Infinity":4,"b:35:25:35:34:35:34:35:Infinity":5,"s:40:2:58:Infinity":5}}}
,"/Users/sahilbasra/my-portfolio/src/hooks/useResponsive.js": {"path":"/Users/sahilbasra/my-portfolio/src/hooks/useResponsive.js","statementMap":{"0":{"start":{"line":3,"column":29},"end":{"line":28,"column":1}},"1":{"start":{"line":4,"column":37},"end":{"line":7,"column":4}},"2":{"start":{"line":9,"column":1},"end":{"line":19,"column":null}},"3":{"start":{"line":10,"column":25},"end":{"line":15,"column":5}},"4":{"start":{"line":11,"column":6},"end":{"line":14,"column":null}},"5":{"start":{"line":17,"column":4},"end":{"line":17,"column":null}},"6":{"start":{"line":18,"column":4},"end":{"line":18,"column":null}},"7":{"start":{"line":18,"column":17},"end":{"line":18,"column":67}},"8":{"start":{"line":21,"column":2},"end":{"line":27,"column":null}},"9":{"start":{"line":31,"column":26},"end":{"line":39,"column":1}},"10":{"start":{"line":32,"column":2},"end":{"line":32,"column":null}},"11":{"start":{"line":32,"column":37},"end":{"line":32,"column":null}},"12":{"start":{"line":34,"column":16},"end":{"line":34,"column":33}},"13":{"start":{"line":36,"column":2},"end":{"line":36,"column":null}},"14":{"start":{"line":36,"column":30},"end":{"line":36,"column":null}},"15":{"start":{"line":37,"column":2},"end":{"line":37,"column":null}},"16":{"start":{"line":37,"column":46},"end":{"line":37,"column":null}},"17":{"start":{"line":38,"column":2},"end":{"line":38,"column":null}}},"fnMap":{"0":{"name":"(anonymous_0)","decl":{"start":{"line":3,"column":29},"end":{"line":3,"column":30}},"loc":{"start":{"line":3,"column":35},"end":{"line":28,"column":1}},"line":3},"1":{"name":"(anonymous_1)","decl":{"start":{"line":9,"column":12},"end":{"line":9,"column":13}},"loc":{"start":{"line":9,"column":18},"end":{"line":19,"column":3}},"line":9},"2":{"name":"(anonymous_2)","decl":{"start":{"line":10,"column":25},"end":{"line":10,"column":26}},"loc":{"start":{"line":10,"column":31},"end":{"line":15,"column":5}},"line":10},"3":{"name":"(anonymous_3)","decl":{"start":{"line":18,"column":11},"end":{"line":18,"column":12}},"loc":{"start":{"line":18,"column":17},"end":{"line":18,"column":67}},"line":18},"4":{"name":"(anonymous_4)","decl":{"start":{"line":31,"column":26},"end":{"line":31,"column":27}},"loc":{"start":{"line":31,"column":52},"end":{"line":39,"column":1}},"line":31}},"branchMap":{"0":{"loc":{"start":{"line":5,"column":11},"end":{"line":5,"column":67}},"type":"cond-expr","locations":[{"start":{"line":5,"column":43},"end":{"line":5,"column":60}},{"start":{"line":5,"column":63},"end":{"line":5,"column":67}}],"line":5},"1":{"loc":{"start":{"line":6,"column":12},"end":{"line":6,"column":68}},"type":"cond-expr","locations":[{"start":{"line":6,"column":44},"end":{"line":6,"column":62}},{"start":{"line":6,"column":65},"end":{"line":6,"column":68}}],"line":6},"2":{"loc":{"start":{"line":23,"column":14},"end":{"line":23,"column":64}},"type":"binary-expr","locations":[{"start":{"line":23,"column":14},"end":{"line":23,"column":36}},{"start":{"line":23,"column":40},"end":{"line":23,"column":64}}],"line":23},"3":{"loc":{"start":{"line":32,"column":2},"end":{"line":32,"column":null}},"type":"if","locations":[{"start":{"line":32,"column":2},"end":{"line":32,"column":null}},{"start":{},"end":{}}],"line":32},"4":{"loc":{"start":{"line":36,"column":2},"end":{"line":36,"column":null}},"type":"if","locations":[{"start":{"line":36,"column":2},"end":{"line":36,"column":null}},{"start":{},"end":{}}],"line":36},"5":{"loc":{"start":{"line":36,"column":6},"end":{"line":36,"column":28}},"type":"binary-expr","locations":[{"start":{"line":36,"column":6},"end":{"line":36,"column":18}},{"start":{"line":36,"column":22},"end":{"line":36,"column":28}}],"line":36},"6":{"loc":{"start":{"line":37,"column":2},"end":{"line":37,"column":null}},"type":"if","locations":[{"start":{"line":37,"column":2},"end":{"line":37,"column":null}},{"start":{},"end":{}}],"line":37},"7":{"loc":{"start":{"line":37,"column":6},"end":{"line":37,"column":44}},"type":"binary-expr","locations":[{"start":{"line":37,"column":6},"end":{"line":37,"column":17}},{"start":{"line":37,"column":21},"end":{"line":37,"column":34}},{"start":{"line":37,"column":38},"end":{"line":37,"column":44}}],"line":37}},"s":{"0":10,"1":116,"2":116,"3":75,"4":0,"5":75,"6":75,"7":75,"8":116,"9":10,"10":0,"11":0,"12":0,"13":0,"14":0,"15":0,"16":0,"17":0},"f":{"0":116,"1":75,"2":0,"3":75,"4":0},"b":{"0":[116,0],"1":[116,0],"2":[116,116],"3":[0,0],"4":[0,0],"5":[0,0],"6":[0,0],"7":[0,0,0]},"meta":{"lastBranch":8,"lastFunction":5,"lastStatement":18,"seen":{"s:3:29:28:1":0,"f:3:29:3:30":0,"s:4:37:7:4":1,"b:5:43:5:60:5:63:5:67":0,"b:6:44:6:62:6:65:6:68":1,"s:9:1:19:Infinity":2,"f:9:12:9:13":1,"s:10:25:15:5":3,"f:10:25:10:26":2,"s:11:6:14:Infinity":4,"s:17:4:17:Infinity":5,"s:18:4:18:Infinity":6,"f:18:11:18:12":3,"s:18:17:18:67":7,"s:21:2:27:Infinity":8,"b:23:14:23:36:23:40:23:64":2,"s:31:26:39:1":9,"f:31:26:31:27":4,"b:32:2:32:Infinity:undefined:undefined:undefined:undefined":3,"s:32:2:32:Infinity":10,"s:32:37:32:Infinity":11,"s:34:16:34:33":12,"b:36:2:36:Infinity:undefined:undefined:undefined:undefined":4,"s:36:2:36:Infinity":13,"b:36:6:36:18:36:22:36:28":5,"s:36:30:36:Infinity":14,"b:37:2:37:Infinity:undefined:undefined:undefined:undefined":6,"s:37:2:37:Infinity":15,"b:37:6:37:17:37:21:37:34:37:38:37:44":7,"s:37:46:37:Infinity":16,"s:38:2:38:Infinity":17}}}
}
