{"/Users/sahilbasra/my-portfolio/src/assets/Sahil.jpg": {"path":"/Users/sahilbasra/my-portfolio/src/assets/Sahil.jpg","statementMap":{},"fnMap":{},"branchMap":{},"s":{},"f":{},"b":{},"meta":{"lastBranch":0,"lastFunction":0,"lastStatement":0,"seen":{}}}
,"/Users/sahilbasra/my-portfolio/src/components/About.jsx": {"path":"/Users/sahilbasra/my-portfolio/src/components/About.jsx","statementMap":{"0":{"start":{"line":6,"column":29},"end":{"line":6,"column":null}},"1":{"start":{"line":8,"column":20},"end":{"line":48,"column":null}},"2":{"start":{"line":8,"column":27},"end":{"line":48,"column":null}},"3":{"start":{"line":50,"column":17},"end":{"line":50,"column":null}},"4":{"start":{"line":52,"column":2},"end":{"line":95,"column":null}}},"fnMap":{"0":{"name":"About","decl":{"start":{"line":5,"column":9},"end":{"line":5,"column":17}},"loc":{"start":{"line":5,"column":17},"end":{"line":97,"column":null}},"line":5},"1":{"name":"(anonymous_1)","decl":{"start":{"line":8,"column":20},"end":{"line":8,"column":27}},"loc":{"start":{"line":8,"column":27},"end":{"line":48,"column":null}},"line":8}},"branchMap":{"0":{"loc":{"start":{"line":10,"column":15},"end":{"line":10,"column":null}},"type":"cond-expr","locations":[{"start":{"line":10,"column":26},"end":{"line":10,"column":40}},{"start":{"line":10,"column":40},"end":{"line":10,"column":null}}],"line":10},"1":{"loc":{"start":{"line":12,"column":23},"end":{"line":12,"column":null}},"type":"cond-expr","locations":[{"start":{"line":12,"column":34},"end":{"line":12,"column":43}},{"start":{"line":12,"column":43},"end":{"line":12,"column":null}}],"line":12},"2":{"loc":{"start":{"line":15,"column":16},"end":{"line":15,"column":null}},"type":"cond-expr","locations":[{"start":{"line":15,"column":27},"end":{"line":15,"column":36}},{"start":{"line":15,"column":36},"end":{"line":15,"column":null}}],"line":15},"3":{"loc":{"start":{"line":15,"column":36},"end":{"line":15,"column":null}},"type":"cond-expr","locations":[{"start":{"line":15,"column":47},"end":{"line":15,"column":56}},{"start":{"line":15,"column":56},"end":{"line":15,"column":null}}],"line":15},"4":{"loc":{"start":{"line":23,"column":15},"end":{"line":23,"column":null}},"type":"cond-expr","locations":[{"start":{"line":23,"column":26},"end":{"line":23,"column":35}},{"start":{"line":23,"column":35},"end":{"line":23,"column":null}}],"line":23},"5":{"loc":{"start":{"line":31,"column":16},"end":{"line":31,"column":null}},"type":"cond-expr","locations":[{"start":{"line":31,"column":27},"end":{"line":31,"column":36}},{"start":{"line":31,"column":36},"end":{"line":31,"column":null}}],"line":31},"6":{"loc":{"start":{"line":45,"column":16},"end":{"line":45,"column":null}},"type":"cond-expr","locations":[{"start":{"line":45,"column":27},"end":{"line":45,"column":36}},{"start":{"line":45,"column":36},"end":{"line":45,"column":null}}],"line":45}},"s":{"0":7,"1":7,"2":7,"3":7,"4":7},"f":{"0":7,"1":7},"b":{"0":[0,7],"1":[0,7],"2":[0,7],"3":[7,0],"4":[0,7],"5":[0,7],"6":[0,7]},"meta":{"lastBranch":7,"lastFunction":2,"lastStatement":5,"seen":{"f:5:9:5:17":0,"s:6:29:6:Infinity":0,"s:8:20:48:Infinity":1,"f:8:20:8:27":1,"s:8:27:48:Infinity":2,"b:10:26:10:40:10:40:10:Infinity":0,"b:12:34:12:43:12:43:12:Infinity":1,"b:15:27:15:36:15:36:15:Infinity":2,"b:15:47:15:56:15:56:15:Infinity":3,"b:23:26:23:35:23:35:23:Infinity":4,"b:31:27:31:36:31:36:31:Infinity":5,"b:45:27:45:36:45:36:45:Infinity":6,"s:50:17:50:Infinity":3,"s:52:2:95:Infinity":4}}}
,"/Users/sahilbasra/my-portfolio/src/components/Contact.jsx": {"path":"/Users/sahilbasra/my-portfolio/src/components/Contact.jsx","statementMap":{"0":{"start":{"line":7,"column":29},"end":{"line":7,"column":null}},"1":{"start":{"line":8,"column":22},"end":{"line":13,"column":null}},"2":{"start":{"line":15,"column":26},"end":{"line":15,"column":null}},"3":{"start":{"line":16,"column":28},"end":{"line":16,"column":null}},"4":{"start":{"line":17,"column":38},"end":{"line":17,"column":null}},"5":{"start":{"line":19,"column":23},"end":{"line":26,"column":null}},"6":{"start":{"line":20,"column":28},"end":{"line":20,"column":null}},"7":{"start":{"line":21,"column":4},"end":{"line":21,"column":null}},"8":{"start":{"line":23,"column":4},"end":{"line":25,"column":null}},"9":{"start":{"line":24,"column":6},"end":{"line":24,"column":null}},"10":{"start":{"line":28,"column":23},"end":{"line":86,"column":null}},"11":{"start":{"line":29,"column":4},"end":{"line":29,"column":null}},"12":{"start":{"line":31,"column":4},"end":{"line":31,"column":null}},"13":{"start":{"line":31,"column":22},"end":{"line":31,"column":null}},"14":{"start":{"line":33,"column":4},"end":{"line":33,"column":null}},"15":{"start":{"line":35,"column":22},"end":{"line":35,"column":null}},"16":{"start":{"line":37,"column":4},"end":{"line":37,"column":null}},"17":{"start":{"line":37,"column":27},"end":{"line":37,"column":null}},"18":{"start":{"line":38,"column":4},"end":{"line":40,"column":null}},"19":{"start":{"line":38,"column":28},"end":{"line":38,"column":null}},"20":{"start":{"line":38,"column":46},"end":{"line":40,"column":null}},"21":{"start":{"line":40,"column":6},"end":{"line":40,"column":null}},"22":{"start":{"line":42,"column":4},"end":{"line":42,"column":null}},"23":{"start":{"line":42,"column":23},"end":{"line":42,"column":null}},"24":{"start":{"line":43,"column":4},"end":{"line":43,"column":null}},"25":{"start":{"line":43,"column":30},"end":{"line":43,"column":null}},"26":{"start":{"line":45,"column":4},"end":{"line":45,"column":null}},"27":{"start":{"line":47,"column":4},"end":{"line":85,"column":null}},"28":{"start":{"line":48,"column":6},"end":{"line":82,"column":null}},"29":{"start":{"line":50,"column":25},"end":{"line":50,"column":null}},"30":{"start":{"line":51,"column":8},"end":{"line":51,"column":null}},"31":{"start":{"line":52,"column":8},"end":{"line":52,"column":null}},"32":{"start":{"line":53,"column":8},"end":{"line":53,"column":null}},"33":{"start":{"line":54,"column":8},"end":{"line":54,"column":null}},"34":{"start":{"line":55,"column":8},"end":{"line":55,"column":null}},"35":{"start":{"line":56,"column":8},"end":{"line":56,"column":null}},"36":{"start":{"line":57,"column":8},"end":{"line":57,"column":null}},"37":{"start":{"line":59,"column":25},"end":{"line":65,"column":null}},"38":{"start":{"line":67,"column":8},"end":{"line":77,"column":null}},"39":{"start":{"line":68,"column":10},"end":{"line":68,"column":null}},"40":{"start":{"line":69,"column":10},"end":{"line":69,"column":null}},"41":{"start":{"line":71,"column":10},"end":{"line":74,"column":null}},"42":{"start":{"line":72,"column":12},"end":{"line":72,"column":null}},"43":{"start":{"line":73,"column":12},"end":{"line":73,"column":null}},"44":{"start":{"line":76,"column":10},"end":{"line":76,"column":null}},"45":{"start":{"line":79,"column":8},"end":{"line":79,"column":null}},"46":{"start":{"line":80,"column":8},"end":{"line":80,"column":null}},"47":{"start":{"line":81,"column":8},"end":{"line":81,"column":null}},"48":{"start":{"line":84,"column":6},"end":{"line":84,"column":null}},"49":{"start":{"line":88,"column":20},"end":{"line":187,"column":null}},"50":{"start":{"line":88,"column":27},"end":{"line":187,"column":null}},"51":{"start":{"line":189,"column":17},"end":{"line":189,"column":null}},"52":{"start":{"line":191,"column":2},"end":{"line":340,"column":null}}},"fnMap":{"0":{"name":"Contact","decl":{"start":{"line":6,"column":9},"end":{"line":6,"column":19}},"loc":{"start":{"line":6,"column":19},"end":{"line":342,"column":null}},"line":6},"1":{"name":"(anonymous_1)","decl":{"start":{"line":19,"column":23},"end":{"line":19,"column":24}},"loc":{"start":{"line":19,"column":30},"end":{"line":26,"column":null}},"line":19},"2":{"name":"(anonymous_2)","decl":{"start":{"line":28,"column":23},"end":{"line":28,"column":30}},"loc":{"start":{"line":28,"column":36},"end":{"line":86,"column":null}},"line":28},"3":{"name":"(anonymous_3)","decl":{"start":{"line":71,"column":21},"end":{"line":71,"column":27}},"loc":{"start":{"line":71,"column":27},"end":{"line":74,"column":13}},"line":71},"4":{"name":"(anonymous_4)","decl":{"start":{"line":88,"column":20},"end":{"line":88,"column":27}},"loc":{"start":{"line":88,"column":27},"end":{"line":187,"column":null}},"line":88}},"branchMap":{"0":{"loc":{"start":{"line":23,"column":4},"end":{"line":25,"column":null}},"type":"if","locations":[{"start":{"line":23,"column":4},"end":{"line":25,"column":null}},{"start":{},"end":{}}],"line":23},"1":{"loc":{"start":{"line":31,"column":4},"end":{"line":31,"column":null}},"type":"if","locations":[{"start":{"line":31,"column":4},"end":{"line":31,"column":null}},{"start":{},"end":{}}],"line":31},"2":{"loc":{"start":{"line":37,"column":4},"end":{"line":37,"column":null}},"type":"if","locations":[{"start":{"line":37,"column":4},"end":{"line":37,"column":null}},{"start":{},"end":{}}],"line":37},"3":{"loc":{"start":{"line":38,"column":4},"end":{"line":40,"column":null}},"type":"if","locations":[{"start":{"line":38,"column":4},"end":{"line":40,"column":null}},{"start":{"line":38,"column":46},"end":{"line":40,"column":null}}],"line":38},"4":{"loc":{"start":{"line":38,"column":46},"end":{"line":40,"column":null}},"type":"if","locations":[{"start":{"line":38,"column":46},"end":{"line":40,"column":null}},{"start":{},"end":{}}],"line":38},"5":{"loc":{"start":{"line":42,"column":4},"end":{"line":42,"column":null}},"type":"if","locations":[{"start":{"line":42,"column":4},"end":{"line":42,"column":null}},{"start":{},"end":{}}],"line":42},"6":{"loc":{"start":{"line":43,"column":4},"end":{"line":43,"column":null}},"type":"if","locations":[{"start":{"line":43,"column":4},"end":{"line":43,"column":null}},{"start":{},"end":{}}],"line":43},"7":{"loc":{"start":{"line":47,"column":4},"end":{"line":85,"column":null}},"type":"if","locations":[{"start":{"line":47,"column":4},"end":{"line":85,"column":null}},{"start":{"line":83,"column":11},"end":{"line":85,"column":null}}],"line":47},"8":{"loc":{"start":{"line":67,"column":8},"end":{"line":77,"column":null}},"type":"if","locations":[{"start":{"line":67,"column":8},"end":{"line":77,"column":null}},{"start":{"line":75,"column":15},"end":{"line":77,"column":null}}],"line":67},"9":{"loc":{"start":{"line":90,"column":15},"end":{"line":90,"column":null}},"type":"cond-expr","locations":[{"start":{"line":90,"column":26},"end":{"line":90,"column":45}},{"start":{"line":90,"column":45},"end":{"line":90,"column":null}}],"line":90},"10":{"loc":{"start":{"line":92,"column":17},"end":{"line":92,"column":null}},"type":"cond-expr","locations":[{"start":{"line":92,"column":28},"end":{"line":92,"column":37}},{"start":{"line":92,"column":37},"end":{"line":92,"column":null}}],"line":92},"11":{"loc":{"start":{"line":93,"column":23},"end":{"line":93,"column":null}},"type":"cond-expr","locations":[{"start":{"line":93,"column":34},"end":{"line":93,"column":43}},{"start":{"line":93,"column":43},"end":{"line":93,"column":null}}],"line":93},"12":{"loc":{"start":{"line":94,"column":18},"end":{"line":94,"column":null}},"type":"cond-expr","locations":[{"start":{"line":94,"column":29},"end":{"line":94,"column":38}},{"start":{"line":94,"column":38},"end":{"line":94,"column":null}}],"line":94},"13":{"loc":{"start":{"line":97,"column":16},"end":{"line":97,"column":null}},"type":"cond-expr","locations":[{"start":{"line":97,"column":27},"end":{"line":97,"column":36}},{"start":{"line":97,"column":36},"end":{"line":97,"column":null}}],"line":97},"14":{"loc":{"start":{"line":97,"column":36},"end":{"line":97,"column":null}},"type":"cond-expr","locations":[{"start":{"line":97,"column":47},"end":{"line":97,"column":56}},{"start":{"line":97,"column":56},"end":{"line":97,"column":null}}],"line":97},"15":{"loc":{"start":{"line":105,"column":15},"end":{"line":105,"column":null}},"type":"cond-expr","locations":[{"start":{"line":105,"column":26},"end":{"line":105,"column":35}},{"start":{"line":105,"column":35},"end":{"line":105,"column":null}}],"line":105},"16":{"loc":{"start":{"line":112,"column":16},"end":{"line":112,"column":null}},"type":"cond-expr","locations":[{"start":{"line":112,"column":27},"end":{"line":112,"column":36}},{"start":{"line":112,"column":36},"end":{"line":112,"column":null}}],"line":112},"17":{"loc":{"start":{"line":114,"column":20},"end":{"line":114,"column":null}},"type":"cond-expr","locations":[{"start":{"line":114,"column":31},"end":{"line":114,"column":40}},{"start":{"line":114,"column":40},"end":{"line":114,"column":null}}],"line":114},"18":{"loc":{"start":{"line":120,"column":11},"end":{"line":120,"column":null}},"type":"cond-expr","locations":[{"start":{"line":120,"column":22},"end":{"line":120,"column":31}},{"start":{"line":120,"column":31},"end":{"line":120,"column":null}}],"line":120},"19":{"loc":{"start":{"line":124,"column":11},"end":{"line":124,"column":null}},"type":"cond-expr","locations":[{"start":{"line":124,"column":22},"end":{"line":124,"column":31}},{"start":{"line":124,"column":31},"end":{"line":124,"column":null}}],"line":124},"20":{"loc":{"start":{"line":135,"column":15},"end":{"line":135,"column":null}},"type":"cond-expr","locations":[{"start":{"line":135,"column":26},"end":{"line":135,"column":40}},{"start":{"line":135,"column":40},"end":{"line":135,"column":null}}],"line":135},"21":{"loc":{"start":{"line":140,"column":16},"end":{"line":140,"column":null}},"type":"cond-expr","locations":[{"start":{"line":140,"column":27},"end":{"line":140,"column":36}},{"start":{"line":140,"column":36},"end":{"line":140,"column":null}}],"line":140},"22":{"loc":{"start":{"line":146,"column":15},"end":{"line":146,"column":null}},"type":"cond-expr","locations":[{"start":{"line":146,"column":26},"end":{"line":146,"column":35}},{"start":{"line":146,"column":35},"end":{"line":146,"column":null}}],"line":146},"23":{"loc":{"start":{"line":151,"column":16},"end":{"line":151,"column":null}},"type":"cond-expr","locations":[{"start":{"line":151,"column":27},"end":{"line":151,"column":36}},{"start":{"line":151,"column":36},"end":{"line":151,"column":null}}],"line":151},"24":{"loc":{"start":{"line":158,"column":16},"end":{"line":158,"column":null}},"type":"cond-expr","locations":[{"start":{"line":158,"column":27},"end":{"line":158,"column":36}},{"start":{"line":158,"column":36},"end":{"line":158,"column":null}}],"line":158},"25":{"loc":{"start":{"line":168,"column":16},"end":{"line":168,"column":null}},"type":"cond-expr","locations":[{"start":{"line":168,"column":27},"end":{"line":168,"column":36}},{"start":{"line":168,"column":36},"end":{"line":168,"column":null}}],"line":168},"26":{"loc":{"start":{"line":172,"column":17},"end":{"line":172,"column":null}},"type":"cond-expr","locations":[{"start":{"line":172,"column":28},"end":{"line":172,"column":38}},{"start":{"line":172,"column":38},"end":{"line":172,"column":null}}],"line":172},"27":{"loc":{"start":{"line":180,"column":16},"end":{"line":180,"column":null}},"type":"cond-expr","locations":[{"start":{"line":180,"column":27},"end":{"line":180,"column":36}},{"start":{"line":180,"column":36},"end":{"line":180,"column":null}}],"line":180},"28":{"loc":{"start":{"line":184,"column":16},"end":{"line":184,"column":null}},"type":"cond-expr","locations":[{"start":{"line":184,"column":27},"end":{"line":184,"column":36}},{"start":{"line":184,"column":36},"end":{"line":184,"column":null}}],"line":184},"29":{"loc":{"start":{"line":214,"column":9},"end":{"line":215,"column":null}},"type":"binary-expr","locations":[{"start":{"line":214,"column":9},"end":{"line":214,"column":null}},{"start":{"line":215,"column":10},"end":{"line":215,"column":null}}],"line":214},"30":{"loc":{"start":{"line":218,"column":9},"end":{"line":332,"column":null}},"type":"cond-expr","locations":[{"start":{"line":219,"column":10},"end":{"line":242,"column":null}},{"start":{"line":244,"column":10},"end":{"line":332,"column":null}}],"line":218},"31":{"loc":{"start":{"line":253,"column":26},"end":{"line":253,"column":null}},"type":"cond-expr","locations":[{"start":{"line":253,"column":40},"end":{"line":253,"column":62}},{"start":{"line":253,"column":62},"end":{"line":253,"column":null}}],"line":253},"32":{"loc":{"start":{"line":257,"column":42},"end":{"line":257,"column":61}},"type":"binary-expr","locations":[{"start":{"line":257,"column":42},"end":{"line":257,"column":57}},{"start":{"line":257,"column":57},"end":{"line":257,"column":61}}],"line":257},"33":{"loc":{"start":{"line":267,"column":26},"end":{"line":267,"column":null}},"type":"cond-expr","locations":[{"start":{"line":267,"column":41},"end":{"line":267,"column":63}},{"start":{"line":267,"column":63},"end":{"line":267,"column":null}}],"line":267},"34":{"loc":{"start":{"line":271,"column":42},"end":{"line":271,"column":62}},"type":"binary-expr","locations":[{"start":{"line":271,"column":42},"end":{"line":271,"column":58}},{"start":{"line":271,"column":58},"end":{"line":271,"column":62}}],"line":271},"35":{"loc":{"start":{"line":282,"column":24},"end":{"line":282,"column":null}},"type":"cond-expr","locations":[{"start":{"line":282,"column":41},"end":{"line":282,"column":63}},{"start":{"line":282,"column":63},"end":{"line":282,"column":null}}],"line":282},"36":{"loc":{"start":{"line":297,"column":40},"end":{"line":297,"column":62}},"type":"binary-expr","locations":[{"start":{"line":297,"column":40},"end":{"line":297,"column":58}},{"start":{"line":297,"column":58},"end":{"line":297,"column":62}}],"line":297},"37":{"loc":{"start":{"line":309,"column":24},"end":{"line":309,"column":null}},"type":"cond-expr","locations":[{"start":{"line":309,"column":41},"end":{"line":309,"column":63}},{"start":{"line":309,"column":63},"end":{"line":309,"column":null}}],"line":309},"38":{"loc":{"start":{"line":313,"column":40},"end":{"line":313,"column":62}},"type":"binary-expr","locations":[{"start":{"line":313,"column":40},"end":{"line":313,"column":58}},{"start":{"line":313,"column":58},"end":{"line":313,"column":62}}],"line":313},"39":{"loc":{"start":{"line":316,"column":11},"end":{"line":319,"column":null}},"type":"binary-expr","locations":[{"start":{"line":316,"column":11},"end":{"line":316,"column":null}},{"start":{"line":317,"column":12},"end":{"line":319,"column":null}}],"line":316},"40":{"loc":{"start":{"line":325,"column":23},"end":{"line":325,"column":null}},"type":"cond-expr","locations":[{"start":{"line":325,"column":38},"end":{"line":325,"column":44}},{"start":{"line":325,"column":44},"end":{"line":325,"column":null}}],"line":325},"41":{"loc":{"start":{"line":326,"column":22},"end":{"line":326,"column":null}},"type":"cond-expr","locations":[{"start":{"line":326,"column":37},"end":{"line":326,"column":53}},{"start":{"line":326,"column":53},"end":{"line":326,"column":null}}],"line":326},"42":{"loc":{"start":{"line":330,"column":13},"end":{"line":330,"column":null}},"type":"cond-expr","locations":[{"start":{"line":330,"column":28},"end":{"line":330,"column":43}},{"start":{"line":330,"column":43},"end":{"line":330,"column":null}}],"line":330}},"s":{"0":34,"1":34,"2":34,"3":34,"4":34,"5":34,"6":15,"7":15,"8":15,"9":1,"10":34,"11":6,"12":6,"13":0,"14":6,"15":6,"16":6,"17":2,"18":6,"19":2,"20":4,"21":1,"22":6,"23":3,"24":6,"25":3,"26":6,"27":6,"28":3,"29":3,"30":3,"31":3,"32":3,"33":3,"34":3,"35":3,"36":3,"37":3,"38":3,"39":2,"40":2,"41":2,"42":0,"43":0,"44":1,"45":1,"46":1,"47":1,"48":3,"49":34,"50":34,"51":34,"52":34},"f":{"0":34,"1":15,"2":6,"3":0,"4":34},"b":{"0":[1,14],"1":[0,6],"2":[2,4],"3":[2,4],"4":[1,3],"5":[3,3],"6":[3,3],"7":[3,3],"8":[2,1],"9":[0,34],"10":[0,34],"11":[0,34],"12":[0,34],"13":[0,34],"14":[34,0],"15":[0,34],"16":[0,34],"17":[0,34],"18":[0,34],"19":[0,34],"20":[0,34],"21":[0,34],"22":[0,34],"23":[0,34],"24":[0,34],"25":[0,34],"26":[0,34],"27":[0,34],"28":[0,34],"29":[34,33],"30":[1,33],"31":[2,31],"32":[33,31],"33":[4,29],"34":[33,29],"35":[4,29],"36":[33,29],"37":[4,29],"38":[33,29],"39":[33,1],"40":[3,30],"41":[3,30],"42":[3,30]},"meta":{"lastBranch":43,"lastFunction":5,"lastStatement":53,"seen":{"f:6:9:6:19":0,"s:7:29:7:Infinity":0,"s:8:22:13:Infinity":1,"s:15:26:15:Infinity":2,"s:16:28:16:Infinity":3,"s:17:38:17:Infinity":4,"s:19:23:26:Infinity":5,"f:19:23:19:24":1,"s:20:28:20:Infinity":6,"s:21:4:21:Infinity":7,"b:23:4:25:Infinity:undefined:undefined:undefined:undefined":0,"s:23:4:25:Infinity":8,"s:24:6:24:Infinity":9,"s:28:23:86:Infinity":10,"f:28:23:28:30":2,"s:29:4:29:Infinity":11,"b:31:4:31:Infinity:undefined:undefined:undefined:undefined":1,"s:31:4:31:Infinity":12,"s:31:22:31:Infinity":13,"s:33:4:33:Infinity":14,"s:35:22:35:Infinity":15,"b:37:4:37:Infinity:undefined:undefined:undefined:undefined":2,"s:37:4:37:Infinity":16,"s:37:27:37:Infinity":17,"b:38:4:40:Infinity:38:46:40:Infinity":3,"s:38:4:40:Infinity":18,"s:38:28:38:Infinity":19,"b:38:46:40:Infinity:undefined:undefined:undefined:undefined":4,"s:38:46:40:Infinity":20,"s:40:6:40:Infinity":21,"b:42:4:42:Infinity:undefined:undefined:undefined:undefined":5,"s:42:4:42:Infinity":22,"s:42:23:42:Infinity":23,"b:43:4:43:Infinity:undefined:undefined:undefined:undefined":6,"s:43:4:43:Infinity":24,"s:43:30:43:Infinity":25,"s:45:4:45:Infinity":26,"b:47:4:85:Infinity:83:11:85:Infinity":7,"s:47:4:85:Infinity":27,"s:48:6:82:Infinity":28,"s:50:25:50:Infinity":29,"s:51:8:51:Infinity":30,"s:52:8:52:Infinity":31,"s:53:8:53:Infinity":32,"s:54:8:54:Infinity":33,"s:55:8:55:Infinity":34,"s:56:8:56:Infinity":35,"s:57:8:57:Infinity":36,"s:59:25:65:Infinity":37,"b:67:8:77:Infinity:75:15:77:Infinity":8,"s:67:8:77:Infinity":38,"s:68:10:68:Infinity":39,"s:69:10:69:Infinity":40,"s:71:10:74:Infinity":41,"f:71:21:71:27":3,"s:72:12:72:Infinity":42,"s:73:12:73:Infinity":43,"s:76:10:76:Infinity":44,"s:79:8:79:Infinity":45,"s:80:8:80:Infinity":46,"s:81:8:81:Infinity":47,"s:84:6:84:Infinity":48,"s:88:20:187:Infinity":49,"f:88:20:88:27":4,"s:88:27:187:Infinity":50,"b:90:26:90:45:90:45:90:Infinity":9,"b:92:28:92:37:92:37:92:Infinity":10,"b:93:34:93:43:93:43:93:Infinity":11,"b:94:29:94:38:94:38:94:Infinity":12,"b:97:27:97:36:97:36:97:Infinity":13,"b:97:47:97:56:97:56:97:Infinity":14,"b:105:26:105:35:105:35:105:Infinity":15,"b:112:27:112:36:112:36:112:Infinity":16,"b:114:31:114:40:114:40:114:Infinity":17,"b:120:22:120:31:120:31:120:Infinity":18,"b:124:22:124:31:124:31:124:Infinity":19,"b:135:26:135:40:135:40:135:Infinity":20,"b:140:27:140:36:140:36:140:Infinity":21,"b:146:26:146:35:146:35:146:Infinity":22,"b:151:27:151:36:151:36:151:Infinity":23,"b:158:27:158:36:158:36:158:Infinity":24,"b:168:27:168:36:168:36:168:Infinity":25,"b:172:28:172:38:172:38:172:Infinity":26,"b:180:27:180:36:180:36:180:Infinity":27,"b:184:27:184:36:184:36:184:Infinity":28,"s:189:17:189:Infinity":51,"s:191:2:340:Infinity":52,"b:214:9:214:Infinity:215:10:215:Infinity":29,"b:219:10:242:Infinity:244:10:332:Infinity":30,"b:253:40:253:62:253:62:253:Infinity":31,"b:257:42:257:57:257:57:257:61":32,"b:267:41:267:63:267:63:267:Infinity":33,"b:271:42:271:58:271:58:271:62":34,"b:282:41:282:63:282:63:282:Infinity":35,"b:297:40:297:58:297:58:297:62":36,"b:309:41:309:63:309:63:309:Infinity":37,"b:313:40:313:58:313:58:313:62":38,"b:316:11:316:Infinity:317:12:319:Infinity":39,"b:325:38:325:44:325:44:325:Infinity":40,"b:326:37:326:53:326:53:326:Infinity":41,"b:330:28:330:43:330:43:330:Infinity":42}}}
,"/Users/sahilbasra/my-portfolio/src/components/Experience.jsx": {"path":"/Users/sahilbasra/my-portfolio/src/components/Experience.jsx","statementMap":{"0":{"start":{"line":5,"column":19},"end":{"line":30,"column":null}},"1":{"start":{"line":33,"column":29},"end":{"line":33,"column":null}},"2":{"start":{"line":35,"column":20},"end":{"line":90,"column":null}},"3":{"start":{"line":35,"column":27},"end":{"line":90,"column":null}},"4":{"start":{"line":92,"column":17},"end":{"line":92,"column":null}},"5":{"start":{"line":94,"column":2},"end":{"line":127,"column":null}},"6":{"start":{"line":108,"column":10},"end":{"line":124,"column":null}}},"fnMap":{"0":{"name":"Experience","decl":{"start":{"line":32,"column":9},"end":{"line":32,"column":22}},"loc":{"start":{"line":32,"column":22},"end":{"line":129,"column":null}},"line":32},"1":{"name":"(anonymous_1)","decl":{"start":{"line":35,"column":20},"end":{"line":35,"column":27}},"loc":{"start":{"line":35,"column":27},"end":{"line":90,"column":null}},"line":35},"2":{"name":"(anonymous_2)","decl":{"start":{"line":107,"column":24},"end":{"line":107,"column":25}},"loc":{"start":{"line":108,"column":10},"end":{"line":124,"column":null}},"line":108}},"branchMap":{"0":{"loc":{"start":{"line":37,"column":15},"end":{"line":37,"column":null}},"type":"cond-expr","locations":[{"start":{"line":37,"column":26},"end":{"line":37,"column":40}},{"start":{"line":37,"column":40},"end":{"line":37,"column":null}}],"line":37},"1":{"loc":{"start":{"line":39,"column":23},"end":{"line":39,"column":null}},"type":"cond-expr","locations":[{"start":{"line":39,"column":34},"end":{"line":39,"column":43}},{"start":{"line":39,"column":43},"end":{"line":39,"column":null}}],"line":39},"2":{"loc":{"start":{"line":42,"column":16},"end":{"line":42,"column":null}},"type":"cond-expr","locations":[{"start":{"line":42,"column":27},"end":{"line":42,"column":36}},{"start":{"line":42,"column":36},"end":{"line":42,"column":null}}],"line":42},"3":{"loc":{"start":{"line":42,"column":36},"end":{"line":42,"column":null}},"type":"cond-expr","locations":[{"start":{"line":42,"column":47},"end":{"line":42,"column":56}},{"start":{"line":42,"column":56},"end":{"line":42,"column":null}}],"line":42},"4":{"loc":{"start":{"line":50,"column":15},"end":{"line":50,"column":null}},"type":"cond-expr","locations":[{"start":{"line":50,"column":26},"end":{"line":50,"column":35}},{"start":{"line":50,"column":35},"end":{"line":50,"column":null}}],"line":50},"5":{"loc":{"start":{"line":54,"column":20},"end":{"line":54,"column":null}},"type":"cond-expr","locations":[{"start":{"line":54,"column":31},"end":{"line":54,"column":40}},{"start":{"line":54,"column":40},"end":{"line":54,"column":null}}],"line":54},"6":{"loc":{"start":{"line":58,"column":16},"end":{"line":58,"column":null}},"type":"cond-expr","locations":[{"start":{"line":58,"column":27},"end":{"line":58,"column":36}},{"start":{"line":58,"column":36},"end":{"line":58,"column":null}}],"line":58},"7":{"loc":{"start":{"line":62,"column":16},"end":{"line":62,"column":null}},"type":"cond-expr","locations":[{"start":{"line":62,"column":27},"end":{"line":62,"column":36}},{"start":{"line":62,"column":36},"end":{"line":62,"column":null}}],"line":62},"8":{"loc":{"start":{"line":68,"column":16},"end":{"line":68,"column":null}},"type":"cond-expr","locations":[{"start":{"line":68,"column":27},"end":{"line":68,"column":36}},{"start":{"line":68,"column":36},"end":{"line":68,"column":null}}],"line":68},"9":{"loc":{"start":{"line":82,"column":16},"end":{"line":82,"column":null}},"type":"cond-expr","locations":[{"start":{"line":82,"column":27},"end":{"line":82,"column":36}},{"start":{"line":82,"column":36},"end":{"line":82,"column":null}}],"line":82},"10":{"loc":{"start":{"line":86,"column":16},"end":{"line":86,"column":null}},"type":"cond-expr","locations":[{"start":{"line":86,"column":27},"end":{"line":86,"column":36}},{"start":{"line":86,"column":36},"end":{"line":86,"column":null}}],"line":86}},"s":{"0":1,"1":6,"2":6,"3":6,"4":6,"5":6,"6":18},"f":{"0":6,"1":6,"2":18},"b":{"0":[0,6],"1":[0,6],"2":[0,6],"3":[6,0],"4":[0,6],"5":[0,6],"6":[0,6],"7":[0,6],"8":[0,6],"9":[0,6],"10":[0,6]},"meta":{"lastBranch":11,"lastFunction":3,"lastStatement":7,"seen":{"s:5:19:30:Infinity":0,"f:32:9:32:22":0,"s:33:29:33:Infinity":1,"s:35:20:90:Infinity":2,"f:35:20:35:27":1,"s:35:27:90:Infinity":3,"b:37:26:37:40:37:40:37:Infinity":0,"b:39:34:39:43:39:43:39:Infinity":1,"b:42:27:42:36:42:36:42:Infinity":2,"b:42:47:42:56:42:56:42:Infinity":3,"b:50:26:50:35:50:35:50:Infinity":4,"b:54:31:54:40:54:40:54:Infinity":5,"b:58:27:58:36:58:36:58:Infinity":6,"b:62:27:62:36:62:36:62:Infinity":7,"b:68:27:68:36:68:36:68:Infinity":8,"b:82:27:82:36:82:36:82:Infinity":9,"b:86:27:86:36:86:36:86:Infinity":10,"s:92:17:92:Infinity":4,"s:94:2:127:Infinity":5,"f:107:24:107:25":2,"s:108:10:124:Infinity":6}}}
,"/Users/sahilbasra/my-portfolio/src/components/Footer.jsx": {"path":"/Users/sahilbasra/my-portfolio/src/components/Footer.jsx","statementMap":{"0":{"start":{"line":2,"column":2},"end":{"line":13,"column":null}}},"fnMap":{"0":{"name":"Footer","decl":{"start":{"line":1,"column":9},"end":{"line":1,"column":18}},"loc":{"start":{"line":1,"column":18},"end":{"line":15,"column":null}},"line":1}},"branchMap":{},"s":{"0":2},"f":{"0":2},"b":{},"meta":{"lastBranch":0,"lastFunction":1,"lastStatement":1,"seen":{"f:1:9:1:18":0,"s:2:2:13:Infinity":0}}}
,"/Users/sahilbasra/my-portfolio/src/components/Hero.jsx": {"path":"/Users/sahilbasra/my-portfolio/src/components/Hero.jsx","statementMap":{"0":{"start":{"line":6,"column":29},"end":{"line":6,"column":null}},"1":{"start":{"line":8,"column":20},"end":{"line":115,"column":null}},"2":{"start":{"line":8,"column":27},"end":{"line":115,"column":null}},"3":{"start":{"line":117,"column":17},"end":{"line":117,"column":null}},"4":{"start":{"line":119,"column":2},"end":{"line":237,"column":null}},"5":{"start":{"line":201,"column":18},"end":{"line":202,"column":null}},"6":{"start":{"line":225,"column":18},"end":{"line":226,"column":null}}},"fnMap":{"0":{"name":"Hero","decl":{"start":{"line":5,"column":9},"end":{"line":5,"column":16}},"loc":{"start":{"line":5,"column":16},"end":{"line":239,"column":null}},"line":5},"1":{"name":"(anonymous_1)","decl":{"start":{"line":8,"column":20},"end":{"line":8,"column":27}},"loc":{"start":{"line":8,"column":27},"end":{"line":115,"column":null}},"line":8},"2":{"name":"(anonymous_2)","decl":{"start":{"line":200,"column":25},"end":{"line":200,"column":null}},"loc":{"start":{"line":201,"column":18},"end":{"line":202,"column":null}},"line":201},"3":{"name":"(anonymous_3)","decl":{"start":{"line":224,"column":25},"end":{"line":224,"column":null}},"loc":{"start":{"line":225,"column":18},"end":{"line":226,"column":null}},"line":225}},"branchMap":{"0":{"loc":{"start":{"line":10,"column":18},"end":{"line":10,"column":null}},"type":"cond-expr","locations":[{"start":{"line":10,"column":29},"end":{"line":10,"column":38}},{"start":{"line":10,"column":38},"end":{"line":10,"column":null}}],"line":10},"1":{"loc":{"start":{"line":11,"column":21},"end":{"line":11,"column":null}},"type":"cond-expr","locations":[{"start":{"line":11,"column":32},"end":{"line":11,"column":41}},{"start":{"line":11,"column":41},"end":{"line":11,"column":null}}],"line":11},"2":{"loc":{"start":{"line":11,"column":41},"end":{"line":11,"column":null}},"type":"cond-expr","locations":[{"start":{"line":11,"column":52},"end":{"line":11,"column":61}},{"start":{"line":11,"column":61},"end":{"line":11,"column":null}}],"line":11},"3":{"loc":{"start":{"line":12,"column":19},"end":{"line":12,"column":null}},"type":"cond-expr","locations":[{"start":{"line":12,"column":30},"end":{"line":12,"column":39}},{"start":{"line":12,"column":39},"end":{"line":12,"column":null}}],"line":12},"4":{"loc":{"start":{"line":13,"column":20},"end":{"line":13,"column":null}},"type":"cond-expr","locations":[{"start":{"line":13,"column":31},"end":{"line":13,"column":40}},{"start":{"line":13,"column":40},"end":{"line":13,"column":null}}],"line":13},"5":{"loc":{"start":{"line":14,"column":23},"end":{"line":14,"column":null}},"type":"cond-expr","locations":[{"start":{"line":14,"column":34},"end":{"line":14,"column":43}},{"start":{"line":14,"column":43},"end":{"line":14,"column":null}}],"line":14},"6":{"loc":{"start":{"line":22,"column":11},"end":{"line":22,"column":null}},"type":"cond-expr","locations":[{"start":{"line":22,"column":22},"end":{"line":22,"column":31}},{"start":{"line":22,"column":31},"end":{"line":22,"column":null}}],"line":22},"7":{"loc":{"start":{"line":26,"column":16},"end":{"line":26,"column":null}},"type":"cond-expr","locations":[{"start":{"line":26,"column":27},"end":{"line":26,"column":36}},{"start":{"line":26,"column":36},"end":{"line":26,"column":null}}],"line":26},"8":{"loc":{"start":{"line":28,"column":16},"end":{"line":28,"column":null}},"type":"cond-expr","locations":[{"start":{"line":28,"column":27},"end":{"line":28,"column":36}},{"start":{"line":28,"column":36},"end":{"line":28,"column":null}}],"line":28},"9":{"loc":{"start":{"line":31,"column":16},"end":{"line":31,"column":null}},"type":"cond-expr","locations":[{"start":{"line":31,"column":27},"end":{"line":31,"column":36}},{"start":{"line":31,"column":36},"end":{"line":31,"column":null}}],"line":31},"10":{"loc":{"start":{"line":31,"column":36},"end":{"line":31,"column":null}},"type":"cond-expr","locations":[{"start":{"line":31,"column":47},"end":{"line":31,"column":56}},{"start":{"line":31,"column":56},"end":{"line":31,"column":null}}],"line":31},"11":{"loc":{"start":{"line":42,"column":16},"end":{"line":42,"column":null}},"type":"cond-expr","locations":[{"start":{"line":42,"column":27},"end":{"line":42,"column":36}},{"start":{"line":42,"column":36},"end":{"line":42,"column":null}}],"line":42},"12":{"loc":{"start":{"line":45,"column":16},"end":{"line":45,"column":null}},"type":"cond-expr","locations":[{"start":{"line":45,"column":27},"end":{"line":45,"column":36}},{"start":{"line":45,"column":36},"end":{"line":45,"column":null}}],"line":45},"13":{"loc":{"start":{"line":49,"column":11},"end":{"line":49,"column":null}},"type":"cond-expr","locations":[{"start":{"line":49,"column":22},"end":{"line":49,"column":31}},{"start":{"line":49,"column":31},"end":{"line":49,"column":null}}],"line":49},"14":{"loc":{"start":{"line":50,"column":17},"end":{"line":50,"column":null}},"type":"cond-expr","locations":[{"start":{"line":50,"column":28},"end":{"line":50,"column":37}},{"start":{"line":50,"column":37},"end":{"line":50,"column":null}}],"line":50},"15":{"loc":{"start":{"line":58,"column":16},"end":{"line":58,"column":null}},"type":"cond-expr","locations":[{"start":{"line":58,"column":27},"end":{"line":58,"column":36}},{"start":{"line":58,"column":36},"end":{"line":58,"column":null}}],"line":58},"16":{"loc":{"start":{"line":64,"column":16},"end":{"line":64,"column":null}},"type":"cond-expr","locations":[{"start":{"line":64,"column":27},"end":{"line":64,"column":36}},{"start":{"line":64,"column":36},"end":{"line":64,"column":null}}],"line":64},"17":{"loc":{"start":{"line":71,"column":11},"end":{"line":71,"column":null}},"type":"cond-expr","locations":[{"start":{"line":71,"column":22},"end":{"line":71,"column":31}},{"start":{"line":71,"column":31},"end":{"line":71,"column":null}}],"line":71},"18":{"loc":{"start":{"line":77,"column":13},"end":{"line":77,"column":null}},"type":"cond-expr","locations":[{"start":{"line":77,"column":24},"end":{"line":77,"column":44}},{"start":{"line":77,"column":44},"end":{"line":77,"column":null}}],"line":77},"19":{"loc":{"start":{"line":78,"column":14},"end":{"line":78,"column":null}},"type":"cond-expr","locations":[{"start":{"line":78,"column":25},"end":{"line":78,"column":35}},{"start":{"line":78,"column":35},"end":{"line":78,"column":null}}],"line":78},"20":{"loc":{"start":{"line":79,"column":15},"end":{"line":79,"column":null}},"type":"cond-expr","locations":[{"start":{"line":79,"column":26},"end":{"line":79,"column":35}},{"start":{"line":79,"column":35},"end":{"line":79,"column":null}}],"line":79},"21":{"loc":{"start":{"line":90,"column":16},"end":{"line":90,"column":null}},"type":"cond-expr","locations":[{"start":{"line":90,"column":27},"end":{"line":90,"column":36}},{"start":{"line":90,"column":36},"end":{"line":90,"column":null}}],"line":90},"22":{"loc":{"start":{"line":95,"column":16},"end":{"line":95,"column":null}},"type":"cond-expr","locations":[{"start":{"line":95,"column":27},"end":{"line":95,"column":36}},{"start":{"line":95,"column":36},"end":{"line":95,"column":null}}],"line":95},"23":{"loc":{"start":{"line":103,"column":16},"end":{"line":103,"column":null}},"type":"cond-expr","locations":[{"start":{"line":103,"column":27},"end":{"line":103,"column":36}},{"start":{"line":103,"column":36},"end":{"line":103,"column":null}}],"line":103}},"s":{"0":9,"1":9,"2":9,"3":9,"4":9,"5":0,"6":0},"f":{"0":9,"1":9,"2":0,"3":0},"b":{"0":[0,9],"1":[0,9],"2":[9,0],"3":[0,9],"4":[0,9],"5":[0,9],"6":[0,9],"7":[0,9],"8":[0,9],"9":[0,9],"10":[9,0],"11":[0,9],"12":[0,9],"13":[0,9],"14":[0,9],"15":[0,9],"16":[0,9],"17":[0,9],"18":[0,9],"19":[0,9],"20":[0,9],"21":[0,9],"22":[0,9],"23":[0,9]},"meta":{"lastBranch":24,"lastFunction":4,"lastStatement":7,"seen":{"f:5:9:5:16":0,"s:6:29:6:Infinity":0,"s:8:20:115:Infinity":1,"f:8:20:8:27":1,"s:8:27:115:Infinity":2,"b:10:29:10:38:10:38:10:Infinity":0,"b:11:32:11:41:11:41:11:Infinity":1,"b:11:52:11:61:11:61:11:Infinity":2,"b:12:30:12:39:12:39:12:Infinity":3,"b:13:31:13:40:13:40:13:Infinity":4,"b:14:34:14:43:14:43:14:Infinity":5,"b:22:22:22:31:22:31:22:Infinity":6,"b:26:27:26:36:26:36:26:Infinity":7,"b:28:27:28:36:28:36:28:Infinity":8,"b:31:27:31:36:31:36:31:Infinity":9,"b:31:47:31:56:31:56:31:Infinity":10,"b:42:27:42:36:42:36:42:Infinity":11,"b:45:27:45:36:45:36:45:Infinity":12,"b:49:22:49:31:49:31:49:Infinity":13,"b:50:28:50:37:50:37:50:Infinity":14,"b:58:27:58:36:58:36:58:Infinity":15,"b:64:27:64:36:64:36:64:Infinity":16,"b:71:22:71:31:71:31:71:Infinity":17,"b:77:24:77:44:77:44:77:Infinity":18,"b:78:25:78:35:78:35:78:Infinity":19,"b:79:26:79:35:79:35:79:Infinity":20,"b:90:27:90:36:90:36:90:Infinity":21,"b:95:27:95:36:95:36:95:Infinity":22,"b:103:27:103:36:103:36:103:Infinity":23,"s:117:17:117:Infinity":3,"s:119:2:237:Infinity":4,"f:200:25:200:Infinity":2,"s:201:18:202:Infinity":5,"f:224:25:224:Infinity":3,"s:225:18:226:Infinity":6}}}
,"/Users/sahilbasra/my-portfolio/src/components/Navbar.jsx": {"path":"/Users/sahilbasra/my-portfolio/src/components/Navbar.jsx","statementMap":{"0":{"start":{"line":6,"column":17},"end":{"line":15,"column":null}},"1":{"start":{"line":18,"column":26},"end":{"line":18,"column":null}},"2":{"start":{"line":19,"column":30},"end":{"line":19,"column":null}},"3":{"start":{"line":20,"column":34},"end":{"line":20,"column":null}},"4":{"start":{"line":21,"column":38},"end":{"line":21,"column":null}},"5":{"start":{"line":22,"column":26},"end":{"line":22,"column":null}},"6":{"start":{"line":23,"column":30},"end":{"line":23,"column":null}},"7":{"start":{"line":24,"column":34},"end":{"line":24,"column":null}},"8":{"start":{"line":25,"column":36},"end":{"line":25,"column":null}},"9":{"start":{"line":27,"column":27},"end":{"line":35,"column":null}},"10":{"start":{"line":28,"column":4},"end":{"line":28,"column":null}},"11":{"start":{"line":28,"column":29},"end":{"line":28,"column":null}},"12":{"start":{"line":30,"column":18},"end":{"line":30,"column":null}},"13":{"start":{"line":31,"column":4},"end":{"line":34,"column":null}},"14":{"start":{"line":32,"column":6},"end":{"line":33,"column":null}},"15":{"start":{"line":33,"column":39},"end":{"line":33,"column":62}},"16":{"start":{"line":37,"column":34},"end":{"line":49,"column":null}},"17":{"start":{"line":38,"column":4},"end":{"line":38,"column":null}},"18":{"start":{"line":39,"column":4},"end":{"line":39,"column":null}},"19":{"start":{"line":42,"column":20},"end":{"line":42,"column":null}},"20":{"start":{"line":43,"column":4},"end":{"line":45,"column":null}},"21":{"start":{"line":44,"column":6},"end":{"line":44,"column":null}},"22":{"start":{"line":48,"column":4},"end":{"line":48,"column":null}},"23":{"start":{"line":51,"column":31},"end":{"line":58,"column":null}},"24":{"start":{"line":52,"column":4},"end":{"line":57,"column":null}},"25":{"start":{"line":53,"column":22},"end":{"line":53,"column":null}},"26":{"start":{"line":54,"column":6},"end":{"line":56,"column":null}},"27":{"start":{"line":55,"column":8},"end":{"line":55,"column":null}},"28":{"start":{"line":60,"column":28},"end":{"line":65,"column":null}},"29":{"start":{"line":61,"column":2},"end":{"line":63,"column":null}},"30":{"start":{"line":62,"column":4},"end":{"line":62,"column":null}},"31":{"start":{"line":64,"column":2},"end":{"line":64,"column":null}},"32":{"start":{"line":67,"column":2},"end":{"line":71,"column":null}},"33":{"start":{"line":68,"column":18},"end":{"line":68,"column":null}},"34":{"start":{"line":68,"column":24},"end":{"line":68,"column":null}},"35":{"start":{"line":69,"column":4},"end":{"line":69,"column":null}},"36":{"start":{"line":70,"column":4},"end":{"line":70,"column":null}},"37":{"start":{"line":70,"column":17},"end":{"line":70,"column":null}},"38":{"start":{"line":73,"column":2},"end":{"line":101,"column":null}},"39":{"start":{"line":74,"column":25},"end":{"line":97,"column":null}},"40":{"start":{"line":75,"column":20},"end":{"line":75,"column":null}},"41":{"start":{"line":77,"column":6},"end":{"line":85,"column":null}},"42":{"start":{"line":78,"column":24},"end":{"line":78,"column":null}},"43":{"start":{"line":79,"column":8},"end":{"line":79,"column":null}},"44":{"start":{"line":79,"column":22},"end":{"line":79,"column":null}},"45":{"start":{"line":81,"column":20},"end":{"line":81,"column":null}},"46":{"start":{"line":82,"column":8},"end":{"line":84,"column":null}},"47":{"start":{"line":83,"column":10},"end":{"line":83,"column":null}},"48":{"start":{"line":89,"column":8},"end":{"line":90,"column":null}},"49":{"start":{"line":92,"column":6},"end":{"line":94,"column":null}},"50":{"start":{"line":93,"column":8},"end":{"line":93,"column":null}},"51":{"start":{"line":96,"column":6},"end":{"line":96,"column":null}},"52":{"start":{"line":99,"column":4},"end":{"line":99,"column":null}},"53":{"start":{"line":100,"column":4},"end":{"line":100,"column":null}},"54":{"start":{"line":100,"column":17},"end":{"line":100,"column":null}},"55":{"start":{"line":103,"column":2},"end":{"line":127,"column":null}},"56":{"start":{"line":104,"column":25},"end":{"line":123,"column":null}},"57":{"start":{"line":105,"column":28},"end":{"line":105,"column":null}},"58":{"start":{"line":107,"column":6},"end":{"line":122,"column":null}},"59":{"start":{"line":109,"column":8},"end":{"line":109,"column":null}},"60":{"start":{"line":110,"column":8},"end":{"line":110,"column":null}},"61":{"start":{"line":113,"column":8},"end":{"line":121,"column":null}},"62":{"start":{"line":114,"column":10},"end":{"line":114,"column":null}},"63":{"start":{"line":115,"column":10},"end":{"line":115,"column":null}},"64":{"start":{"line":116,"column":10},"end":{"line":116,"column":null}},"65":{"start":{"line":118,"column":10},"end":{"line":118,"column":null}},"66":{"start":{"line":119,"column":10},"end":{"line":119,"column":null}},"67":{"start":{"line":120,"column":10},"end":{"line":120,"column":null}},"68":{"start":{"line":125,"column":4},"end":{"line":125,"column":null}},"69":{"start":{"line":126,"column":4},"end":{"line":126,"column":null}},"70":{"start":{"line":126,"column":17},"end":{"line":126,"column":null}},"71":{"start":{"line":129,"column":2},"end":{"line":141,"column":null}},"72":{"start":{"line":130,"column":27},"end":{"line":137,"column":null}},"73":{"start":{"line":131,"column":24},"end":{"line":131,"column":null}},"74":{"start":{"line":133,"column":8},"end":{"line":134,"column":null}},"75":{"start":{"line":136,"column":6},"end":{"line":136,"column":null}},"76":{"start":{"line":139,"column":4},"end":{"line":139,"column":null}},"77":{"start":{"line":140,"column":4},"end":{"line":140,"column":null}},"78":{"start":{"line":140,"column":17},"end":{"line":140,"column":null}},"79":{"start":{"line":144,"column":2},"end":{"line":153,"column":null}},"80":{"start":{"line":145,"column":4},"end":{"line":149,"column":null}},"81":{"start":{"line":146,"column":6},"end":{"line":146,"column":null}},"82":{"start":{"line":148,"column":6},"end":{"line":148,"column":null}},"83":{"start":{"line":150,"column":4},"end":{"line":152,"column":null}},"84":{"start":{"line":151,"column":6},"end":{"line":151,"column":null}},"85":{"start":{"line":155,"column":2},"end":{"line":412,"column":null}},"86":{"start":{"line":185,"column":12},"end":{"line":194,"column":null}},"87":{"start":{"line":203,"column":29},"end":{"line":203,"column":null}},"88":{"start":{"line":232,"column":29},"end":{"line":232,"column":null}},"89":{"start":{"line":247,"column":31},"end":{"line":247,"column":null}},"90":{"start":{"line":255,"column":16},"end":{"line":255,"column":null}},"91":{"start":{"line":256,"column":16},"end":{"line":256,"column":null}},"92":{"start":{"line":271,"column":25},"end":{"line":271,"column":null}},"93":{"start":{"line":272,"column":28},"end":{"line":272,"column":null}},"94":{"start":{"line":280,"column":28},"end":{"line":280,"column":null}},"95":{"start":{"line":281,"column":31},"end":{"line":281,"column":null}},"96":{"start":{"line":285,"column":29},"end":{"line":285,"column":null}},"97":{"start":{"line":292,"column":14},"end":{"line":302,"column":null}},"98":{"start":{"line":299,"column":31},"end":{"line":299,"column":null}},"99":{"start":{"line":313,"column":14},"end":{"line":320,"column":null}},"100":{"start":{"line":316,"column":31},"end":{"line":316,"column":null}},"101":{"start":{"line":331,"column":10},"end":{"line":331,"column":null}},"102":{"start":{"line":332,"column":10},"end":{"line":332,"column":null}},"103":{"start":{"line":334,"column":58},"end":{"line":334,"column":null}},"104":{"start":{"line":342,"column":35},"end":{"line":342,"column":null}},"105":{"start":{"line":350,"column":20},"end":{"line":350,"column":null}},"106":{"start":{"line":351,"column":20},"end":{"line":351,"column":null}},"107":{"start":{"line":363,"column":22},"end":{"line":370,"column":null}},"108":{"start":{"line":366,"column":39},"end":{"line":366,"column":null}},"109":{"start":{"line":398,"column":12},"end":{"line":408,"column":null}},"110":{"start":{"line":416,"column":15},"end":{"line":683,"column":null}}},"fnMap":{"0":{"name":"Navbar","decl":{"start":{"line":17,"column":9},"end":{"line":17,"column":18}},"loc":{"start":{"line":17,"column":18},"end":{"line":414,"column":null}},"line":17},"1":{"name":"(anonymous_1)","decl":{"start":{"line":27,"column":27},"end":{"line":27,"column":33}},"loc":{"start":{"line":27,"column":33},"end":{"line":35,"column":null}},"line":27},"2":{"name":"(anonymous_2)","decl":{"start":{"line":31,"column":27},"end":{"line":31,"column":null}},"loc":{"start":{"line":32,"column":6},"end":{"line":33,"column":null}},"line":32},"3":{"name":"(anonymous_3)","decl":{"start":{"line":33,"column":28},"end":{"line":33,"column":39}},"loc":{"start":{"line":33,"column":39},"end":{"line":33,"column":62}},"line":33},"4":{"name":"(anonymous_4)","decl":{"start":{"line":37,"column":34},"end":{"line":37,"column":35}},"loc":{"start":{"line":37,"column":49},"end":{"line":49,"column":null}},"line":37},"5":{"name":"(anonymous_5)","decl":{"start":{"line":51,"column":31},"end":{"line":51,"column":32}},"loc":{"start":{"line":51,"column":38},"end":{"line":58,"column":null}},"line":51},"6":{"name":"(anonymous_6)","decl":{"start":{"line":60,"column":41},"end":{"line":60,"column":47}},"loc":{"start":{"line":60,"column":47},"end":{"line":65,"column":1}},"line":60},"7":{"name":"(anonymous_7)","decl":{"start":{"line":67,"column":18},"end":{"line":67,"column":24}},"loc":{"start":{"line":67,"column":24},"end":{"line":71,"column":5}},"line":67},"8":{"name":"(anonymous_8)","decl":{"start":{"line":68,"column":18},"end":{"line":68,"column":24}},"loc":{"start":{"line":68,"column":24},"end":{"line":68,"column":null}},"line":68},"9":{"name":"(anonymous_9)","decl":{"start":{"line":70,"column":11},"end":{"line":70,"column":17}},"loc":{"start":{"line":70,"column":17},"end":{"line":70,"column":null}},"line":70},"10":{"name":"(anonymous_10)","decl":{"start":{"line":73,"column":12},"end":{"line":73,"column":18}},"loc":{"start":{"line":73,"column":18},"end":{"line":101,"column":5}},"line":73},"11":{"name":"(anonymous_11)","decl":{"start":{"line":74,"column":25},"end":{"line":74,"column":31}},"loc":{"start":{"line":74,"column":31},"end":{"line":97,"column":null}},"line":74},"12":{"name":"(anonymous_12)","decl":{"start":{"line":77,"column":23},"end":{"line":77,"column":24}},"loc":{"start":{"line":77,"column":35},"end":{"line":85,"column":7}},"line":77},"13":{"name":"(anonymous_13)","decl":{"start":{"line":100,"column":11},"end":{"line":100,"column":17}},"loc":{"start":{"line":100,"column":17},"end":{"line":100,"column":null}},"line":100},"14":{"name":"(anonymous_14)","decl":{"start":{"line":103,"column":12},"end":{"line":103,"column":18}},"loc":{"start":{"line":103,"column":18},"end":{"line":127,"column":5}},"line":103},"15":{"name":"(anonymous_15)","decl":{"start":{"line":104,"column":25},"end":{"line":104,"column":31}},"loc":{"start":{"line":104,"column":31},"end":{"line":123,"column":null}},"line":104},"16":{"name":"(anonymous_16)","decl":{"start":{"line":126,"column":11},"end":{"line":126,"column":17}},"loc":{"start":{"line":126,"column":17},"end":{"line":126,"column":null}},"line":126},"17":{"name":"(anonymous_17)","decl":{"start":{"line":129,"column":12},"end":{"line":129,"column":18}},"loc":{"start":{"line":129,"column":18},"end":{"line":141,"column":5}},"line":129},"18":{"name":"(anonymous_18)","decl":{"start":{"line":130,"column":27},"end":{"line":130,"column":33}},"loc":{"start":{"line":130,"column":33},"end":{"line":137,"column":null}},"line":130},"19":{"name":"(anonymous_19)","decl":{"start":{"line":140,"column":11},"end":{"line":140,"column":17}},"loc":{"start":{"line":140,"column":17},"end":{"line":140,"column":null}},"line":140},"20":{"name":"(anonymous_20)","decl":{"start":{"line":144,"column":12},"end":{"line":144,"column":18}},"loc":{"start":{"line":144,"column":18},"end":{"line":153,"column":5}},"line":144},"21":{"name":"(anonymous_21)","decl":{"start":{"line":150,"column":11},"end":{"line":150,"column":17}},"loc":{"start":{"line":150,"column":17},"end":{"line":152,"column":null}},"line":150},"22":{"name":"(anonymous_22)","decl":{"start":{"line":184,"column":23},"end":{"line":184,"column":24}},"loc":{"start":{"line":185,"column":12},"end":{"line":194,"column":null}},"line":185},"23":{"name":"(anonymous_23)","decl":{"start":{"line":203,"column":23},"end":{"line":203,"column":29}},"loc":{"start":{"line":203,"column":29},"end":{"line":203,"column":null}},"line":203},"24":{"name":"(anonymous_24)","decl":{"start":{"line":232,"column":23},"end":{"line":232,"column":29}},"loc":{"start":{"line":232,"column":29},"end":{"line":232,"column":null}},"line":232},"25":{"name":"(anonymous_25)","decl":{"start":{"line":247,"column":24},"end":{"line":247,"column":25}},"loc":{"start":{"line":247,"column":31},"end":{"line":247,"column":null}},"line":247},"26":{"name":"(anonymous_26)","decl":{"start":{"line":254,"column":23},"end":{"line":254,"column":29}},"loc":{"start":{"line":254,"column":29},"end":{"line":257,"column":null}},"line":254},"27":{"name":"(anonymous_27)","decl":{"start":{"line":271,"column":19},"end":{"line":271,"column":25}},"loc":{"start":{"line":271,"column":25},"end":{"line":271,"column":null}},"line":271},"28":{"name":"(anonymous_28)","decl":{"start":{"line":272,"column":22},"end":{"line":272,"column":28}},"loc":{"start":{"line":272,"column":28},"end":{"line":272,"column":null}},"line":272},"29":{"name":"(anonymous_29)","decl":{"start":{"line":280,"column":21},"end":{"line":280,"column":22}},"loc":{"start":{"line":280,"column":28},"end":{"line":280,"column":null}},"line":280},"30":{"name":"(anonymous_30)","decl":{"start":{"line":281,"column":24},"end":{"line":281,"column":25}},"loc":{"start":{"line":281,"column":31},"end":{"line":281,"column":null}},"line":281},"31":{"name":"(anonymous_31)","decl":{"start":{"line":285,"column":23},"end":{"line":285,"column":29}},"loc":{"start":{"line":285,"column":29},"end":{"line":285,"column":null}},"line":285},"32":{"name":"(anonymous_32)","decl":{"start":{"line":291,"column":26},"end":{"line":291,"column":27}},"loc":{"start":{"line":292,"column":14},"end":{"line":302,"column":null}},"line":292},"33":{"name":"(anonymous_33)","decl":{"start":{"line":299,"column":25},"end":{"line":299,"column":31}},"loc":{"start":{"line":299,"column":31},"end":{"line":299,"column":null}},"line":299},"34":{"name":"(anonymous_34)","decl":{"start":{"line":312,"column":35},"end":{"line":312,"column":36}},"loc":{"start":{"line":313,"column":14},"end":{"line":320,"column":null}},"line":313},"35":{"name":"(anonymous_35)","decl":{"start":{"line":316,"column":25},"end":{"line":316,"column":31}},"loc":{"start":{"line":316,"column":31},"end":{"line":316,"column":null}},"line":316},"36":{"name":"(anonymous_36)","decl":{"start":{"line":330,"column":51},"end":{"line":330,"column":57}},"loc":{"start":{"line":330,"column":57},"end":{"line":333,"column":null}},"line":330},"37":{"name":"(anonymous_37)","decl":{"start":{"line":334,"column":51},"end":{"line":334,"column":52}},"loc":{"start":{"line":334,"column":58},"end":{"line":334,"column":null}},"line":334},"38":{"name":"(anonymous_38)","decl":{"start":{"line":342,"column":28},"end":{"line":342,"column":29}},"loc":{"start":{"line":342,"column":35},"end":{"line":342,"column":null}},"line":342},"39":{"name":"(anonymous_39)","decl":{"start":{"line":349,"column":27},"end":{"line":349,"column":33}},"loc":{"start":{"line":349,"column":33},"end":{"line":352,"column":null}},"line":349},"40":{"name":"(anonymous_40)","decl":{"start":{"line":362,"column":43},"end":{"line":362,"column":44}},"loc":{"start":{"line":363,"column":22},"end":{"line":370,"column":null}},"line":363},"41":{"name":"(anonymous_41)","decl":{"start":{"line":366,"column":33},"end":{"line":366,"column":39}},"loc":{"start":{"line":366,"column":39},"end":{"line":366,"column":null}},"line":366},"42":{"name":"(anonymous_42)","decl":{"start":{"line":397,"column":24},"end":{"line":397,"column":25}},"loc":{"start":{"line":398,"column":12},"end":{"line":408,"column":null}},"line":398}},"branchMap":{"0":{"loc":{"start":{"line":28,"column":4},"end":{"line":28,"column":null}},"type":"if","locations":[{"start":{"line":28,"column":4},"end":{"line":28,"column":null}},{"start":{},"end":{}}],"line":28},"1":{"loc":{"start":{"line":32,"column":6},"end":{"line":33,"column":null}},"type":"binary-expr","locations":[{"start":{"line":32,"column":6},"end":{"line":32,"column":null}},{"start":{"line":33,"column":6},"end":{"line":33,"column":null}}],"line":32},"2":{"loc":{"start":{"line":43,"column":4},"end":{"line":45,"column":null}},"type":"if","locations":[{"start":{"line":43,"column":4},"end":{"line":45,"column":null}},{"start":{},"end":{}}],"line":43},"3":{"loc":{"start":{"line":52,"column":4},"end":{"line":57,"column":null}},"type":"if","locations":[{"start":{"line":52,"column":4},"end":{"line":57,"column":null}},{"start":{},"end":{}}],"line":52},"4":{"loc":{"start":{"line":54,"column":6},"end":{"line":56,"column":null}},"type":"if","locations":[{"start":{"line":54,"column":6},"end":{"line":56,"column":null}},{"start":{},"end":{}}],"line":54},"5":{"loc":{"start":{"line":61,"column":2},"end":{"line":63,"column":null}},"type":"if","locations":[{"start":{"line":61,"column":2},"end":{"line":63,"column":null}},{"start":{},"end":{}}],"line":61},"6":{"loc":{"start":{"line":79,"column":8},"end":{"line":79,"column":null}},"type":"if","locations":[{"start":{"line":79,"column":8},"end":{"line":79,"column":null}},{"start":{},"end":{}}],"line":79},"7":{"loc":{"start":{"line":82,"column":8},"end":{"line":84,"column":null}},"type":"if","locations":[{"start":{"line":82,"column":8},"end":{"line":84,"column":null}},{"start":{},"end":{}}],"line":82},"8":{"loc":{"start":{"line":92,"column":6},"end":{"line":94,"column":null}},"type":"if","locations":[{"start":{"line":92,"column":6},"end":{"line":94,"column":null}},{"start":{},"end":{}}],"line":92},"9":{"loc":{"start":{"line":107,"column":6},"end":{"line":122,"column":null}},"type":"if","locations":[{"start":{"line":107,"column":6},"end":{"line":122,"column":null}},{"start":{"line":111,"column":13},"end":{"line":122,"column":null}}],"line":107},"10":{"loc":{"start":{"line":113,"column":8},"end":{"line":121,"column":null}},"type":"if","locations":[{"start":{"line":113,"column":8},"end":{"line":121,"column":null}},{"start":{"line":117,"column":15},"end":{"line":121,"column":null}}],"line":113},"11":{"loc":{"start":{"line":145,"column":4},"end":{"line":149,"column":null}},"type":"if","locations":[{"start":{"line":145,"column":4},"end":{"line":149,"column":null}},{"start":{"line":147,"column":11},"end":{"line":149,"column":null}}],"line":145},"12":{"loc":{"start":{"line":145,"column":8},"end":{"line":145,"column":30}},"type":"binary-expr","locations":[{"start":{"line":145,"column":8},"end":{"line":145,"column":20}},{"start":{"line":145,"column":20},"end":{"line":145,"column":30}}],"line":145},"13":{"loc":{"start":{"line":156,"column":16},"end":{"line":156,"column":null}},"type":"cond-expr","locations":[{"start":{"line":156,"column":27},"end":{"line":156,"column":50}},{"start":{"line":156,"column":50},"end":{"line":156,"column":null}}],"line":156},"14":{"loc":{"start":{"line":160,"column":19},"end":{"line":160,"column":null}},"type":"cond-expr","locations":[{"start":{"line":160,"column":32},"end":{"line":160,"column":36}},{"start":{"line":160,"column":36},"end":{"line":160,"column":null}}],"line":160},"15":{"loc":{"start":{"line":161,"column":13},"end":{"line":161,"column":null}},"type":"cond-expr","locations":[{"start":{"line":161,"column":26},"end":{"line":161,"column":30}},{"start":{"line":161,"column":30},"end":{"line":161,"column":null}}],"line":161},"16":{"loc":{"start":{"line":162,"column":17},"end":{"line":162,"column":null}},"type":"cond-expr","locations":[{"start":{"line":162,"column":26},"end":{"line":162,"column":33}},{"start":{"line":162,"column":33},"end":{"line":162,"column":null}}],"line":162},"17":{"loc":{"start":{"line":167,"column":14},"end":{"line":167,"column":null}},"type":"cond-expr","locations":[{"start":{"line":167,"column":25},"end":{"line":167,"column":47}},{"start":{"line":167,"column":47},"end":{"line":167,"column":null}}],"line":167},"18":{"loc":{"start":{"line":183,"column":9},"end":{"line":195,"column":null}},"type":"binary-expr","locations":[{"start":{"line":183,"column":9},"end":{"line":183,"column":null}},{"start":{"line":184,"column":10},"end":{"line":195,"column":null}}],"line":183},"19":{"loc":{"start":{"line":190,"column":25},"end":{"line":190,"column":null}},"type":"cond-expr","locations":[{"start":{"line":190,"column":46},"end":{"line":190,"column":50}},{"start":{"line":190,"column":50},"end":{"line":190,"column":null}}],"line":190},"20":{"loc":{"start":{"line":198,"column":9},"end":{"line":236,"column":null}},"type":"binary-expr","locations":[{"start":{"line":198,"column":9},"end":{"line":198,"column":21}},{"start":{"line":198,"column":21},"end":{"line":198,"column":null}},{"start":{"line":199,"column":10},"end":{"line":236,"column":null}}],"line":198},"21":{"loc":{"start":{"line":202,"column":26},"end":{"line":202,"column":null}},"type":"cond-expr","locations":[{"start":{"line":202,"column":37},"end":{"line":202,"column":52}},{"start":{"line":202,"column":52},"end":{"line":202,"column":null}}],"line":202},"22":{"loc":{"start":{"line":207,"column":26},"end":{"line":207,"column":null}},"type":"cond-expr","locations":[{"start":{"line":207,"column":37},"end":{"line":207,"column":42}},{"start":{"line":207,"column":42},"end":{"line":207,"column":null}}],"line":207},"23":{"loc":{"start":{"line":208,"column":21},"end":{"line":208,"column":null}},"type":"cond-expr","locations":[{"start":{"line":208,"column":32},"end":{"line":208,"column":36}},{"start":{"line":208,"column":36},"end":{"line":208,"column":null}}],"line":208},"24":{"loc":{"start":{"line":215,"column":27},"end":{"line":215,"column":null}},"type":"cond-expr","locations":[{"start":{"line":215,"column":38},"end":{"line":215,"column":42}},{"start":{"line":215,"column":42},"end":{"line":215,"column":null}}],"line":215},"25":{"loc":{"start":{"line":222,"column":26},"end":{"line":222,"column":null}},"type":"cond-expr","locations":[{"start":{"line":222,"column":37},"end":{"line":222,"column":43}},{"start":{"line":222,"column":43},"end":{"line":222,"column":null}}],"line":222},"26":{"loc":{"start":{"line":223,"column":21},"end":{"line":223,"column":null}},"type":"cond-expr","locations":[{"start":{"line":223,"column":32},"end":{"line":223,"column":37}},{"start":{"line":223,"column":37},"end":{"line":223,"column":null}}],"line":223},"27":{"loc":{"start":{"line":240,"column":9},"end":{"line":261,"column":null}},"type":"binary-expr","locations":[{"start":{"line":240,"column":9},"end":{"line":240,"column":21}},{"start":{"line":240,"column":21},"end":{"line":240,"column":null}},{"start":{"line":241,"column":10},"end":{"line":261,"column":null}}],"line":240},"28":{"loc":{"start":{"line":264,"column":7},"end":{"line":305,"column":null}},"type":"binary-expr","locations":[{"start":{"line":264,"column":7},"end":{"line":264,"column":19}},{"start":{"line":264,"column":19},"end":{"line":264,"column":null}},{"start":{"line":265,"column":8},"end":{"line":305,"column":null}}],"line":264},"29":{"loc":{"start":{"line":309,"column":7},"end":{"line":325,"column":null}},"type":"binary-expr","locations":[{"start":{"line":309,"column":7},"end":{"line":309,"column":19}},{"start":{"line":309,"column":19},"end":{"line":309,"column":33}},{"start":{"line":309,"column":33},"end":{"line":309,"column":null}},{"start":{"line":310,"column":8},"end":{"line":325,"column":null}}],"line":309},"30":{"loc":{"start":{"line":311,"column":11},"end":{"line":323,"column":null}},"type":"cond-expr","locations":[{"start":{"line":312,"column":12},"end":{"line":321,"column":null}},{"start":{"line":323,"column":12},"end":{"line":323,"column":null}}],"line":311},"31":{"loc":{"start":{"line":329,"column":7},"end":{"line":379,"column":null}},"type":"binary-expr","locations":[{"start":{"line":329,"column":7},"end":{"line":329,"column":20}},{"start":{"line":329,"column":20},"end":{"line":329,"column":null}},{"start":{"line":330,"column":8},"end":{"line":379,"column":null}}],"line":329},"32":{"loc":{"start":{"line":359,"column":15},"end":{"line":375,"column":null}},"type":"binary-expr","locations":[{"start":{"line":359,"column":15},"end":{"line":359,"column":null}},{"start":{"line":360,"column":16},"end":{"line":375,"column":null}}],"line":359},"33":{"loc":{"start":{"line":361,"column":19},"end":{"line":373,"column":null}},"type":"cond-expr","locations":[{"start":{"line":362,"column":20},"end":{"line":371,"column":null}},{"start":{"line":373,"column":20},"end":{"line":373,"column":null}}],"line":361},"34":{"loc":{"start":{"line":383,"column":7},"end":{"line":410,"column":null}},"type":"binary-expr","locations":[{"start":{"line":383,"column":7},"end":{"line":383,"column":null}},{"start":{"line":384,"column":8},"end":{"line":410,"column":null}}],"line":383},"35":{"loc":{"start":{"line":387,"column":21},"end":{"line":387,"column":null}},"type":"cond-expr","locations":[{"start":{"line":387,"column":36},"end":{"line":387,"column":40}},{"start":{"line":387,"column":40},"end":{"line":387,"column":null}}],"line":387},"36":{"loc":{"start":{"line":388,"column":15},"end":{"line":388,"column":null}},"type":"cond-expr","locations":[{"start":{"line":388,"column":30},"end":{"line":388,"column":34}},{"start":{"line":388,"column":34},"end":{"line":388,"column":null}}],"line":388},"37":{"loc":{"start":{"line":394,"column":27},"end":{"line":394,"column":null}},"type":"cond-expr","locations":[{"start":{"line":394,"column":42},"end":{"line":394,"column":51}},{"start":{"line":394,"column":51},"end":{"line":394,"column":null}}],"line":394},"38":{"loc":{"start":{"line":403,"column":25},"end":{"line":403,"column":null}},"type":"cond-expr","locations":[{"start":{"line":403,"column":46},"end":{"line":403,"column":50}},{"start":{"line":403,"column":50},"end":{"line":403,"column":null}}],"line":403},"39":{"loc":{"start":{"line":404,"column":28},"end":{"line":404,"column":null}},"type":"cond-expr","locations":[{"start":{"line":404,"column":49},"end":{"line":404,"column":55}},{"start":{"line":404,"column":55},"end":{"line":404,"column":null}}],"line":404}},"s":{"0":2,"1":43,"2":43,"3":43,"4":43,"5":43,"6":43,"7":43,"8":43,"9":43,"10":4,"11":0,"12":4,"13":4,"14":32,"15":170,"16":43,"17":0,"18":0,"19":0,"20":0,"21":0,"22":0,"23":43,"24":0,"25":0,"26":0,"27":0,"28":43,"29":27,"30":27,"31":0,"32":43,"33":27,"34":0,"35":27,"36":27,"37":27,"38":43,"39":27,"40":0,"41":0,"42":0,"43":0,"44":0,"45":0,"46":0,"47":0,"48":0,"49":0,"50":0,"51":0,"52":27,"53":27,"54":27,"55":43,"56":27,"57":0,"58":0,"59":0,"60":0,"61":0,"62":0,"63":0,"64":0,"65":0,"66":0,"67":0,"68":27,"69":27,"70":27,"71":43,"72":27,"73":0,"74":0,"75":0,"76":27,"77":27,"78":27,"79":43,"80":36,"81":6,"82":30,"83":36,"84":36,"85":43,"86":120,"87":6,"88":4,"89":2,"90":1,"91":1,"92":0,"93":0,"94":3,"95":0,"96":2,"97":48,"98":1,"99":5,"100":0,"101":0,"102":0,"103":0,"104":0,"105":0,"106":0,"107":0,"108":0,"109":120,"110":2},"f":{"0":43,"1":4,"2":32,"3":170,"4":0,"5":0,"6":27,"7":27,"8":0,"9":27,"10":27,"11":0,"12":0,"13":27,"14":27,"15":0,"16":27,"17":27,"18":0,"19":27,"20":36,"21":36,"22":120,"23":6,"24":4,"25":2,"26":1,"27":0,"28":0,"29":3,"30":0,"31":2,"32":48,"33":1,"34":5,"35":0,"36":0,"37":0,"38":0,"39":0,"40":0,"41":0,"42":120},"b":{"0":[0,4],"1":[32,30],"2":[0,0],"3":[0,0],"4":[0,0],"5":[27,0],"6":[0,0],"7":[0,0],"8":[0,0],"9":[0,0],"10":[0,0],"11":[6,30],"12":[36,6],"13":[28,15],"14":[43,0],"15":[43,0],"16":[0,43],"17":[28,15],"18":[43,15],"19":[15,105],"20":[43,28,22],"21":[6,16],"22":[6,16],"23":[6,16],"24":[6,16],"25":[6,16],"26":[6,16],"27":[43,28,6],"28":[43,28,6],"29":[43,28,6,2],"30":[2,0],"31":[43,15,0],"32":[0,0],"33":[0,0],"34":[43,15],"35":[0,15],"36":[0,15],"37":[0,15],"38":[15,105],"39":[15,105]},"meta":{"lastBranch":40,"lastFunction":43,"lastStatement":111,"seen":{"s:6:17:15:Infinity":0,"f:17:9:17:18":0,"s:18:26:18:Infinity":1,"s:19:30:19:Infinity":2,"s:20:34:20:Infinity":3,"s:21:38:21:Infinity":4,"s:22:26:22:Infinity":5,"s:23:30:23:Infinity":6,"s:24:34:24:Infinity":7,"s:25:36:25:Infinity":8,"s:27:27:35:Infinity":9,"f:27:27:27:33":1,"b:28:4:28:Infinity:undefined:undefined:undefined:undefined":0,"s:28:4:28:Infinity":10,"s:28:29:28:Infinity":11,"s:30:18:30:Infinity":12,"s:31:4:34:Infinity":13,"f:31:27:31:Infinity":2,"s:32:6:33:Infinity":14,"b:32:6:32:Infinity:33:6:33:Infinity":1,"f:33:28:33:39":3,"s:33:39:33:62":15,"s:37:34:49:Infinity":16,"f:37:34:37:35":4,"s:38:4:38:Infinity":17,"s:39:4:39:Infinity":18,"s:42:20:42:Infinity":19,"b:43:4:45:Infinity:undefined:undefined:undefined:undefined":2,"s:43:4:45:Infinity":20,"s:44:6:44:Infinity":21,"s:48:4:48:Infinity":22,"s:51:31:58:Infinity":23,"f:51:31:51:32":5,"b:52:4:57:Infinity:undefined:undefined:undefined:undefined":3,"s:52:4:57:Infinity":24,"s:53:22:53:Infinity":25,"b:54:6:56:Infinity:undefined:undefined:undefined:undefined":4,"s:54:6:56:Infinity":26,"s:55:8:55:Infinity":27,"s:60:28:65:Infinity":28,"f:60:41:60:47":6,"b:61:2:63:Infinity:undefined:undefined:undefined:undefined":5,"s:61:2:63:Infinity":29,"s:62:4:62:Infinity":30,"s:64:2:64:Infinity":31,"s:67:2:71:Infinity":32,"f:67:18:67:24":7,"s:68:18:68:Infinity":33,"f:68:18:68:24":8,"s:68:24:68:Infinity":34,"s:69:4:69:Infinity":35,"s:70:4:70:Infinity":36,"f:70:11:70:17":9,"s:70:17:70:Infinity":37,"s:73:2:101:Infinity":38,"f:73:12:73:18":10,"s:74:25:97:Infinity":39,"f:74:25:74:31":11,"s:75:20:75:Infinity":40,"s:77:6:85:Infinity":41,"f:77:23:77:24":12,"s:78:24:78:Infinity":42,"b:79:8:79:Infinity:undefined:undefined:undefined:undefined":6,"s:79:8:79:Infinity":43,"s:79:22:79:Infinity":44,"s:81:20:81:Infinity":45,"b:82:8:84:Infinity:undefined:undefined:undefined:undefined":7,"s:82:8:84:Infinity":46,"s:83:10:83:Infinity":47,"s:89:8:90:Infinity":48,"b:92:6:94:Infinity:undefined:undefined:undefined:undefined":8,"s:92:6:94:Infinity":49,"s:93:8:93:Infinity":50,"s:96:6:96:Infinity":51,"s:99:4:99:Infinity":52,"s:100:4:100:Infinity":53,"f:100:11:100:17":13,"s:100:17:100:Infinity":54,"s:103:2:127:Infinity":55,"f:103:12:103:18":14,"s:104:25:123:Infinity":56,"f:104:25:104:31":15,"s:105:28:105:Infinity":57,"b:107:6:122:Infinity:111:13:122:Infinity":9,"s:107:6:122:Infinity":58,"s:109:8:109:Infinity":59,"s:110:8:110:Infinity":60,"b:113:8:121:Infinity:117:15:121:Infinity":10,"s:113:8:121:Infinity":61,"s:114:10:114:Infinity":62,"s:115:10:115:Infinity":63,"s:116:10:116:Infinity":64,"s:118:10:118:Infinity":65,"s:119:10:119:Infinity":66,"s:120:10:120:Infinity":67,"s:125:4:125:Infinity":68,"s:126:4:126:Infinity":69,"f:126:11:126:17":16,"s:126:17:126:Infinity":70,"s:129:2:141:Infinity":71,"f:129:12:129:18":17,"s:130:27:137:Infinity":72,"f:130:27:130:33":18,"s:131:24:131:Infinity":73,"s:133:8:134:Infinity":74,"s:136:6:136:Infinity":75,"s:139:4:139:Infinity":76,"s:140:4:140:Infinity":77,"f:140:11:140:17":19,"s:140:17:140:Infinity":78,"s:144:2:153:Infinity":79,"f:144:12:144:18":20,"b:145:4:149:Infinity:147:11:149:Infinity":11,"s:145:4:149:Infinity":80,"b:145:8:145:20:145:20:145:30":12,"s:146:6:146:Infinity":81,"s:148:6:148:Infinity":82,"s:150:4:152:Infinity":83,"f:150:11:150:17":21,"s:151:6:151:Infinity":84,"s:155:2:412:Infinity":85,"b:156:27:156:50:156:50:156:Infinity":13,"b:160:32:160:36:160:36:160:Infinity":14,"b:161:26:161:30:161:30:161:Infinity":15,"b:162:26:162:33:162:33:162:Infinity":16,"b:167:25:167:47:167:47:167:Infinity":17,"b:183:9:183:Infinity:184:10:195:Infinity":18,"f:184:23:184:24":22,"s:185:12:194:Infinity":86,"b:190:46:190:50:190:50:190:Infinity":19,"b:198:9:198:21:198:21:198:Infinity:199:10:236:Infinity":20,"b:202:37:202:52:202:52:202:Infinity":21,"f:203:23:203:29":23,"s:203:29:203:Infinity":87,"b:207:37:207:42:207:42:207:Infinity":22,"b:208:32:208:36:208:36:208:Infinity":23,"b:215:38:215:42:215:42:215:Infinity":24,"b:222:37:222:43:222:43:222:Infinity":25,"b:223:32:223:37:223:37:223:Infinity":26,"f:232:23:232:29":24,"s:232:29:232:Infinity":88,"b:240:9:240:21:240:21:240:Infinity:241:10:261:Infinity":27,"f:247:24:247:25":25,"s:247:31:247:Infinity":89,"f:254:23:254:29":26,"s:255:16:255:Infinity":90,"s:256:16:256:Infinity":91,"b:264:7:264:19:264:19:264:Infinity:265:8:305:Infinity":28,"f:271:19:271:25":27,"s:271:25:271:Infinity":92,"f:272:22:272:28":28,"s:272:28:272:Infinity":93,"f:280:21:280:22":29,"s:280:28:280:Infinity":94,"f:281:24:281:25":30,"s:281:31:281:Infinity":95,"f:285:23:285:29":31,"s:285:29:285:Infinity":96,"f:291:26:291:27":32,"s:292:14:302:Infinity":97,"f:299:25:299:31":33,"s:299:31:299:Infinity":98,"b:309:7:309:19:309:19:309:33:309:33:309:Infinity:310:8:325:Infinity":29,"b:312:12:321:Infinity:323:12:323:Infinity":30,"f:312:35:312:36":34,"s:313:14:320:Infinity":99,"f:316:25:316:31":35,"s:316:31:316:Infinity":100,"b:329:7:329:20:329:20:329:Infinity:330:8:379:Infinity":31,"f:330:51:330:57":36,"s:331:10:331:Infinity":101,"s:332:10:332:Infinity":102,"f:334:51:334:52":37,"s:334:58:334:Infinity":103,"f:342:28:342:29":38,"s:342:35:342:Infinity":104,"f:349:27:349:33":39,"s:350:20:350:Infinity":105,"s:351:20:351:Infinity":106,"b:359:15:359:Infinity:360:16:375:Infinity":32,"b:362:20:371:Infinity:373:20:373:Infinity":33,"f:362:43:362:44":40,"s:363:22:370:Infinity":107,"f:366:33:366:39":41,"s:366:39:366:Infinity":108,"b:383:7:383:Infinity:384:8:410:Infinity":34,"b:387:36:387:40:387:40:387:Infinity":35,"b:388:30:388:34:388:34:388:Infinity":36,"b:394:42:394:51:394:51:394:Infinity":37,"f:397:24:397:25":42,"s:398:12:408:Infinity":109,"b:403:46:403:50:403:50:403:Infinity":38,"b:404:49:404:55:404:55:404:Infinity":39,"s:416:15:683:Infinity":110}}}
,"/Users/sahilbasra/my-portfolio/src/components/ProfileCard.jsx": {"path":"/Users/sahilbasra/my-portfolio/src/components/ProfileCard.jsx","statementMap":{"0":{"start":{"line":4,"column":2},"end":{"line":51,"column":null}},"1":{"start":{"line":55,"column":15},"end":{"line":119,"column":null}}},"fnMap":{"0":{"name":"ProfileCard","decl":{"start":{"line":3,"column":9},"end":{"line":3,"column":23}},"loc":{"start":{"line":3,"column":23},"end":{"line":53,"column":null}},"line":3}},"branchMap":{},"s":{"0":11,"1":1},"f":{"0":11},"b":{},"meta":{"lastBranch":0,"lastFunction":1,"lastStatement":2,"seen":{"f:3:9:3:23":0,"s:4:2:51:Infinity":0,"s:55:15:119:Infinity":1}}}
,"/Users/sahilbasra/my-portfolio/src/components/Projects.jsx": {"path":"/Users/sahilbasra/my-portfolio/src/components/Projects.jsx","statementMap":{"0":{"start":{"line":5,"column":17},"end":{"line":27,"column":null}},"1":{"start":{"line":30,"column":29},"end":{"line":30,"column":null}},"2":{"start":{"line":32,"column":20},"end":{"line":79,"column":null}},"3":{"start":{"line":32,"column":27},"end":{"line":79,"column":null}},"4":{"start":{"line":81,"column":17},"end":{"line":81,"column":null}},"5":{"start":{"line":83,"column":2},"end":{"line":115,"column":null}},"6":{"start":{"line":97,"column":10},"end":{"line":112,"column":null}}},"fnMap":{"0":{"name":"Projects","decl":{"start":{"line":29,"column":9},"end":{"line":29,"column":20}},"loc":{"start":{"line":29,"column":20},"end":{"line":117,"column":null}},"line":29},"1":{"name":"(anonymous_1)","decl":{"start":{"line":32,"column":20},"end":{"line":32,"column":27}},"loc":{"start":{"line":32,"column":27},"end":{"line":79,"column":null}},"line":32},"2":{"name":"(anonymous_2)","decl":{"start":{"line":96,"column":22},"end":{"line":96,"column":23}},"loc":{"start":{"line":97,"column":10},"end":{"line":112,"column":null}},"line":97}},"branchMap":{"0":{"loc":{"start":{"line":34,"column":15},"end":{"line":34,"column":null}},"type":"cond-expr","locations":[{"start":{"line":34,"column":26},"end":{"line":34,"column":40}},{"start":{"line":34,"column":40},"end":{"line":34,"column":null}}],"line":34},"1":{"loc":{"start":{"line":35,"column":23},"end":{"line":35,"column":null}},"type":"cond-expr","locations":[{"start":{"line":35,"column":34},"end":{"line":35,"column":43}},{"start":{"line":35,"column":43},"end":{"line":35,"column":null}}],"line":35},"2":{"loc":{"start":{"line":38,"column":16},"end":{"line":38,"column":null}},"type":"cond-expr","locations":[{"start":{"line":38,"column":27},"end":{"line":38,"column":36}},{"start":{"line":38,"column":36},"end":{"line":38,"column":null}}],"line":38},"3":{"loc":{"start":{"line":38,"column":36},"end":{"line":38,"column":null}},"type":"cond-expr","locations":[{"start":{"line":38,"column":47},"end":{"line":38,"column":56}},{"start":{"line":38,"column":56},"end":{"line":38,"column":null}}],"line":38},"4":{"loc":{"start":{"line":47,"column":27},"end":{"line":47,"column":null}},"type":"cond-expr","locations":[{"start":{"line":47,"column":38},"end":{"line":47,"column":46}},{"start":{"line":47,"column":46},"end":{"line":47,"column":null}}],"line":47},"5":{"loc":{"start":{"line":48,"column":11},"end":{"line":48,"column":null}},"type":"cond-expr","locations":[{"start":{"line":48,"column":22},"end":{"line":48,"column":31}},{"start":{"line":48,"column":31},"end":{"line":48,"column":null}}],"line":48},"6":{"loc":{"start":{"line":51,"column":15},"end":{"line":51,"column":null}},"type":"cond-expr","locations":[{"start":{"line":51,"column":26},"end":{"line":51,"column":35}},{"start":{"line":51,"column":35},"end":{"line":51,"column":null}}],"line":51},"7":{"loc":{"start":{"line":58,"column":16},"end":{"line":58,"column":null}},"type":"cond-expr","locations":[{"start":{"line":58,"column":27},"end":{"line":58,"column":36}},{"start":{"line":58,"column":36},"end":{"line":58,"column":null}}],"line":58},"8":{"loc":{"start":{"line":63,"column":16},"end":{"line":63,"column":null}},"type":"cond-expr","locations":[{"start":{"line":63,"column":27},"end":{"line":63,"column":36}},{"start":{"line":63,"column":36},"end":{"line":63,"column":null}}],"line":63}},"s":{"0":1,"1":10,"2":10,"3":10,"4":10,"5":10,"6":30},"f":{"0":10,"1":10,"2":30},"b":{"0":[0,10],"1":[0,10],"2":[0,10],"3":[10,0],"4":[0,10],"5":[0,10],"6":[0,10],"7":[0,10],"8":[0,10]},"meta":{"lastBranch":9,"lastFunction":3,"lastStatement":7,"seen":{"s:5:17:27:Infinity":0,"f:29:9:29:20":0,"s:30:29:30:Infinity":1,"s:32:20:79:Infinity":2,"f:32:20:32:27":1,"s:32:27:79:Infinity":3,"b:34:26:34:40:34:40:34:Infinity":0,"b:35:34:35:43:35:43:35:Infinity":1,"b:38:27:38:36:38:36:38:Infinity":2,"b:38:47:38:56:38:56:38:Infinity":3,"b:47:38:47:46:47:46:47:Infinity":4,"b:48:22:48:31:48:31:48:Infinity":5,"b:51:26:51:35:51:35:51:Infinity":6,"b:58:27:58:36:58:36:58:Infinity":7,"b:63:27:63:36:63:36:63:Infinity":8,"s:81:17:81:Infinity":4,"s:83:2:115:Infinity":5,"f:96:22:96:23":2,"s:97:10:112:Infinity":6}}}
,"/Users/sahilbasra/my-portfolio/src/components/Skills.jsx": {"path":"/Users/sahilbasra/my-portfolio/src/components/Skills.jsx","statementMap":{"0":{"start":{"line":5,"column":15},"end":{"line":28,"column":null}},"1":{"start":{"line":31,"column":29},"end":{"line":31,"column":null}},"2":{"start":{"line":33,"column":20},"end":{"line":68,"column":null}},"3":{"start":{"line":33,"column":27},"end":{"line":68,"column":null}},"4":{"start":{"line":70,"column":17},"end":{"line":70,"column":null}},"5":{"start":{"line":72,"column":2},"end":{"line":103,"column":null}},"6":{"start":{"line":96,"column":12},"end":{"line":99,"column":null}}},"fnMap":{"0":{"name":"Skills","decl":{"start":{"line":30,"column":9},"end":{"line":30,"column":18}},"loc":{"start":{"line":30,"column":18},"end":{"line":105,"column":null}},"line":30},"1":{"name":"(anonymous_1)","decl":{"start":{"line":33,"column":20},"end":{"line":33,"column":27}},"loc":{"start":{"line":33,"column":27},"end":{"line":68,"column":null}},"line":33},"2":{"name":"(anonymous_2)","decl":{"start":{"line":95,"column":22},"end":{"line":95,"column":23}},"loc":{"start":{"line":96,"column":12},"end":{"line":99,"column":null}},"line":96}},"branchMap":{"0":{"loc":{"start":{"line":35,"column":15},"end":{"line":35,"column":null}},"type":"cond-expr","locations":[{"start":{"line":35,"column":26},"end":{"line":35,"column":40}},{"start":{"line":35,"column":40},"end":{"line":35,"column":null}}],"line":35},"1":{"loc":{"start":{"line":36,"column":23},"end":{"line":36,"column":null}},"type":"cond-expr","locations":[{"start":{"line":36,"column":34},"end":{"line":36,"column":43}},{"start":{"line":36,"column":43},"end":{"line":36,"column":null}}],"line":36},"2":{"loc":{"start":{"line":39,"column":16},"end":{"line":39,"column":null}},"type":"cond-expr","locations":[{"start":{"line":39,"column":27},"end":{"line":39,"column":36}},{"start":{"line":39,"column":36},"end":{"line":39,"column":null}}],"line":39},"3":{"loc":{"start":{"line":39,"column":36},"end":{"line":39,"column":null}},"type":"cond-expr","locations":[{"start":{"line":39,"column":47},"end":{"line":39,"column":56}},{"start":{"line":39,"column":56},"end":{"line":39,"column":null}}],"line":39},"4":{"loc":{"start":{"line":48,"column":15},"end":{"line":48,"column":null}},"type":"cond-expr","locations":[{"start":{"line":48,"column":26},"end":{"line":48,"column":35}},{"start":{"line":48,"column":35},"end":{"line":48,"column":null}}],"line":48},"5":{"loc":{"start":{"line":56,"column":11},"end":{"line":56,"column":null}},"type":"cond-expr","locations":[{"start":{"line":56,"column":22},"end":{"line":56,"column":35}},{"start":{"line":56,"column":35},"end":{"line":56,"column":null}}],"line":56},"6":{"loc":{"start":{"line":58,"column":16},"end":{"line":58,"column":null}},"type":"cond-expr","locations":[{"start":{"line":58,"column":27},"end":{"line":58,"column":36}},{"start":{"line":58,"column":36},"end":{"line":58,"column":null}}],"line":58},"7":{"loc":{"start":{"line":98,"column":15},"end":{"line":98,"column":null}},"type":"binary-expr","locations":[{"start":{"line":98,"column":15},"end":{"line":98,"column":44}},{"start":{"line":98,"column":44},"end":{"line":98,"column":null}}],"line":98}},"s":{"0":1,"1":6,"2":6,"3":6,"4":6,"5":6,"6":132},"f":{"0":6,"1":6,"2":132},"b":{"0":[0,6],"1":[0,6],"2":[0,6],"3":[6,0],"4":[0,6],"5":[0,6],"6":[0,6],"7":[132,126]},"meta":{"lastBranch":8,"lastFunction":3,"lastStatement":7,"seen":{"s:5:15:28:Infinity":0,"f:30:9:30:18":0,"s:31:29:31:Infinity":1,"s:33:20:68:Infinity":2,"f:33:20:33:27":1,"s:33:27:68:Infinity":3,"b:35:26:35:40:35:40:35:Infinity":0,"b:36:34:36:43:36:43:36:Infinity":1,"b:39:27:39:36:39:36:39:Infinity":2,"b:39:47:39:56:39:56:39:In
[...]
n":23},"end":{"line":182,"column":24}},"loc":{"start":{"line":182,"column":30},"end":{"line":185,"column":null}},"line":182}},"branchMap":{"0":{"loc":{"start":{"line":43,"column":15},"end":{"line":43,"column":null}},"type":"cond-expr","locations":[{"start":{"line":43,"column":26},"end":{"line":43,"column":40}},{"start":{"line":43,"column":40},"end":{"line":43,"column":null}}],"line":43},"1":{"loc":{"start":{"line":45,"column":23},"end":{"line":45,"column":null}},"type":"cond-expr","locations":[{"start":{"line":45,"column":34},"end":{"line":45,"column":43}},{"start":{"line":45,"column":43},"end":{"line":45,"column":null}}],"line":45},"2":{"loc":{"start":{"line":48,"column":16},"end":{"line":48,"column":null}},"type":"cond-expr","locations":[{"start":{"line":48,"column":27},"end":{"line":48,"column":36}},{"start":{"line":48,"column":36},"end":{"line":48,"column":null}}],"line":48},"3":{"loc":{"start":{"line":48,"column":36},"end":{"line":48,"column":null}},"type":"cond-expr","locations":[{"start":{"line":48,"column":47},"end":{"line":48,"column":56}},{"start":{"line":48,"column":56},"end":{"line":48,"column":null}}],"line":48},"4":{"loc":{"start":{"line":56,"column":15},"end":{"line":56,"column":null}},"type":"cond-expr","locations":[{"start":{"line":56,"column":26},"end":{"line":56,"column":35}},{"start":{"line":56,"column":35},"end":{"line":56,"column":null}}],"line":56},"5":{"loc":{"start":{"line":61,"column":11},"end":{"line":61,"column":null}},"type":"cond-expr","locations":[{"start":{"line":61,"column":22},"end":{"line":61,"column":31}},{"start":{"line":61,"column":31},"end":{"line":61,"column":null}}],"line":61},"6":{"loc":{"start":{"line":65,"column":15},"end":{"line":65,"column":null}},"type":"cond-expr","locations":[{"start":{"line":65,"column":26},"end":{"line":65,"column":50}},{"start":{"line":65,"column":50},"end":{"line":65,"column":null}}],"line":65},"7":{"loc":{"start":{"line":76,"column":11},"end":{"line":76,"column":null}},"type":"cond-expr","locations":[{"start":{"line":76,"column":22},"end":{"line":76,"column":31}},{"start":{"line":76,"column":31},"end":{"line":76,"column":null}}],"line":76},"8":{"loc":{"start":{"line":77,"column":12},"end":{"line":77,"column":null}},"type":"cond-expr","locations":[{"start":{"line":77,"column":23},"end":{"line":77,"column":32}},{"start":{"line":77,"column":32},"end":{"line":77,"column":null}}],"line":77},"9":{"loc":{"start":{"line":78,"column":13},"end":{"line":78,"column":null}},"type":"cond-expr","locations":[{"start":{"line":78,"column":24},"end":{"line":78,"column":33}},{"start":{"line":78,"column":33},"end":{"line":78,"column":null}}],"line":78},"10":{"loc":{"start":{"line":79,"column":14},"end":{"line":79,"column":null}},"type":"cond-expr","locations":[{"start":{"line":79,"column":25},"end":{"line":79,"column":34}},{"start":{"line":79,"column":34},"end":{"line":79,"column":null}}],"line":79},"11":{"loc":{"start":{"line":82,"column":16},"end":{"line":82,"column":null}},"type":"cond-expr","locations":[{"start":{"line":82,"column":27},"end":{"line":82,"column":36}},{"start":{"line":82,"column":36},"end":{"line":82,"column":null}}],"line":82},"12":{"loc":{"start":{"line":90,"column":11},"end":{"line":90,"column":null}},"type":"cond-expr","locations":[{"start":{"line":90,"column":22},"end":{"line":90,"column":31}},{"start":{"line":90,"column":31},"end":{"line":90,"column":null}}],"line":90},"13":{"loc":{"start":{"line":91,"column":13},"end":{"line":91,"column":null}},"type":"cond-expr","locations":[{"start":{"line":91,"column":24},"end":{"line":91,"column":33}},{"start":{"line":91,"column":33},"end":{"line":91,"column":null}}],"line":91},"14":{"loc":{"start":{"line":101,"column":16},"end":{"line":101,"column":null}},"type":"cond-expr","locations":[{"start":{"line":101,"column":27},"end":{"line":101,"column":36}},{"start":{"line":101,"column":36},"end":{"line":101,"column":null}}],"line":101},"15":{"loc":{"start":{"line":106,"column":16},"end":{"line":106,"column":null}},"type":"cond-expr","locations":[{"start":{"line":106,"column":27},"end":{"line":106,"column":36}},{"start":{"line":106,"column":36},"end":{"line":106,"column":null}}],"line":106},"16":{"loc":{"start":{"line":113,"column":16},"end":{"line":113,"column":null}},"type":"cond-expr","locations":[{"start":{"line":113,"column":27},"end":{"line":113,"column":36}},{"start":{"line":113,"column":36},"end":{"line":113,"column":null}}],"line":113},"17":{"loc":{"start":{"line":120,"column":16},"end":{"line":120,"column":null}},"type":"cond-expr","locations":[{"start":{"line":120,"column":27},"end":{"line":120,"column":36}},{"start":{"line":120,"column":36},"end":{"line":120,"column":null}}],"line":120},"18":{"loc":{"start":{"line":125,"column":16},"end":{"line":125,"column":null}},"type":"cond-expr","locations":[{"start":{"line":125,"column":27},"end":{"line":125,"column":36}},{"start":{"line":125,"column":36},"end":{"line":125,"column":null}}],"line":125},"19":{"loc":{"start":{"line":159,"column":27},"end":{"line":159,"column":61}},"type":"cond-expr","locations":[{"start":{"line":159,"column":49},"end":{"line":159,"column":56}},{"start":{"line":159,"column":56},"end":{"line":159,"column":61}}],"line":159},"20":{"loc":{"start":{"line":184,"column":29},"end":{"line":184,"column":63}},"type":"cond-expr","locations":[{"start":{"line":184,"column":51},"end":{"line":184,"column":58}},{"start":{"line":184,"column":58},"end":{"line":184,"column":63}}],"line":184},"21":{"loc":{"start":{"line":186,"column":33},"end":{"line":186,"column":63}},"type":"cond-expr","locations":[{"start":{"line":186,"column":55},"end":{"line":186,"column":61}},{"start":{"line":186,"column":61},"end":{"line":186,"column":63}}],"line":186},"22":{"loc":{"start":{"line":211,"column":13},"end":{"line":219,"column":null}},"type":"binary-expr","locations":[{"start":{"line":211,"column":13},"end":{"line":211,"column":null}},{"start":{"line":212,"column":14},"end":{"line":219,"column":null}}],"line":211}},"s":{"0":1,"1":10,"2":10,"3":10,"4":10,"5":10,"6":10,"7":40,"8":3,"9":0,"10":0},"f":{"0":10,"1":10,"2":40,"3":3,"4":0},"b":{"0":[0,10],"1":[0,10],"2":[0,10],"3":[10,0],"4":[0,10],"5":[0,10],"6":[0,10],"7":[0,10],"8":[0,10],"9":[0,10],"10":[0,10],"11":[0,10],"12":[0,10],"13":[0,10],"14":[0,10],"15":[0,10],"16":[0,10],"17":[0,10],"18":[0,10],"19":[1,2],"20":[0,0],"21":[2,38],"22":[40,2]},"meta":{"lastBranch":23,"lastFunction":5,"lastStatement":11,"seen":{"s:6:17:35:Infinity":0,"f:37:9:37:20":0,"s:38:32:38:Infinity":1,"s:39:29:39:Infinity":2,"s:41:20:130:Infinity":3,"f:41:20:41:27":1,"s:41:27:130:Infinity":4,"b:43:26:43:40:43:40:43:Infinity":0,"b:45:34:45:43:45:43:45:Infinity":1,"b:48:27:48:36:48:36:48:Infinity":2,"b:48:47:48:56:48:56:48:Infinity":3,"b:56:26:56:35:56:35:56:Infinity":4,"b:61:22:61:31:61:31:61:Infinity":5,"b:65:26:65:50:65:50:65:Infinity":6,"b:76:22:76:31:76:31:76:Infinity":7,"b:77:23:77:32:77:32:77:Infinity":8,"b:78:24:78:33:78:33:78:Infinity":9,"b:79:25:79:34:79:34:79:Infinity":10,"b:82:27:82:36:82:36:82:Infinity":11,"b:90:22:90:31:90:31:90:Infinity":12,"b:91:24:91:33:91:33:91:Infinity":13,"b:101:27:101:36:101:36:101:Infinity":14,"b:106:27:106:36:106:36:106:Infinity":15,"b:113:27:113:36:113:36:113:Infinity":16,"b:120:27:120:36:120:36:120:Infinity":17,"b:125:27:125:36:125:36:125:Infinity":18,"s:132:17:132:Infinity":5,"s:134:2:224:Infinity":6,"f:155:22:155:23":2,"s:156:10:221:Infinity":7,"f:158:21:158:Infinity":3,"s:159:14:159:Infinity":8,"b:159:49:159:56:159:56:159:61":19,"f:182:23:182:24":4,"s:183:16:183:Infinity":9,"s:184:16:184:Infinity":10,"b:184:51:184:58:184:58:184:63":20,"b:186:55:186:61:186:61:186:63":21,"b:211:13:211:Infinity:212:14:219:Infinity":22}}}
,"/Users/sahilbasra/my-portfolio/src/components/Tools.jsx": {"path":"/Users/sahilbasra/my-portfolio/src/components/Tools.jsx","statementMap":{"0":{"start":{"line":5,"column":14},"end":{"line":15,"column":null}},"1":{"start":{"line":18,"column":29},"end":{"line":18,"column":null}},"2":{"start":{"line":20,"column":20},"end":{"line":53,"column":null}},"3":{"start":{"line":20,"column":27},"end":{"line":53,"column":null}},"4":{"start":{"line":55,"column":17},"end":{"line":55,"column":null}},"5":{"start":{"line":57,"column":2},"end":{"line":85,"column":null}},"6":{"start":{"line":79,"column":12},"end":{"line":81,"column":null}}},"fnMap":{"0":{"name":"Tools","decl":{"start":{"line":17,"column":9},"end":{"line":17,"column":17}},"loc":{"start":{"line":17,"column":17},"end":{"line":87,"column":null}},"line":17},"1":{"name":"(anonymous_1)","decl":{"start":{"line":20,"column":20},"end":{"line":20,"column":27}},"loc":{"start":{"line":20,"column":27},"end":{"line":53,"column":null}},"line":20},"2":{"name":"(anonymous_2)","decl":{"start":{"line":78,"column":21},"end":{"line":78,"column":22}},"loc":{"start":{"line":79,"column":12},"end":{"line":81,"column":null}},"line":79}},"branchMap":{"0":{"loc":{"start":{"line":22,"column":15},"end":{"line":22,"column":null}},"type":"cond-expr","locations":[{"start":{"line":22,"column":26},"end":{"line":22,"column":40}},{"start":{"line":22,"column":40},"end":{"line":22,"column":null}}],"line":22},"1":{"loc":{"start":{"line":23,"column":23},"end":{"line":23,"column":null}},"type":"cond-expr","locations":[{"start":{"line":23,"column":34},"end":{"line":23,"column":43}},{"start":{"line":23,"column":43},"end":{"line":23,"column":null}}],"line":23},"2":{"loc":{"start":{"line":26,"column":16},"end":{"line":26,"column":null}},"type":"cond-expr","locations":[{"start":{"line":26,"column":27},"end":{"line":26,"column":36}},{"start":{"line":26,"column":36},"end":{"line":26,"column":null}}],"line":26},"3":{"loc":{"start":{"line":26,"column":36},"end":{"line":26,"column":null}},"type":"cond-expr","locations":[{"start":{"line":26,"column":47},"end":{"line":26,"column":56}},{"start":{"line":26,"column":56},"end":{"line":26,"column":null}}],"line":26},"4":{"loc":{"start":{"line":33,"column":15},"end":{"line":33,"column":null}},"type":"cond-expr","locations":[{"start":{"line":33,"column":26},"end":{"line":33,"column":35}},{"start":{"line":33,"column":35},"end":{"line":33,"column":null}}],"line":33},"5":{"loc":{"start":{"line":41,"column":11},"end":{"line":41,"column":null}},"type":"cond-expr","locations":[{"start":{"line":41,"column":22},"end":{"line":41,"column":30}},{"start":{"line":41,"column":30},"end":{"line":41,"column":null}}],"line":41},"6":{"loc":{"start":{"line":45,"column":15},"end":{"line":45,"column":null}},"type":"cond-expr","locations":[{"start":{"line":45,"column":26},"end":{"line":45,"column":39}},{"start":{"line":45,"column":39},"end":{"line":45,"column":null}}],"line":45},"7":{"loc":{"start":{"line":49,"column":16},"end":{"line":49,"column":null}},"type":"cond-expr","locations":[{"start":{"line":49,"column":27},"end":{"line":49,"column":36}},{"start":{"line":49,"column":36},"end":{"line":49,"column":null}}],"line":49}},"s":{"0":1,"1":5,"2":5,"3":5,"4":5,"5":5,"6":45},"f":{"0":5,"1":5,"2":45},"b":{"0":[0,5],"1":[0,5],"2":[0,5],"3":[5,0],"4":[0,5],"5":[0,5],"6":[0,5],"7":[0,5]},"meta":{"lastBranch":8,"lastFunction":3,"lastStatement":7,"seen":{"s:5:14:15:Infinity":0,"f:17:9:17:17":0,"s:18:29:18:Infinity":1,"s:20:20:53:Infinity":2,"f:20:20:20:27":1,"s:20:27:53:Infinity":3,"b:22:26:22:40:22:40:22:Infinity":0,"b:23:34:23:43:23:43:23:Infinity":1,"b:26:27:26:36:26:36:26:Infinity":2,"b:26:47:26:56:26:56:26:Infinity":3,"b:33:26:33:35:33:35:33:Infinity":4,"b:41:22:41:30:41:30:41:Infinity":5,"b:45:26:45:39:45:39:45:Infinity":6,"b:49:27:49:36:49:36:49:Infinity":7,"s:55:17:55:Infinity":4,"s:57:2:85:Infinity":5,"f:78:21:78:22":2,"s:79:12:81:Infinity":6}}}
,"/Users/sahilbasra/my-portfolio/src/components/WhatsAppButton.jsx": {"path":"/Users/sahilbasra/my-portfolio/src/components/WhatsAppButton.jsx","statementMap":{"0":{"start":{"line":5,"column":19},"end":{"line":5,"column":null}},"1":{"start":{"line":9,"column":22},"end":{"line":9,"column":null}},"2":{"start":{"line":11,"column":22},"end":{"line":13,"column":null}},"3":{"start":{"line":12,"column":4},"end":{"line":12,"column":null}},"4":{"start":{"line":15,"column":17},"end":{"line":38,"column":null}},"5":{"start":{"line":40,"column":2},"end":{"line":58,"column":null}}},"fnMap":{"0":{"name":"WhatsAppButton","decl":{"start":{"line":4,"column":9},"end":{"line":4,"column":26}},"loc":{"start":{"line":4,"column":26},"end":{"line":60,"column":null}},"line":4},"1":{"name":"(anonymous_1)","decl":{"start":{"line":11,"column":22},"end":{"line":11,"column":28}},"loc":{"start":{"line":11,"column":28},"end":{"line":13,"column":null}},"line":11}},"branchMap":{"0":{"loc":{"start":{"line":18,"column":14},"end":{"line":18,"column":null}},"type":"cond-expr","locations":[{"start":{"line":18,"column":25},"end":{"line":18,"column":34}},{"start":{"line":18,"column":34},"end":{"line":18,"column":null}}],"line":18},"1":{"loc":{"start":{"line":19,"column":13},"end":{"line":19,"column":null}},"type":"cond-expr","locations":[{"start":{"line":19,"column":24},"end":{"line":19,"column":33}},{"start":{"line":19,"column":33},"end":{"line":19,"column":null}}],"line":19},"2":{"loc":{"start":{"line":20,"column":13},"end":{"line":20,"column":null}},"type":"cond-expr","locations":[{"start":{"line":20,"column":24},"end":{"line":20,"column":33}},{"start":{"line":20,"column":33},"end":{"line":20,"column":null}}],"line":20},"3":{"loc":{"start":{"line":21,"column":14},"end":{"line":21,"column":null}},"type":"cond-expr","locations":[{"start":{"line":21,"column":25},"end":{"line":21,"column":34}},{"start":{"line":21,"column":34},"end":{"line":21,"column":null}}],"line":21},"4":{"loc":{"start":{"line":34,"column":13},"end":{"line":34,"column":null}},"type":"cond-expr","locations":[{"start":{"line":34,"column":24},"end":{"line":34,"column":33}},{"start":{"line":34,"column":33},"end":{"line":34,"column":null}}],"line":34},"5":{"loc":{"start":{"line":35,"column":14},"end":{"line":35,"column":null}},"type":"cond-expr","locations":[{"start":{"line":35,"column":25},"end":{"line":35,"column":34}},{"start":{"line":35,"column":34},"end":{"line":35,"column":null}}],"line":35}},"s":{"0":8,"1":8,"2":8,"3":1,"4":8,"5":8},"f":{"0":8,"1":1},"b":{"0":[0,8],"1":[0,8],"2":[0,8],"3":[0,8],"4":[0,8],"5":[0,8]},"meta":{"lastBranch":6,"lastFunction":2,"lastStatement":6,"seen":{"f:4:9:4:26":0,"s:5:19:5:Infinity":0,"s:9:22:9:Infinity":1,"s:11:22:13:Infinity":2,"f:11:22:11:28":1,"s:12:4:12:Infinity":3,"s:15:17:38:Infinity":4,"b:18:25:18:34:18:34:18:Infinity":0,"b:19:24:19:33:19:33:19:Infinity":1,"b:20:24:20:33:20:33:20:Infinity":2,"b:21:25:21:34:21:34:21:Infinity":3,"b:34:24:34:33:34:33:34:Infinity":4,"b:35:25:35:34:35:34:35:Infinity":5,"s:40:2:58:Infinity":5}}}
,"/Users/sahilbasra/my-portfolio/src/hooks/useResponsive.js": {"path":"/Users/sahilbasra/my-portfolio/src/hooks/useResponsive.js","statementMap":{"0":{"start":{"line":3,"column":29},"end":{"line":28,"column":1}},"1":{"start":{"line":4,"column":37},"end":{"line":7,"column":4}},"2":{"start":{"line":9,"column":1},"end":{"line":19,"column":null}},"3":{"start":{"line":10,"column":25},"end":{"line":15,"column":5}},"4":{"start":{"line":11,"column":6},"end":{"line":14,"column":null}},"5":{"start":{"line":17,"column":4},"end":{"line":17,"column":null}},"6":{"start":{"line":18,"column":4},"end":{"line":18,"column":null}},"7":{"start":{"line":18,"column":17},"end":{"line":18,"column":67}},"8":{"start":{"line":21,"column":2},"end":{"line":27,"column":null}},"9":{"start":{"line":31,"column":26},"end":{"line":39,"column":1}},"10":{"start":{"line":32,"column":2},"end":{"line":32,"column":null}},"11":{"start":{"line":32,"column":37},"end":{"line":32,"column":null}},"12":{"start":{"line":34,"column":16},"end":{"line":34,"column":33}},"13":{"start":{"line":36,"column":2},"end":{"line":36,"column":null}},"14":{"start":{"line":36,"column":30},"end":{"line":36,"column":null}},"15":{"start":{"line":37,"column":2},"end":{"line":37,"column":null}},"16":{"start":{"line":37,"column":46},"end":{"line":37,"column":null}},"17":{"start":{"line":38,"column":2},"end":{"line":38,"column":null}}},"fnMap":{"0":{"name":"(anonymous_0)","decl":{"start":{"line":3,"column":29},"end":{"line":3,"column":30}},"loc":{"start":{"line":3,"column":35},"end":{"line":28,"column":1}},"line":3},"1":{"name":"(anonymous_1)","decl":{"start":{"line":9,"column":12},"end":{"line":9,"column":13}},"loc":{"start":{"line":9,"column":18},"end":{"line":19,"column":3}},"line":9},"2":{"name":"(anonymous_2)","decl":{"start":{"line":10,"column":25},"end":{"line":10,"column":26}},"loc":{"start":{"line":10,"column":31},"end":{"line":15,"column":5}},"line":10},"3":{"name":"(anonymous_3)","decl":{"start":{"line":18,"column":11},"end":{"line":18,"column":12}},"loc":{"start":{"line":18,"column":17},"end":{"line":18,"column":67}},"line":18},"4":{"name":"(anonymous_4)","decl":{"start":{"line":31,"column":26},"end":{"line":31,"column":27}},"loc":{"start":{"line":31,"column":52},"end":{"line":39,"column":1}},"line":31}},"branchMap":{"0":{"loc":{"start":{"line":5,"column":11},"end":{"line":5,"column":67}},"type":"cond-expr","locations":[{"start":{"line":5,"column":43},"end":{"line":5,"column":60}},{"start":{"line":5,"column":63},"end":{"line":5,"column":67}}],"line":5},"1":{"loc":{"start":{"line":6,"column":12},"end":{"line":6,"column":68}},"type":"cond-expr","locations":[{"start":{"line":6,"column":44},"end":{"line":6,"column":62}},{"start":{"line":6,"column":65},"end":{"line":6,"column":68}}],"line":6},"2":{"loc":{"start":{"line":23,"column":14},"end":{"line":23,"column":64}},"type":"binary-expr","locations":[{"start":{"line":23,"column":14},"end":{"line":23,"column":36}},{"start":{"line":23,"column":40},"end":{"line":23,"column":64}}],"line":23},"3":{"loc":{"start":{"line":32,"column":2},"end":{"line":32,"column":null}},"type":"if","locations":[{"start":{"line":32,"column":2},"end":{"line":32,"column":null}},{"start":{},"end":{}}],"line":32},"4":{"loc":{"start":{"line":36,"column":2},"end":{"line":36,"column":null}},"type":"if","locations":[{"start":{"line":36,"column":2},"end":{"line":36,"column":null}},{"start":{},"end":{}}],"line":36},"5":{"loc":{"start":{"line":36,"column":6},"end":{"line":36,"column":28}},"type":"binary-expr","locations":[{"start":{"line":36,"column":6},"end":{"line":36,"column":18}},{"start":{"line":36,"column":22},"end":{"line":36,"column":28}}],"line":36},"6":{"loc":{"start":{"line":37,"column":2},"end":{"line":37,"column":null}},"type":"if","locations":[{"start":{"line":37,"column":2},"end":{"line":37,"column":null}},{"start":{},"end":{}}],"line":37},"7":{"loc":{"start":{"line":37,"column":6},"end":{"line":37,"column":44}},"type":"binary-expr","locations":[{"start":{"line":37,"column":6},"end":{"line":37,"column":17}},{"start":{"line":37,"column":21},"end":{"line":37,"column":34}},{"start":{"line":37,"column":38},"end":{"line":37,"column":44}}],"line":37}},"s":{"0":10,"1":95,"2":95,"3":69,"4":0,"5":69,"6":69,"7":69,"8":95,"9":10,"10":0,"11":0,"12":0,"13":0,"14":0,"15":0,"16":0,"17":0},"f":{"0":95,"1":69,"2":0,"3":69,"4":0},"b":{"0":[95,0],"1":[95,0],"2":[95,95],"3":[0,0],"4":[0,0],"5":[0,0],"6":[0,0],"7":[0,0,0]},"meta":{"lastBranch":8,"lastFunction":5,"lastStatement":18,"seen":{"s:3:29:28:1":0,"f:3:29:3:30":0,"s:4:37:7:4":1,"b:5:43:5:60:5:63:5:67":0,"b:6:44:6:62:6:65:6:68":1,"s:9:1:19:Infinity":2,"f:9:12:9:13":1,"s:10:25:15:5":3,"f:10:25:10:26":2,"s:11:6:14:Infinity":4,"s:17:4:17:Infinity":5,"s:18:4:18:Infinity":6,"f:18:11:18:12":3,"s:18:17:18:67":7,"s:21:2:27:Infinity":8,"b:23:14:23:36:23:40:23:64":2,"s:31:26:39:1":9,"f:31:26:31:27":4,"b:32:2:32:Infinity:undefined:undefined:undefined:undefined":3,"s:32:2:32:Infinity":10,"s:32:37:32:Infinity":11,"s:34:16:34:33":12,"b:36:2:36:Infinity:undefined:undefined:undefined:undefined":4,"s:36:2:36:Infinity":13,"b:36:6:36:18:36:22:36:28":5,"s:36:30:36:Infinity":14,"b:37:2:37:Infinity:undefined:undefined:undefined:undefined":6,"s:37:2:37:Infinity":15,"b:37:6:37:17:37:21:37:34:37:38:37:44":7,"s:37:46:37:Infinity":16,"s:38:2:38:Infinity":17}}}
}
